<!DOCTYPE html>
<html lang="en">
  <head>
    <meta charset="utf-8"/>
    <meta name="viewport" content="width=device-width, initial-scale=1, shrink-to-fit=no"/>
    <link rel="stylesheet" href="res/bootstrap.min.css" type="text/css"/>
    <link rel="stylesheet" href="res/karate-report.css" type="text/css"/>
    <link rel="shortcut icon" href="favicon.ico"/>
    <script type="text/javascript" src="res/jquery.min.js"></script>
    <script type="text/javascript" src="res/jquery.tablesorter.min.js"></script>
    <script type="text/javascript" src="res/jquery-ui.min.js"></script>
    <script type="text/javascript" src="res/bootstrap.min.js"></script>
    <script type="text/javascript" src="res/karate-report.js"></script>
    <script type="text/javascript" src="res/Resemble.js"></script>
    <script>
!function(t,e){var o,n,p,r;e.__SV||(window.posthog=e,e._i=[],e.init=function(i,s,a){function g(t,e){var o=e.split(".");2==o.length&&(t=t[o[0]],e=o[1]),t[e]=function(){t.push([e].concat(Array.prototype.slice.call(arguments,0)))}}(p=t.createElement("script")).type="text/javascript",p.async=!0,p.src=s.api_host+"/static/array.js",(r=t.getElementsByTagName("script")[0]).parentNode.insertBefore(p,r);var u=e;for(void 0!==a?u=e[a]=[]:a="posthog",u.people=u.people||[],u.toString=function(t){var e="posthog";return"posthog"!==a&&(e+="."+a),t||(e+=" (stub)"),e},u.people.toString=function(){return u.toString(1)+".people (stub)"},o="capture identify alias people.set people.set_once set_config register register_once unregister opt_out_capturing has_opted_out_capturing opt_in_capturing reset isFeatureEnabled onFeatureFlags".split(" "),n=0;n<o.length;n++)g(u,o[n]);e._i.push([i,s,a])},e.__SV=1)}(document,window.posthog||[]);
posthog.init('phc_M6fKk3dSX9HjglkqPSybauGas45NINb7EgsPGU8N9g1',{
  api_host:'https://app.posthog.com',
  persistence:'localStorage',
  autocapture:false,
  capture_pageview:false,
  api_transport:'sendBeacon',
  loaded: function(posthog) { 
    posthog.capture("report_feature",{distinct_id:"bbedb6ad-8d9c-4652-b8df-bb64197ab12f",karate_version:"1.4.0",karate_meta:null});
  }
});
</script>

    <title>examples.features.tockenGeneration</title>
  </head>
  <body>
    <div id="root-container">
      <div id="leftnav">
        
        <div>
  <div class="nav-logo">
    <a href="https://karatelabs.io">
      <img src="karate-labs-logo-ring.svg" alt="Karate Labs"/>
    </a>
    <div class="nav-count">
      <div id="nav-pass" class="bg-success">0</div>
      <div id="nav-fail" class="bg-danger">1</div>
    </div>
  </div>
  <div id="nav-env">
    <div></div>
  </div>
  <div id="nav-type">
    <div>Scenarios</div>
  </div>
  <div id="nav-date">
    <div>2023-08-07 05:44:29 PM</div>
  </div>
</div>

        <div class="nav-container">
          <div class="nav-item failed">
            <a href="#[1:4]"><span>[1:4]</span> <span>Get access_token for all other API</span></a>
          </div>
        </div>
      </div>
      <div id="content">
        <div class="page-heading alert alert-primary">
          <a href="karate-summary.html">Summary</a><span class="feature-label">|</span>
          <a href="karate-tags.html">Tags</a><span class="feature-label">|</span>
          <span class="feature-label">Feature:</span>
          <span class="feature-path">examples/features/tockenGeneration.feature</span><span class="feature-label">|</span>
          <span class="feature-name">Creation of access token</span>
          <span class="feature-description"></span>
        </div>
        <div class="scenario">
          <div class="scenario-heading" id="[1:4]">
            <div class="heading-container">
              <div class="scenario-tags">
                <a class="badge badge-primary" href="karate-tags.html">tag1</a>
              </div>
              <div class="scenario-keyword">
                Scenario: <span>[1:4]</span>
                <span class="scenario-name">Get access_token for all other API</span>
                <span></span>
              </div>
            </div>
            <div class="scenario-time failed">
              <span>ms:</span>&nbsp;<span>0</span>
            </div>
          </div>
          
          <div><div>
  

  

  <div class="step-row">
    <div class="step-container" id="0.5">
      <div class="step-ref failed">5</div>
      
      <div class="step-cell failed">
        <span>Given</span>&nbsp;<span>url &#39;https://login.microsoftonline.com/2c7b7803-cee7-428b-8bc7-db9705d09fa6/oauth2/v2.0/token&#39;</span>
      </div>
    </div>
    <div class="time-cell failed">0</div>
  </div>

   
  
  

  

  <div class="preformatted" data-parent="0.5">17:44:29.517 classpath:examples/features/tockenGeneration.feature:5
Given url &#39;https://login.microsoftonline.com/2c7b7803-cee7-428b-8bc7-db9705d09fa6/oauth2/v2.0/token&#39;
&gt;&gt; classpath:examples/features/tockenGeneration.feature:4
&gt;&gt; karate-config.js failed
&gt;&gt; http call failed after 40 milliseconds for url: https://restful-booker.herokuapp.com/auth
javax.net.ssl.SSLHandshakeException: PKIX path building failed: sun.security.provider.certpath.SunCertPathBuilderException: unable to find valid certification path to requested target
classpath:examples/features/tockenGeneration1.feature:16
js failed:
&gt;&gt;&gt;&gt;
01: function fn() {    
02:   var env = karate.env; // get system property &#39;karate.env&#39;
03:   var myToken = karate.callonce(&#39;classpath:examples/features/tockenGeneration1.feature&#39;);
04:   karate.log(&#39;karate.env system property was:&#39;, env);
05:   if (!env) {
06:     env = &#39;QA&#39;;
07:   }
08: 
09:   var config = {
10:     env: env,
11: 	myVarName: &#39;someValue&#39;,
12: 
13:         getToken:myToken,
14:     	BaseURL: &#39;https://dtaccpqamgmt.azure-api.net&#39;,
15:     	BaseURI:&#39;https://gorest.co.in&#39;,
16:     	accessToken:&#39;081a3da7d0c5c7962c38851f5671863190194dceb1095d24d9b040c5081f78dc&#39;,
17:     	client_idV:&#39;fa54abbf-c88d-4d72-a586-6b8ef229a589&#39;,
18:     	scopeV: &#39;https://truckonnect.onmicrosoft.com/55f698e1-251e-4aa9-87e4-3025351dc8f7/user_impersonation User.Read openid profile offline_access&#39;,
19:     	client_secretV:&#39;w1p8Q~6cDlfh2NclFd5SJ6g.vxU8YybDB03bmaI_&#39;,
20:     	grant_typeV: &#39;password&#39;,
21:     	usernameV:&#39;pkotres.fusoqa@qa.truckonnect.jp&#39;,
22:     	passwordV:&#39;Lower@20!&#39;,
23:   }
24:   if (env == &#39;QA&#39;) {
25:     // customize
26:     // e.g. config.foo = &#39;bar&#39;;
27:   } else if (env == &#39;e2e&#39;) {
28:     // customize
29:   }
30:   return config;
31: }
&lt;&lt;&lt;&lt;
org.graalvm.polyglot.PolyglotException: http call failed after 40 milliseconds for url: https://restful-booker.herokuapp.com/auth
javax.net.ssl.SSLHandshakeException: PKIX path building failed: sun.security.provider.certpath.SunCertPathBuilderException: unable to find valid certification path to requested target
classpath:examples/features/tockenGeneration1.feature:16
- com.intuit.karate.core.FeatureResult.getErrorMessagesCombined(FeatureResult.java:215)
- com.intuit.karate.core.ScenarioEngine.callFeature(ScenarioEngine.java:1955)
- com.intuit.karate.core.ScenarioEngine.call(ScenarioEngine.java:1857)
- com.intuit.karate.core.ScenarioEngine.callOnce(ScenarioEngine.java:1932)
- com.intuit.karate.core.ScenarioEngine.call(ScenarioEngine.java:1870)
- com.intuit.karate.core.ScenarioBridge.callonce(ScenarioBridge.java:268)
- com.intuit.karate.core.ScenarioBridge.callonce(ScenarioBridge.java:263)

classpath:examples/features/tockenGeneration.feature:5
</div>   

  <div>
        
    <div class="step-row">
      <div class="step-container" id="0.5.0.call">
        <div class="step-ref passed">&gt;&gt;</div>
        <div class="step-indent"></div>
        <div class="step-cell passed">examples.features.tockenGeneration1</div>
      </div>
      <div class="time-cell passed">43</div>
    </div>
    <div>
      <div><div>
  

  

  <div class="step-row" data-parent="0.5.0.call">
    <div class="step-container" id="0.5.0.call.0.3">
      <div class="step-ref passed">3</div>
      <div class="step-indent"></div>
      <div class="step-cell passed">
        <span>*</span>&nbsp;<span>def requestPayload =</span>
      </div>
    </div>
    <div class="time-cell passed">0</div>
  </div>

   
  
  <div class="preformatted" data-parent="0.5.0.call.0.3">{
  &quot;username&quot; : &quot;admin&quot;,
  &quot;password&quot; : &quot;password123&quot;
}</div>

  

  <div class="preformatted" data-parent="0.5.0.call.0.3">17:44:29.467 &gt;&gt; lock acquired, begin callonce: read(&#39;classpath:examples/features/tockenGeneration1.feature&#39;)
</div>   

  

</div>
</div>
      <div><div>
  

  

  <div class="step-row" data-parent="0.5.0.call">
    <div class="step-container" id="0.5.0.call.0.13">
      <div class="step-ref passed">13</div>
      <div class="step-indent"></div>
      <div class="step-cell passed">
        <span>Given</span>&nbsp;<span>url &#39;https://restful-booker.herokuapp.com/auth&#39;</span>
      </div>
    </div>
    <div class="time-cell passed">1</div>
  </div>

   
  
  

  

     

  

</div>
</div>
      <div><div>
  

  

  <div class="step-row" data-parent="0.5.0.call">
    <div class="step-container" id="0.5.0.call.0.14">
      <div class="step-ref passed">14</div>
      <div class="step-indent"></div>
      <div class="step-cell passed">
        <span>And</span>&nbsp;<span>header Content-Type = &#39;application/json&#39;</span>
      </div>
    </div>
    <div class="time-cell passed">1</div>
  </div>

   
  
  

  

     

  

</div>
</div>
      <div><div>
  

  

  <div class="step-row" data-parent="0.5.0.call">
    <div class="step-container" id="0.5.0.call.0.15">
      <div class="step-ref passed">15</div>
      <div class="step-indent"></div>
      <div class="step-cell passed">
        <span>And</span>&nbsp;<span>request requestPayload</span>
      </div>
    </div>
    <div class="time-cell passed">0</div>
  </div>

   
  
  

  

     

  

</div>
</div>
      <div><div>
  

  

  <div class="step-row" data-parent="0.5.0.call">
    <div class="step-container" id="0.5.0.call.0.16">
      <div class="step-ref failed">16</div>
      <div class="step-indent"></div>
      <div class="step-cell failed">
        <span>When</span>&nbsp;<span>method post</span>
      </div>
    </div>
    <div class="time-cell failed">41</div>
  </div>

   
  
  

  

  <div class="preformatted" data-parent="0.5.0.call.0.16">17:44:29.475 request:
1 &gt; POST https://restful-booker.herokuapp.com/auth
1 &gt; Content-Type: application/json; charset=UTF-8
1 &gt; Content-Length: 45
1 &gt; Host: restful-booker.herokuapp.com
1 &gt; Connection: Keep-Alive
1 &gt; User-Agent: Apache-HttpClient/4.5.14 (Java/17.0.8)
1 &gt; Accept-Encoding: gzip,deflate
{&quot;username&quot;:&quot;admin&quot;,&quot;password&quot;:&quot;password123&quot;}

17:44:29.514 javax.net.ssl.SSLHandshakeException: PKIX path building failed: sun.security.provider.certpath.SunCertPathBuilderException: unable to find valid certification path to requested target, http call failed after 40 milliseconds for url: https://restful-booker.herokuapp.com/auth
17:44:29.515 classpath:examples/features/tockenGeneration1.feature:16
When method post
http call failed after 40 milliseconds for url: https://restful-booker.herokuapp.com/auth
javax.net.ssl.SSLHandshakeException: PKIX path building failed: sun.security.provider.certpath.SunCertPathBuilderException: unable to find valid certification path to requested target
classpath:examples/features/tockenGeneration1.feature:16
</div>   

  

</div>
</div>
      <div><div>
  

  

  <div class="step-row" data-parent="0.5.0.call">
    <div class="step-container" id="0.5.0.call.0.17">
      <div class="step-ref skipped">17</div>
      <div class="step-indent"></div>
      <div class="step-cell skipped">
        <span>And</span>&nbsp;<span>status 200</span>
      </div>
    </div>
    <div class="time-cell skipped">0</div>
  </div>

   
  
  

  

     

  

</div>
</div>
      <div><div>
  

  

  <div class="step-row" data-parent="0.5.0.call">
    <div class="step-container" id="0.5.0.call.0.18">
      <div class="step-ref skipped">18</div>
      <div class="step-indent"></div>
      <div class="step-cell skipped">
        <span>*</span>&nbsp;<span>def token = $.token</span>
      </div>
    </div>
    <div class="time-cell skipped">0</div>
  </div>

   
  
  

  

     

  

</div>
</div>
      <div><div>
  

  

  <div class="step-row" data-parent="0.5.0.call">
    <div class="step-container" id="0.5.0.call.0.19">
      <div class="step-ref skipped">19</div>
      <div class="step-indent"></div>
      <div class="step-cell skipped">
        <span>*</span>&nbsp;<span>print token</span>
      </div>
    </div>
    <div class="time-cell skipped">0</div>
  </div>

   
  
  

  

     

  

</div>
</div>
    </div>    
  </div>

</div>
</div>
          <div><div>
  

  

  <div class="step-row">
    <div class="step-container" id="0.6">
      <div class="step-ref failed">6</div>
      
      <div class="step-cell failed">
        <span>And</span>&nbsp;<span>header Content-Type = &#39;application/x-www-form-urlencoded;charset=UTF-8&#39;</span>
      </div>
    </div>
    <div class="time-cell failed">0</div>
  </div>

   
  
  

  

  <div class="preformatted" data-parent="0.6">17:44:29.517 classpath:examples/features/tockenGeneration.feature:6
And header Content-Type = &#39;application/x-www-form-urlencoded;charset=UTF-8&#39;
&gt;&gt; classpath:examples/features/tockenGeneration.feature:4
&gt;&gt; karate-config.js failed
&gt;&gt; http call failed after 40 milliseconds for url: https://restful-booker.herokuapp.com/auth
javax.net.ssl.SSLHandshakeException: PKIX path building failed: sun.security.provider.certpath.SunCertPathBuilderException: unable to find valid certification path to requested target
classpath:examples/features/tockenGeneration1.feature:16
js failed:
&gt;&gt;&gt;&gt;
01: function fn() {    
02:   var env = karate.env; // get system property &#39;karate.env&#39;
03:   var myToken = karate.callonce(&#39;classpath:examples/features/tockenGeneration1.feature&#39;);
04:   karate.log(&#39;karate.env system property was:&#39;, env);
05:   if (!env) {
06:     env = &#39;QA&#39;;
07:   }
08: 
09:   var config = {
10:     env: env,
11: 	myVarName: &#39;someValue&#39;,
12: 
13:         getToken:myToken,
14:     	BaseURL: &#39;https://dtaccpqamgmt.azure-api.net&#39;,
15:     	BaseURI:&#39;https://gorest.co.in&#39;,
16:     	accessToken:&#39;081a3da7d0c5c7962c38851f5671863190194dceb1095d24d9b040c5081f78dc&#39;,
17:     	client_idV:&#39;fa54abbf-c88d-4d72-a586-6b8ef229a589&#39;,
18:     	scopeV: &#39;https://truckonnect.onmicrosoft.com/55f698e1-251e-4aa9-87e4-3025351dc8f7/user_impersonation User.Read openid profile offline_access&#39;,
19:     	client_secretV:&#39;w1p8Q~6cDlfh2NclFd5SJ6g.vxU8YybDB03bmaI_&#39;,
20:     	grant_typeV: &#39;password&#39;,
21:     	usernameV:&#39;pkotres.fusoqa@qa.truckonnect.jp&#39;,
22:     	passwordV:&#39;Lower@20!&#39;,
23:   }
24:   if (env == &#39;QA&#39;) {
25:     // customize
26:     // e.g. config.foo = &#39;bar&#39;;
27:   } else if (env == &#39;e2e&#39;) {
28:     // customize
29:   }
30:   return config;
31: }
&lt;&lt;&lt;&lt;
org.graalvm.polyglot.PolyglotException: http call failed after 40 milliseconds for url: https://restful-booker.herokuapp.com/auth
javax.net.ssl.SSLHandshakeException: PKIX path building failed: sun.security.provider.certpath.SunCertPathBuilderException: unable to find valid certification path to requested target
classpath:examples/features/tockenGeneration1.feature:16
- com.intuit.karate.core.FeatureResult.getErrorMessagesCombined(FeatureResult.java:215)
- com.intuit.karate.core.ScenarioEngine.callFeature(ScenarioEngine.java:1955)
- com.intuit.karate.core.ScenarioEngine.call(ScenarioEngine.java:1857)
- com.intuit.karate.core.ScenarioEngine.callOnce(ScenarioEngine.java:1932)
- com.intuit.karate.core.ScenarioEngine.call(ScenarioEngine.java:1870)
- com.intuit.karate.core.ScenarioBridge.callonce(ScenarioBridge.java:268)
- com.intuit.karate.core.ScenarioBridge.callonce(ScenarioBridge.java:263)

classpath:examples/features/tockenGeneration.feature:5
classpath:examples/features/tockenGeneration.feature:6
</div>   

  

</div>
</div>
          <div><div>
  

  

  <div class="step-row">
    <div class="step-container" id="0.7">
      <div class="step-ref failed">7</div>
      
      <div class="step-cell failed">
        <span>And</span>&nbsp;<span>form field client_id = client_idV</span>
      </div>
    </div>
    <div class="time-cell failed">0</div>
  </div>

   
  
  

  

  <div class="preformatted" data-parent="0.7">17:44:29.518 classpath:examples/features/tockenGeneration.feature:7
And form field client_id = client_idV
&gt;&gt; classpath:examples/features/tockenGeneration.feature:4
&gt;&gt; karate-config.js failed
&gt;&gt; http call failed after 40 milliseconds for url: https://restful-booker.herokuapp.com/auth
javax.net.ssl.SSLHandshakeException: PKIX path building failed: sun.security.provider.certpath.SunCertPathBuilderException: unable to find valid certification path to requested target
classpath:examples/features/tockenGeneration1.feature:16
js failed:
&gt;&gt;&gt;&gt;
01: function fn() {    
02:   var env = karate.env; // get system property &#39;karate.env&#39;
03:   var myToken = karate.callonce(&#39;classpath:examples/features/tockenGeneration1.feature&#39;);
04:   karate.log(&#39;karate.env system property was:&#39;, env);
05:   if (!env) {
06:     env = &#39;QA&#39;;
07:   }
08: 
09:   var config = {
10:     env: env,
11: 	myVarName: &#39;someValue&#39;,
12: 
13:         getToken:myToken,
14:     	BaseURL: &#39;https://dtaccpqamgmt.azure-api.net&#39;,
15:     	BaseURI:&#39;https://gorest.co.in&#39;,
16:     	accessToken:&#39;081a3da7d0c5c7962c38851f5671863190194dceb1095d24d9b040c5081f78dc&#39;,
17:     	client_idV:&#39;fa54abbf-c88d-4d72-a586-6b8ef229a589&#39;,
18:     	scopeV: &#39;https://truckonnect.onmicrosoft.com/55f698e1-251e-4aa9-87e4-3025351dc8f7/user_impersonation User.Read openid profile offline_access&#39;,
19:     	client_secretV:&#39;w1p8Q~6cDlfh2NclFd5SJ6g.vxU8YybDB03bmaI_&#39;,
20:     	grant_typeV: &#39;password&#39;,
21:     	usernameV:&#39;pkotres.fusoqa@qa.truckonnect.jp&#39;,
22:     	passwordV:&#39;Lower@20!&#39;,
23:   }
24:   if (env == &#39;QA&#39;) {
25:     // customize
26:     // e.g. config.foo = &#39;bar&#39;;
27:   } else if (env == &#39;e2e&#39;) {
28:     // customize
29:   }
30:   return config;
31: }
&lt;&lt;&lt;&lt;
org.graalvm.polyglot.PolyglotException: http call failed after 40 milliseconds for url: https://restful-booker.herokuapp.com/auth
javax.net.ssl.SSLHandshakeException: PKIX path building failed: sun.security.provider.certpath.SunCertPathBuilderException: unable to find valid certification path to requested target
classpath:examples/features/tockenGeneration1.feature:16
- com.intuit.karate.core.FeatureResult.getErrorMessagesCombined(FeatureResult.java:215)
- com.intuit.karate.core.ScenarioEngine.callFeature(ScenarioEngine.java:1955)
- com.intuit.karate.core.ScenarioEngine.call(ScenarioEngine.java:1857)
- com.intuit.karate.core.ScenarioEngine.callOnce(ScenarioEngine.java:1932)
- com.intuit.karate.core.ScenarioEngine.call(ScenarioEngine.java:1870)
- com.intuit.karate.core.ScenarioBridge.callonce(ScenarioBridge.java:268)
- com.intuit.karate.core.ScenarioBridge.callonce(ScenarioBridge.java:263)

classpath:examples/features/tockenGeneration.feature:5
classpath:examples/features/tockenGeneration.feature:6
classpath:examples/features/tockenGeneration.feature:7
</div>   

  

</div>
</div>
          <div><div>
  

  

  <div class="step-row">
    <div class="step-container" id="0.8">
      <div class="step-ref failed">8</div>
      
      <div class="step-cell failed">
        <span>And</span>&nbsp;<span>form field scope = scopeV</span>
      </div>
    </div>
    <div class="time-cell failed">0</div>
  </div>

   
  
  

  

  <div class="preformatted" data-parent="0.8">17:44:29.519 classpath:examples/features/tockenGeneration.feature:8
And form field scope = scopeV
&gt;&gt; classpath:examples/features/tockenGeneration.feature:4
&gt;&gt; karate-config.js failed
&gt;&gt; http call failed after 40 milliseconds for url: https://restful-booker.herokuapp.com/auth
javax.net.ssl.SSLHandshakeException: PKIX path building failed: sun.security.provider.certpath.SunCertPathBuilderException: unable to find valid certification path to requested target
classpath:examples/features/tockenGeneration1.feature:16
js failed:
&gt;&gt;&gt;&gt;
01: function fn() {    
02:   var env = karate.env; // get system property &#39;karate.env&#39;
03:   var myToken = karate.callonce(&#39;classpath:examples/features/tockenGeneration1.feature&#39;);
04:   karate.log(&#39;karate.env system property was:&#39;, env);
05:   if (!env) {
06:     env = &#39;QA&#39;;
07:   }
08: 
09:   var config = {
10:     env: env,
11: 	myVarName: &#39;someValue&#39;,
12: 
13:         getToken:myToken,
14:     	BaseURL: &#39;https://dtaccpqamgmt.azure-api.net&#39;,
15:     	BaseURI:&#39;https://gorest.co.in&#39;,
16:     	accessToken:&#39;081a3da7d0c5c7962c38851f5671863190194dceb1095d24d9b040c5081f78dc&#39;,
17:     	client_idV:&#39;fa54abbf-c88d-4d72-a586-6b8ef229a589&#39;,
18:     	scopeV: &#39;https://truckonnect.onmicrosoft.com/55f698e1-251e-4aa9-87e4-3025351dc8f7/user_impersonation User.Read openid profile offline_access&#39;,
19:     	client_secretV:&#39;w1p8Q~6cDlfh2NclFd5SJ6g.vxU8YybDB03bmaI_&#39;,
20:     	grant_typeV: &#39;password&#39;,
21:     	usernameV:&#39;pkotres.fusoqa@qa.truckonnect.jp&#39;,
22:     	passwordV:&#39;Lower@20!&#39;,
23:   }
24:   if (env == &#39;QA&#39;) {
25:     // customize
26:     // e.g. config.foo = &#39;bar&#39;;
27:   } else if (env == &#39;e2e&#39;) {
28:     // customize
29:   }
30:   return config;
31: }
&lt;&lt;&lt;&lt;
org.graalvm.polyglot.PolyglotException: http call failed after 40 milliseconds for url: https://restful-booker.herokuapp.com/auth
javax.net.ssl.SSLHandshakeException: PKIX path building failed: sun.security.provider.certpath.SunCertPathBuilderException: unable to find valid certification path to requested target
classpath:examples/features/tockenGeneration1.feature:16
- com.intuit.karate.core.FeatureResult.getErrorMessagesCombined(FeatureResult.java:215)
- com.intuit.karate.core.ScenarioEngine.callFeature(ScenarioEngine.java:1955)
- com.intuit.karate.core.ScenarioEngine.call(ScenarioEngine.java:1857)
- com.intuit.karate.core.ScenarioEngine.callOnce(ScenarioEngine.java:1932)
- com.intuit.karate.core.ScenarioEngine.call(ScenarioEngine.java:1870)
- com.intuit.karate.core.ScenarioBridge.callonce(ScenarioBridge.java:268)
- com.intuit.karate.core.ScenarioBridge.callonce(ScenarioBridge.java:263)

classpath:examples/features/tockenGeneration.feature:5
classpath:examples/features/tockenGeneration.feature:6
classpath:examples/features/tockenGeneration.feature:7
classpath:examples/features/tockenGeneration.feature:8
</div>   

  

</div>
</div>
          <div><div>
  

  

  <div class="step-row">
    <div class="step-container" id="0.9">
      <div class="step-ref failed">9</div>
      
      <div class="step-cell failed">
        <span>And</span>&nbsp;<span>form field client_secret = client_secretV</span>
      </div>
    </div>
    <div class="time-cell failed">0</div>
  </div>

   
  
  

  

  <div class="preformatted" data-parent="0.9">17:44:29.519 classpath:examples/features/tockenGeneration.feature:9
And form field client_secret = client_secretV
&gt;&gt; classpath:examples/features/tockenGeneration.feature:4
&gt;&gt; karate-config.js failed
&gt;&gt; http call failed after 40 milliseconds for url: https://restful-booker.herokuapp.com/auth
javax.net.ssl.SSLHandshakeException: PKIX path building failed: sun.security.provider.certpath.SunCertPathBuilderException: unable to find valid certification path to requested target
classpath:examples/features/tockenGeneration1.feature:16
js failed:
&gt;&gt;&gt;&gt;
01: function fn() {    
02:   var env = karate.env; // get system property &#39;karate.env&#39;
03:   var myToken = karate.callonce(&#39;classpath:examples/features/tockenGeneration1.feature&#39;);
04:   karate.log(&#39;karate.env system property was:&#39;, env);
05:   if (!env) {
06:     env = &#39;QA&#39;;
07:   }
08: 
09:   var config = {
10:     env: env,
11: 	myVarName: &#39;someValue&#39;,
12: 
13:         getToken:myToken,
14:     	BaseURL: &#39;https://dtaccpqamgmt.azure-api.net&#39;,
15:     	BaseURI:&#39;https://gorest.co.in&#39;,
16:     	accessToken:&#39;081a3da7d0c5c7962c38851f5671863190194dceb1095d24d9b040c5081f78dc&#39;,
17:     	client_idV:&#39;fa54abbf-c88d-4d72-a586-6b8ef229a589&#39;,
18:     	scopeV: &#39;https://truckonnect.onmicrosoft.com/55f698e1-251e-4aa9-87e4-3025351dc8f7/user_impersonation User.Read openid profile offline_access&#39;,
19:     	client_secretV:&#39;w1p8Q~6cDlfh2NclFd5SJ6g.vxU8YybDB03bmaI_&#39;,
20:     	grant_typeV: &#39;password&#39;,
21:     	usernameV:&#39;pkotres.fusoqa@qa.truckonnect.jp&#39;,
22:     	passwordV:&#39;Lower@20!&#39;,
23:   }
24:   if (env == &#39;QA&#39;) {
25:     // customize
26:     // e.g. config.foo = &#39;bar&#39;;
27:   } else if (env == &#39;e2e&#39;) {
28:     // customize
29:   }
30:   return config;
31: }
&lt;&lt;&lt;&lt;
org.graalvm.polyglot.PolyglotException: http call failed after 40 milliseconds for url: https://restful-booker.herokuapp.com/auth
javax.net.ssl.SSLHandshakeException: PKIX path building failed: sun.security.provider.certpath.SunCertPathBuilderException: unable to find valid certification path to requested target
classpath:examples/features/tockenGeneration1.feature:16
- com.intuit.karate.core.FeatureResult.getErrorMessagesCombined(FeatureResult.java:215)
- com.intuit.karate.core.ScenarioEngine.callFeature(ScenarioEngine.java:1955)
- com.intuit.karate.core.ScenarioEngine.call(ScenarioEngine.java:1857)
- com.intuit.karate.core.ScenarioEngine.callOnce(ScenarioEngine.java:1932)
- com.intuit.karate.core.ScenarioEngine.call(ScenarioEngine.java:1870)
- com.intuit.karate.core.ScenarioBridge.callonce(ScenarioBridge.java:268)
- com.intuit.karate.core.ScenarioBridge.callonce(ScenarioBridge.java:263)

classpath:examples/features/tockenGeneration.feature:5
classpath:examples/features/tockenGeneration.feature:6
classpath:examples/features/tockenGeneration.feature:7
classpath:examples/features/tockenGeneration.feature:8
classpath:examples/features/tockenGeneration.feature:9
</div>   

  

</div>
</div>
          <div><div>
  

  

  <div class="step-row">
    <div class="step-container" id="0.10">
      <div class="step-ref failed">10</div>
      
      <div class="step-cell failed">
        <span>And</span>&nbsp;<span>form field grant_type = grant_typeV</span>
      </div>
    </div>
    <div class="time-cell failed">0</div>
  </div>

   
  
  

  

  <div class="preformatted" data-parent="0.10">17:44:29.519 classpath:examples/features/tockenGeneration.feature:10
And form field grant_type = grant_typeV
&gt;&gt; classpath:examples/features/tockenGeneration.feature:4
&gt;&gt; karate-config.js failed
&gt;&gt; http call failed after 40 milliseconds for url: https://restful-booker.herokuapp.com/auth
javax.net.ssl.SSLHandshakeException: PKIX path building failed: sun.security.provider.certpath.SunCertPathBuilderException: unable to find valid certification path to requested target
classpath:examples/features/tockenGeneration1.feature:16
js failed:
&gt;&gt;&gt;&gt;
01: function fn() {    
02:   var env = karate.env; // get system property &#39;karate.env&#39;
03:   var myToken = karate.callonce(&#39;classpath:examples/features/tockenGeneration1.feature&#39;);
04:   karate.log(&#39;karate.env system property was:&#39;, env);
05:   if (!env) {
06:     env = &#39;QA&#39;;
07:   }
08: 
09:   var config = {
10:     env: env,
11: 	myVarName: &#39;someValue&#39;,
12: 
13:         getToken:myToken,
14:     	BaseURL: &#39;https://dtaccpqamgmt.azure-api.net&#39;,
15:     	BaseURI:&#39;https://gorest.co.in&#39;,
16:     	accessToken:&#39;081a3da7d0c5c7962c38851f5671863190194dceb1095d24d9b040c5081f78dc&#39;,
17:     	client_idV:&#39;fa54abbf-c88d-4d72-a586-6b8ef229a589&#39;,
18:     	scopeV: &#39;https://truckonnect.onmicrosoft.com/55f698e1-251e-4aa9-87e4-3025351dc8f7/user_impersonation User.Read openid profile offline_access&#39;,
19:     	client_secretV:&#39;w1p8Q~6cDlfh2NclFd5SJ6g.vxU8YybDB03bmaI_&#39;,
20:     	grant_typeV: &#39;password&#39;,
21:     	usernameV:&#39;pkotres.fusoqa@qa.truckonnect.jp&#39;,
22:     	passwordV:&#39;Lower@20!&#39;,
23:   }
24:   if (env == &#39;QA&#39;) {
25:     // customize
26:     // e.g. config.foo = &#39;bar&#39;;
27:   } else if (env == &#39;e2e&#39;) {
28:     // customize
29:   }
30:   return config;
31: }
&lt;&lt;&lt;&lt;
org.graalvm.polyglot.PolyglotException: http call failed after 40 milliseconds for url: https://restful-booker.herokuapp.com/auth
javax.net.ssl.SSLHandshakeException: PKIX path building failed: sun.security.provider.certpath.SunCertPathBuilderException: unable to find valid certification path to requested target
classpath:examples/features/tockenGeneration1.feature:16
- com.intuit.karate.core.FeatureResult.getErrorMessagesCombined(FeatureResult.java:215)
- com.intuit.karate.core.ScenarioEngine.callFeature(ScenarioEngine.java:1955)
- com.intuit.karate.core.ScenarioEngine.call(ScenarioEngine.java:1857)
- com.intuit.karate.core.ScenarioEngine.callOnce(ScenarioEngine.java:1932)
- com.intuit.karate.core.ScenarioEngine.call(ScenarioEngine.java:1870)
- com.intuit.karate.core.ScenarioBridge.callonce(ScenarioBridge.java:268)
- com.intuit.karate.core.ScenarioBridge.callonce(ScenarioBridge.java:263)

classpath:examples/features/tockenGeneration.feature:5
classpath:examples/features/tockenGeneration.feature:6
classpath:examples/features/tockenGeneration.feature:7
classpath:examples/features/tockenGeneration.feature:8
classpath:examples/features/tockenGeneration.feature:9
classpath:examples/features/tockenGeneration.feature:10
</div>   

  

</div>
</div>
          <div><div>
  

  

  <div class="step-row">
    <div class="step-container" id="0.11">
      <div class="step-ref failed">11</div>
      
      <div class="step-cell failed">
        <span>And</span>&nbsp;<span>form field username = usernameV</span>
      </div>
    </div>
    <div class="time-cell failed">0</div>
  </div>

   
  
  

  

  <div class="preformatted" data-parent="0.11">17:44:29.519 classpath:examples/features/tockenGeneration.feature:11
And form field username = usernameV
&gt;&gt; classpath:examples/features/tockenGeneration.feature:4
&gt;&gt; karate-config.js failed
&gt;&gt; http call failed after 40 milliseconds for url: https://restful-booker.herokuapp.com/auth
javax.net.ssl.SSLHandshakeException: PKIX path building failed: sun.security.provider.certpath.SunCertPathBuilderException: unable to find valid certification path to requested target
classpath:examples/features/tockenGeneration1.feature:16
js failed:
&gt;&gt;&gt;&gt;
01: function fn() {    
02:   var env = karate.env; // get system property &#39;karate.env&#39;
03:   var myToken = karate.callonce(&#39;classpath:examples/features/tockenGeneration1.feature&#39;);
04:   karate.log(&#39;karate.env system property was:&#39;, env);
05:   if (!env) {
06:     env = &#39;QA&#39;;
07:   }
08: 
09:   var config = {
10:     env: env,
11: 	myVarName: &#39;someValue&#39;,
12: 
13:         getToken:myToken,
14:     	BaseURL: &#39;https://dtaccpqamgmt.azure-api.net&#39;,
15:     	BaseURI:&#39;https://gorest.co.in&#39;,
16:     	accessToken:&#39;081a3da7d0c5c7962c38851f5671863190194dceb1095d24d9b040c5081f78dc&#39;,
17:     	client_idV:&#39;fa54abbf-c88d-4d72-a586-6b8ef229a589&#39;,
18:     	scopeV: &#39;https://truckonnect.onmicrosoft.com/55f698e1-251e-4aa9-87e4-3025351dc8f7/user_impersonation User.Read openid profile offline_access&#39;,
19:     	client_secretV:&#39;w1p8Q~6cDlfh2NclFd5SJ6g.vxU8YybDB03bmaI_&#39;,
20:     	grant_typeV: &#39;password&#39;,
21:     	usernameV:&#39;pkotres.fusoqa@qa.truckonnect.jp&#39;,
22:     	passwordV:&#39;Lower@20!&#39;,
23:   }
24:   if (env == &#39;QA&#39;) {
25:     // customize
26:     // e.g. config.foo = &#39;bar&#39;;
27:   } else if (env == &#39;e2e&#39;) {
28:     // customize
29:   }
30:   return config;
31: }
&lt;&lt;&lt;&lt;
org.graalvm.polyglot.PolyglotException: http call failed after 40 milliseconds for url: https://restful-booker.herokuapp.com/auth
javax.net.ssl.SSLHandshakeException: PKIX path building failed: sun.security.provider.certpath.SunCertPathBuilderException: unable to find valid certification path to requested target
classpath:examples/features/tockenGeneration1.feature:16
- com.intuit.karate.core.FeatureResult.getErrorMessagesCombined(FeatureResult.java:215)
- com.intuit.karate.core.ScenarioEngine.callFeature(ScenarioEngine.java:1955)
- com.intuit.karate.core.ScenarioEngine.call(ScenarioEngine.java:1857)
- com.intuit.karate.core.ScenarioEngine.callOnce(ScenarioEngine.java:1932)
- com.intuit.karate.core.ScenarioEngine.call(ScenarioEngine.java:1870)
- com.intuit.karate.core.ScenarioBridge.callonce(ScenarioBridge.java:268)
- com.intuit.karate.core.ScenarioBridge.callonce(ScenarioBridge.java:263)

classpath:examples/features/tockenGeneration.feature:5
classpath:examples/features/tockenGeneration.feature:6
classpath:examples/features/tockenGeneration.feature:7
classpath:examples/features/tockenGeneration.feature:8
classpath:examples/features/tockenGeneration.feature:9
classpath:examples/features/tockenGeneration.feature:10
classpath:examples/features/tockenGeneration.feature:11
</div>   

  

</div>
</div>
          <div><div>
  

  

  <div class="step-row">
    <div class="step-container" id="0.12">
      <div class="step-ref failed">12</div>
      
      <div class="step-cell failed">
        <span>And</span>&nbsp;<span>form field password = passwordV</span>
      </div>
    </div>
    <div class="time-cell failed">0</div>
  </div>

   
  
  

  

  <div class="preformatted" data-parent="0.12">17:44:29.519 classpath:examples/features/tockenGeneration.feature:12
And form field password = passwordV
&gt;&gt; classpath:examples/features/tockenGeneration.feature:4
&gt;&gt; karate-config.js failed
&gt;&gt; http call failed after 40 milliseconds for url: https://restful-booker.herokuapp.com/auth
javax.net.ssl.SSLHandshakeException: PKIX path building failed: sun.security.provider.certpath.SunCertPathBuilderException: unable to find valid certification path to requested target
classpath:examples/features/tockenGeneration1.feature:16
js failed:
&gt;&gt;&gt;&gt;
01: function fn() {    
02:   var env = karate.env; // get system property &#39;karate.env&#39;
03:   var myToken = karate.callonce(&#39;classpath:examples/features/tockenGeneration1.feature&#39;);
04:   karate.log(&#39;karate.env system property was:&#39;, env);
05:   if (!env) {
06:     env = &#39;QA&#39;;
07:   }
08: 
09:   var config = {
10:     env: env,
11: 	myVarName: &#39;someValue&#39;,
12: 
13:         getToken:myToken,
14:     	BaseURL: &#39;https://dtaccpqamgmt.azure-api.net&#39;,
15:     	BaseURI:&#39;https://gorest.co.in&#39;,
16:     	accessToken:&#39;081a3da7d0c5c7962c38851f5671863190194dceb1095d24d9b040c5081f78dc&#39;,
17:     	client_idV:&#39;fa54abbf-c88d-4d72-a586-6b8ef229a589&#39;,
18:     	scopeV: &#39;https://truckonnect.onmicrosoft.com/55f698e1-251e-4aa9-87e4-3025351dc8f7/user_impersonation User.Read openid profile offline_access&#39;,
19:     	client_secretV:&#39;w1p8Q~6cDlfh2NclFd5SJ6g.vxU8YybDB03bmaI_&#39;,
20:     	grant_typeV: &#39;password&#39;,
21:     	usernameV:&#39;pkotres.fusoqa@qa.truckonnect.jp&#39;,
22:     	passwordV:&#39;Lower@20!&#39;,
23:   }
24:   if (env == &#39;QA&#39;) {
25:     // customize
26:     // e.g. config.foo = &#39;bar&#39;;
27:   } else if (env == &#39;e2e&#39;) {
28:     // customize
29:   }
30:   return config;
31: }
&lt;&lt;&lt;&lt;
org.graalvm.polyglot.PolyglotException: http call failed after 40 milliseconds for url: https://restful-booker.herokuapp.com/auth
javax.net.ssl.SSLHandshakeException: PKIX path building failed: sun.security.provider.certpath.SunCertPathBuilderException: unable to find valid certification path to requested target
classpath:examples/features/tockenGeneration1.feature:16
- com.intuit.karate.core.FeatureResult.getErrorMessagesCombined(FeatureResult.java:215)
- com.intuit.karate.core.ScenarioEngine.callFeature(ScenarioEngine.java:1955)
- com.intuit.karate.core.ScenarioEngine.call(ScenarioEngine.java:1857)
- com.intuit.karate.core.ScenarioEngine.callOnce(ScenarioEngine.java:1932)
- com.intuit.karate.core.ScenarioEngine.call(ScenarioEngine.java:1870)
- com.intuit.karate.core.ScenarioBridge.callonce(ScenarioBridge.java:268)
- com.intuit.karate.core.ScenarioBridge.callonce(ScenarioBridge.java:263)

classpath:examples/features/tockenGeneration.feature:5
classpath:examples/features/tockenGeneration.feature:6
classpath:examples/features/tockenGeneration.feature:7
classpath:examples/features/tockenGeneration.feature:8
classpath:examples/features/tockenGeneration.feature:9
classpath:examples/features/tockenGeneration.feature:10
classpath:examples/features/tockenGeneration.feature:11
classpath:examples/features/tockenGeneration.feature:12
</div>   

  

</div>
</div>
          <div><div>
  

  

  <div class="step-row">
    <div class="step-container" id="0.13">
      <div class="step-ref failed">13</div>
      
      <div class="step-cell failed">
        <span>And</span>&nbsp;<span>request {}</span>
      </div>
    </div>
    <div class="time-cell failed">0</div>
  </div>

   
  
  

  

  <div class="preformatted" data-parent="0.13">17:44:29.521 classpath:examples/features/tockenGeneration.feature:13
And request {}
&gt;&gt; classpath:examples/features/tockenGeneration.feature:4
&gt;&gt; karate-config.js failed
&gt;&gt; http call failed after 40 milliseconds for url: https://restful-booker.herokuapp.com/auth
javax.net.ssl.SSLHandshakeException: PKIX path building failed: sun.security.provider.certpath.SunCertPathBuilderException: unable to find valid certification path to requested target
classpath:examples/features/tockenGeneration1.feature:16
js failed:
&gt;&gt;&gt;&gt;
01: function fn() {    
02:   var env = karate.env; // get system property &#39;karate.env&#39;
03:   var myToken = karate.callonce(&#39;classpath:examples/features/tockenGeneration1.feature&#39;);
04:   karate.log(&#39;karate.env system property was:&#39;, env);
05:   if (!env) {
06:     env = &#39;QA&#39;;
07:   }
08: 
09:   var config = {
10:     env: env,
11: 	myVarName: &#39;someValue&#39;,
12: 
13:         getToken:myToken,
14:     	BaseURL: &#39;https://dtaccpqamgmt.azure-api.net&#39;,
15:     	BaseURI:&#39;https://gorest.co.in&#39;,
16:     	accessToken:&#39;081a3da7d0c5c7962c38851f5671863190194dceb1095d24d9b040c5081f78dc&#39;,
17:     	client_idV:&#39;fa54abbf-c88d-4d72-a586-6b8ef229a589&#39;,
18:     	scopeV: &#39;https://truckonnect.onmicrosoft.com/55f698e1-251e-4aa9-87e4-3025351dc8f7/user_impersonation User.Read openid profile offline_access&#39;,
19:     	client_secretV:&#39;w1p8Q~6cDlfh2NclFd5SJ6g.vxU8YybDB03bmaI_&#39;,
20:     	grant_typeV: &#39;password&#39;,
21:     	usernameV:&#39;pkotres.fusoqa@qa.truckonnect.jp&#39;,
22:     	passwordV:&#39;Lower@20!&#39;,
23:   }
24:   if (env == &#39;QA&#39;) {
25:     // customize
26:     // e.g. config.foo = &#39;bar&#39;;
27:   } else if (env == &#39;e2e&#39;) {
28:     // customize
29:   }
30:   return config;
31: }
&lt;&lt;&lt;&lt;
org.graalvm.polyglot.PolyglotException: http call failed after 40 milliseconds for url: https://restful-booker.herokuapp.com/auth
javax.net.ssl.SSLHandshakeException: PKIX path building failed: sun.security.provider.certpath.SunCertPathBuilderException: unable to find valid certification path to requested target
classpath:examples/features/tockenGeneration1.feature:16
- com.intuit.karate.core.FeatureResult.getErrorMessagesCombined(FeatureResult.java:215)
- com.intuit.karate.core.ScenarioEngine.callFeature(ScenarioEngine.java:1955)
- com.intuit.karate.core.ScenarioEngine.call(ScenarioEngine.java:1857)
- com.intuit.karate.core.ScenarioEngine.callOnce(ScenarioEngine.java:1932)
- com.intuit.karate.core.ScenarioEngine.call(ScenarioEngine.java:1870)
- com.intuit.karate.core.ScenarioBridge.callonce(ScenarioBridge.java:268)
- com.intuit.karate.core.ScenarioBridge.callonce(ScenarioBridge.java:263)

classpath:examples/features/tockenGeneration.feature:5
classpath:examples/features/tockenGeneration.feature:6
classpath:examples/features/tockenGeneration.feature:7
classpath:examples/features/tockenGeneration.feature:8
classpath:examples/features/tockenGeneration.feature:9
classpath:examples/features/tockenGeneration.feature:10
classpath:examples/features/tockenGeneration.feature:11
classpath:examples/features/tockenGeneration.feature:12
classpath:examples/features/tockenGeneration.feature:13
</div>   

  

</div>
</div>
          <div><div>
  

  

  <div class="step-row">
    <div class="step-container" id="0.14">
      <div class="step-ref failed">14</div>
      
      <div class="step-cell failed">
        <span>When</span>&nbsp;<span>method post</span>
      </div>
    </div>
    <div class="time-cell failed">0</div>
  </div>

   
  
  

  

  <div class="preformatted" data-parent="0.14">17:44:29.521 classpath:examples/features/tockenGeneration.feature:14
When method post
&gt;&gt; classpath:examples/features/tockenGeneration.feature:4
&gt;&gt; karate-config.js failed
&gt;&gt; http call failed after 40 milliseconds for url: https://restful-booker.herokuapp.com/auth
javax.net.ssl.SSLHandshakeException: PKIX path building failed: sun.security.provider.certpath.SunCertPathBuilderException: unable to find valid certification path to requested target
classpath:examples/features/tockenGeneration1.feature:16
js failed:
&gt;&gt;&gt;&gt;
01: function fn() {    
02:   var env = karate.env; // get system property &#39;karate.env&#39;
03:   var myToken = karate.callonce(&#39;classpath:examples/features/tockenGeneration1.feature&#39;);
04:   karate.log(&#39;karate.env system property was:&#39;, env);
05:   if (!env) {
06:     env = &#39;QA&#39;;
07:   }
08: 
09:   var config = {
10:     env: env,
11: 	myVarName: &#39;someValue&#39;,
12: 
13:         getToken:myToken,
14:     	BaseURL: &#39;https://dtaccpqamgmt.azure-api.net&#39;,
15:     	BaseURI:&#39;https://gorest.co.in&#39;,
16:     	accessToken:&#39;081a3da7d0c5c7962c38851f5671863190194dceb1095d24d9b040c5081f78dc&#39;,
17:     	client_idV:&#39;fa54abbf-c88d-4d72-a586-6b8ef229a589&#39;,
18:     	scopeV: &#39;https://truckonnect.onmicrosoft.com/55f698e1-251e-4aa9-87e4-3025351dc8f7/user_impersonation User.Read openid profile offline_access&#39;,
19:     	client_secretV:&#39;w1p8Q~6cDlfh2NclFd5SJ6g.vxU8YybDB03bmaI_&#39;,
20:     	grant_typeV: &#39;password&#39;,
21:     	usernameV:&#39;pkotres.fusoqa@qa.truckonnect.jp&#39;,
22:     	passwordV:&#39;Lower@20!&#39;,
23:   }
24:   if (env == &#39;QA&#39;) {
25:     // customize
26:     // e.g. config.foo = &#39;bar&#39;;
27:   } else if (env == &#39;e2e&#39;) {
28:     // customize
29:   }
30:   return config;
31: }
&lt;&lt;&lt;&lt;
org.graalvm.polyglot.PolyglotException: http call failed after 40 milliseconds for url: https://restful-booker.herokuapp.com/auth
javax.net.ssl.SSLHandshakeException: PKIX path building failed: sun.security.provider.certpath.SunCertPathBuilderException: unable to find valid certification path to requested target
classpath:examples/features/tockenGeneration1.feature:16
- com.intuit.karate.core.FeatureResult.getErrorMessagesCombined(FeatureResult.java:215)
- com.intuit.karate.core.ScenarioEngine.callFeature(ScenarioEngine.java:1955)
- com.intuit.karate.core.ScenarioEngine.call(ScenarioEngine.java:1857)
- com.intuit.karate.core.ScenarioEngine.callOnce(ScenarioEngine.java:1932)
- com.intuit.karate.core.ScenarioEngine.call(ScenarioEngine.java:1870)
- com.intuit.karate.core.ScenarioBridge.callonce(ScenarioBridge.java:268)
- com.intuit.karate.core.ScenarioBridge.callonce(ScenarioBridge.java:263)

classpath:examples/features/tockenGeneration.feature:5
classpath:examples/features/tockenGeneration.feature:6
classpath:examples/features/tockenGeneration.feature:7
classpath:examples/features/tockenGeneration.feature:8
classpath:examples/features/tockenGeneration.feature:9
classpath:examples/features/tockenGeneration.feature:10
classpath:examples/features/tockenGeneration.feature:11
classpath:examples/features/tockenGeneration.feature:12
classpath:examples/features/tockenGeneration.feature:13
classpath:examples/features/tockenGeneration.feature:14
</div>   

  

</div>
</div>
          <div><div>
  

  

  <div class="step-row">
    <div class="step-container" id="0.15">
      <div class="step-ref failed">15</div>
      
      <div class="step-cell failed">
        <span>Then</span>&nbsp;<span>status 200</span>
      </div>
    </div>
    <div class="time-cell failed">0</div>
  </div>

   
  
  

  

  <div class="preformatted" data-parent="0.15">17:44:29.522 classpath:examples/features/tockenGeneration.feature:15
Then status 200
&gt;&gt; classpath:examples/features/tockenGeneration.feature:4
&gt;&gt; karate-config.js failed
&gt;&gt; http call failed after 40 milliseconds for url: https://restful-booker.herokuapp.com/auth
javax.net.ssl.SSLHandshakeException: PKIX path building failed: sun.security.provider.certpath.SunCertPathBuilderException: unable to find valid certification path to requested target
classpath:examples/features/tockenGeneration1.feature:16
js failed:
&gt;&gt;&gt;&gt;
01: function fn() {    
02:   var env = karate.env; // get system property &#39;karate.env&#39;
03:   var myToken = karate.callonce(&#39;classpath:examples/features/tockenGeneration1.feature&#39;);
04:   karate.log(&#39;karate.env system property was:&#39;, env);
05:   if (!env) {
06:     env = &#39;QA&#39;;
07:   }
08: 
09:   var config = {
10:     env: env,
11: 	myVarName: &#39;someValue&#39;,
12: 
13:         getToken:myToken,
14:     	BaseURL: &#39;https://dtaccpqamgmt.azure-api.net&#39;,
15:     	BaseURI:&#39;https://gorest.co.in&#39;,
16:     	accessToken:&#39;081a3da7d0c5c7962c38851f5671863190194dceb1095d24d9b040c5081f78dc&#39;,
17:     	client_idV:&#39;fa54abbf-c88d-4d72-a586-6b8ef229a589&#39;,
18:     	scopeV: &#39;https://truckonnect.onmicrosoft.com/55f698e1-251e-4aa9-87e4-3025351dc8f7/user_impersonation User.Read openid profile offline_access&#39;,
19:     	client_secretV:&#39;w1p8Q~6cDlfh2NclFd5SJ6g.vxU8YybDB03bmaI_&#39;,
20:     	grant_typeV: &#39;password&#39;,
21:     	usernameV:&#39;pkotres.fusoqa@qa.truckonnect.jp&#39;,
22:     	passwordV:&#39;Lower@20!&#39;,
23:   }
24:   if (env == &#39;QA&#39;) {
25:     // customize
26:     // e.g. config.foo = &#39;bar&#39;;
27:   } else if (env == &#39;e2e&#39;) {
28:     // customize
29:   }
30:   return config;
31: }
&lt;&lt;&lt;&lt;
org.graalvm.polyglot.PolyglotException: http call failed after 40 milliseconds for url: https://restful-booker.herokuapp.com/auth
javax.net.ssl.SSLHandshakeException: PKIX path building failed: sun.security.provider.certpath.SunCertPathBuilderException: unable to find valid certification path to requested target
classpath:examples/features/tockenGeneration1.feature:16
- com.intuit.karate.core.FeatureResult.getErrorMessagesCombined(FeatureResult.java:215)
- com.intuit.karate.core.ScenarioEngine.callFeature(ScenarioEngine.java:1955)
- com.intuit.karate.core.ScenarioEngine.call(ScenarioEngine.java:1857)
- com.intuit.karate.core.ScenarioEngine.callOnce(ScenarioEngine.java:1932)
- com.intuit.karate.core.ScenarioEngine.call(ScenarioEngine.java:1870)
- com.intuit.karate.core.ScenarioBridge.callonce(ScenarioBridge.java:268)
- com.intuit.karate.core.ScenarioBridge.callonce(ScenarioBridge.java:263)

classpath:examples/features/tockenGeneration.feature:5
classpath:examples/features/tockenGeneration.feature:6
classpath:examples/features/tockenGeneration.feature:7
classpath:examples/features/tockenGeneration.feature:8
classpath:examples/features/tockenGeneration.feature:9
classpath:examples/features/tockenGeneration.feature:10
classpath:examples/features/tockenGeneration.feature:11
classpath:examples/features/tockenGeneration.feature:12
classpath:examples/features/tockenGeneration.feature:13
classpath:examples/features/tockenGeneration.feature:14
classpath:examples/features/tockenGeneration.feature:15
</div>   

  

</div>
</div>
          <div><div>
  

  

  <div class="step-row">
    <div class="step-container" id="0.17">
      <div class="step-ref failed">17</div>
      
      <div class="step-cell failed">
        <span>*</span>&nbsp;<span>def accessToken = response.access_token</span>
      </div>
    </div>
    <div class="time-cell failed">0</div>
  </div>

   
  
  

  

  <div class="preformatted" data-parent="0.17">17:44:29.522 classpath:examples/features/tockenGeneration.feature:17
* def accessToken = response.access_token
&gt;&gt; classpath:examples/features/tockenGeneration.feature:4
&gt;&gt; karate-config.js failed
&gt;&gt; http call failed after 40 milliseconds for url: https://restful-booker.herokuapp.com/auth
javax.net.ssl.SSLHandshakeException: PKIX path building failed: sun.security.provider.certpath.SunCertPathBuilderException: unable to find valid certification path to requested target
classpath:examples/features/tockenGeneration1.feature:16
js failed:
&gt;&gt;&gt;&gt;
01: function fn() {    
02:   var env = karate.env; // get system property &#39;karate.env&#39;
03:   var myToken = karate.callonce(&#39;classpath:examples/features/tockenGeneration1.feature&#39;);
04:   karate.log(&#39;karate.env system property was:&#39;, env);
05:   if (!env) {
06:     env = &#39;QA&#39;;
07:   }
08: 
09:   var config = {
10:     env: env,
11: 	myVarName: &#39;someValue&#39;,
12: 
13:         getToken:myToken,
14:     	BaseURL: &#39;https://dtaccpqamgmt.azure-api.net&#39;,
15:     	BaseURI:&#39;https://gorest.co.in&#39;,
16:     	accessToken:&#39;081a3da7d0c5c7962c38851f5671863190194dceb1095d24d9b040c5081f78dc&#39;,
17:     	client_idV:&#39;fa54abbf-c88d-4d72-a586-6b8ef229a589&#39;,
18:     	scopeV: &#39;https://truckonnect.onmicrosoft.com/55f698e1-251e-4aa9-87e4-3025351dc8f7/user_impersonation User.Read openid profile offline_access&#39;,
19:     	client_secretV:&#39;w1p8Q~6cDlfh2NclFd5SJ6g.vxU8YybDB03bmaI_&#39;,
20:     	grant_typeV: &#39;password&#39;,
21:     	usernameV:&#39;pkotres.fusoqa@qa.truckonnect.jp&#39;,
22:     	passwordV:&#39;Lower@20!&#39;,
23:   }
24:   if (env == &#39;QA&#39;) {
25:     // customize
26:     // e.g. config.foo = &#39;bar&#39;;
27:   } else if (env == &#39;e2e&#39;) {
28:     // customize
29:   }
30:   return config;
31: }
&lt;&lt;&lt;&lt;
org.graalvm.polyglot.PolyglotException: http call failed after 40 milliseconds for url: https://restful-booker.herokuapp.com/auth
javax.net.ssl.SSLHandshakeException: PKIX path building failed: sun.security.provider.certpath.SunCertPathBuilderException: unable to find valid certification path to requested target
classpath:examples/features/tockenGeneration1.feature:16
- com.intuit.karate.core.FeatureResult.getErrorMessagesCombined(FeatureResult.java:215)
- com.intuit.karate.core.ScenarioEngine.callFeature(ScenarioEngine.java:1955)
- com.intuit.karate.core.ScenarioEngine.call(ScenarioEngine.java:1857)
- com.intuit.karate.core.ScenarioEngine.callOnce(ScenarioEngine.java:1932)
- com.intuit.karate.core.ScenarioEngine.call(ScenarioEngine.java:1870)
- com.intuit.karate.core.ScenarioBridge.callonce(ScenarioBridge.java:268)
- com.intuit.karate.core.ScenarioBridge.callonce(ScenarioBridge.java:263)

classpath:examples/features/tockenGeneration.feature:5
classpath:examples/features/tockenGeneration.feature:6
classpath:examples/features/tockenGeneration.feature:7
classpath:examples/features/tockenGeneration.feature:8
classpath:examples/features/tockenGeneration.feature:9
classpath:examples/features/tockenGeneration.feature:10
classpath:examples/features/tockenGeneration.feature:11
classpath:examples/features/tockenGeneration.feature:12
classpath:examples/features/tockenGeneration.feature:13
classpath:examples/features/tockenGeneration.feature:14
classpath:examples/features/tockenGeneration.feature:15
classpath:examples/features/tockenGeneration.feature:17
</div>   

  

</div>
</div>
          <div><div>
  

  

  <div class="step-row">
    <div class="step-container" id="0.18">
      <div class="step-ref failed">18</div>
      
      <div class="step-cell failed">
        <span>*</span>&nbsp;<span>print &#39;The generated access token is :&#39;, accessToken</span>
      </div>
    </div>
    <div class="time-cell failed">0</div>
  </div>

   
  
  

  

  <div class="preformatted" data-parent="0.18">17:44:29.523 classpath:examples/features/tockenGeneration.feature:18
* print &#39;The generated access token is :&#39;, accessToken
&gt;&gt; classpath:examples/features/tockenGeneration.feature:4
&gt;&gt; karate-config.js failed
&gt;&gt; http call failed after 40 milliseconds for url: https://restful-booker.herokuapp.com/auth
javax.net.ssl.SSLHandshakeException: PKIX path building failed: sun.security.provider.certpath.SunCertPathBuilderException: unable to find valid certification path to requested target
classpath:examples/features/tockenGeneration1.feature:16
js failed:
&gt;&gt;&gt;&gt;
01: function fn() {    
02:   var env = karate.env; // get system property &#39;karate.env&#39;
03:   var myToken = karate.callonce(&#39;classpath:examples/features/tockenGeneration1.feature&#39;);
04:   karate.log(&#39;karate.env system property was:&#39;, env);
05:   if (!env) {
06:     env = &#39;QA&#39;;
07:   }
08: 
09:   var config = {
10:     env: env,
11: 	myVarName: &#39;someValue&#39;,
12: 
13:         getToken:myToken,
14:     	BaseURL: &#39;https://dtaccpqamgmt.azure-api.net&#39;,
15:     	BaseURI:&#39;https://gorest.co.in&#39;,
16:     	accessToken:&#39;081a3da7d0c5c7962c38851f5671863190194dceb1095d24d9b040c5081f78dc&#39;,
17:     	client_idV:&#39;fa54abbf-c88d-4d72-a586-6b8ef229a589&#39;,
18:     	scopeV: &#39;https://truckonnect.onmicrosoft.com/55f698e1-251e-4aa9-87e4-3025351dc8f7/user_impersonation User.Read openid profile offline_access&#39;,
19:     	client_secretV:&#39;w1p8Q~6cDlfh2NclFd5SJ6g.vxU8YybDB03bmaI_&#39;,
20:     	grant_typeV: &#39;password&#39;,
21:     	usernameV:&#39;pkotres.fusoqa@qa.truckonnect.jp&#39;,
22:     	passwordV:&#39;Lower@20!&#39;,
23:   }
24:   if (env == &#39;QA&#39;) {
25:     // customize
26:     // e.g. config.foo = &#39;bar&#39;;
27:   } else if (env == &#39;e2e&#39;) {
28:     // customize
29:   }
30:   return config;
31: }
&lt;&lt;&lt;&lt;
org.graalvm.polyglot.PolyglotException: http call failed after 40 milliseconds for url: https://restful-booker.herokuapp.com/auth
javax.net.ssl.SSLHandshakeException: PKIX path building failed: sun.security.provider.certpath.SunCertPathBuilderException: unable to find valid certification path to requested target
classpath:examples/features/tockenGeneration1.feature:16
- com.intuit.karate.core.FeatureResult.getErrorMessagesCombined(FeatureResult.java:215)
- com.intuit.karate.core.ScenarioEngine.callFeature(ScenarioEngine.java:1955)
- com.intuit.karate.core.ScenarioEngine.call(ScenarioEngine.java:1857)
- com.intuit.karate.core.ScenarioEngine.callOnce(ScenarioEngine.java:1932)
- com.intuit.karate.core.ScenarioEngine.call(ScenarioEngine.java:1870)
- com.intuit.karate.core.ScenarioBridge.callonce(ScenarioBridge.java:268)
- com.intuit.karate.core.ScenarioBridge.callonce(ScenarioBridge.java:263)

classpath:examples/features/tockenGeneration.feature:5
classpath:examples/features/tockenGeneration.feature:6
classpath:examples/features/tockenGeneration.feature:7
classpath:examples/features/tockenGeneration.feature:8
classpath:examples/features/tockenGeneration.feature:9
classpath:examples/features/tockenGeneration.feature:10
classpath:examples/features/tockenGeneration.feature:11
classpath:examples/features/tockenGeneration.feature:12
classpath:examples/features/tockenGeneration.feature:13
classpath:examples/features/tockenGeneration.feature:14
classpath:examples/features/tockenGeneration.feature:15
classpath:examples/features/tockenGeneration.feature:17
classpath:examples/features/tockenGeneration.feature:18
</div>   

  

</div>
</div>
        </div>
      </div>
    </div>
  </body>
</html>

