{"failedCount":1,"prefixedPath":"classpath:examples\/features\/tockenGeneration1.feature","packageQualifiedName":"examples.features.tockenGeneration1","loopIndex":-1,"relativePath":"examples\/features\/tockenGeneration1.feature","scenarioResults":[{"sectionIndex":0,"stepResults":[{"result":{"nanos":0,"errorMessage":">> classpath:examples\/features\/tockenGeneration1.feature:12\n>> karate-config.js failed\n>> http call failed after 53 milliseconds for url: https:\/\/restful-booker.herokuapp.com\/auth\njavax.net.ssl.SSLHandshakeException: PKIX path building failed: sun.security.provider.certpath.SunCertPathBuilderException: unable to find valid certification path to requested target\nclasspath:examples\/features\/tockenGeneration1.feature:16\njs failed:\n>>>>\n01: function fn() {    \n02:   var env = karate.env; \/\/ get system property 'karate.env'\n03:   var myToken = karate.callonce('classpath:examples\/features\/tockenGeneration1.feature');\n04:   karate.log('karate.env system property was:', env);\n05:   if (!env) {\n06:     env = 'QA';\n07:   }\n08: \n09:   var config = {\n10:     env: env,\n11: \tmyVarName: 'someValue',\n12: \n13:         getToken:myToken,\n14:     \tBaseURL: 'https:\/\/dtaccpqamgmt.azure-api.net',\n15:     \tBaseURI:'https:\/\/gorest.co.in',\n16:     \taccessToken:'081a3da7d0c5c7962c38851f5671863190194dceb1095d24d9b040c5081f78dc',\n17:     \tclient_idV:'fa54abbf-c88d-4d72-a586-6b8ef229a589',\n18:     \tscopeV: 'https:\/\/truckonnect.onmicrosoft.com\/55f698e1-251e-4aa9-87e4-3025351dc8f7\/user_impersonation User.Read openid profile offline_access',\n19:     \tclient_secretV:'w1p8Q~6cDlfh2NclFd5SJ6g.vxU8YybDB03bmaI_',\n20:     \tgrant_typeV: 'password',\n21:     \tusernameV:'pkotres.fusoqa@qa.truckonnect.jp',\n22:     \tpasswordV:'Lower@20!',\n23:   }\n24:   if (env == 'QA') {\n25:     \/\/ customize\n26:     \/\/ e.g. config.foo = 'bar';\n27:   } else if (env == 'e2e') {\n28:     \/\/ customize\n29:   }\n30:   return config;\n31: }\n<<<<\norg.graalvm.polyglot.PolyglotException: http call failed after 53 milliseconds for url: https:\/\/restful-booker.herokuapp.com\/auth\njavax.net.ssl.SSLHandshakeException: PKIX path building failed: sun.security.provider.certpath.SunCertPathBuilderException: unable to find valid certification path to requested target\nclasspath:examples\/features\/tockenGeneration1.feature:16\n- com.intuit.karate.core.FeatureResult.getErrorMessagesCombined(FeatureResult.java:215)\n- com.intuit.karate.core.ScenarioEngine.callFeature(ScenarioEngine.java:1955)\n- com.intuit.karate.core.ScenarioEngine.call(ScenarioEngine.java:1857)\n- com.intuit.karate.core.ScenarioEngine.callOnce(ScenarioEngine.java:1932)\n- com.intuit.karate.core.ScenarioEngine.call(ScenarioEngine.java:1870)\n- com.intuit.karate.core.ScenarioBridge.callonce(ScenarioBridge.java:268)\n- com.intuit.karate.core.ScenarioBridge.callonce(ScenarioBridge.java:263)\n\nclasspath:examples\/features\/tockenGeneration1.feature:3","millis":0.0,"status":"failed"},"step":{"endLine":9,"background":true,"line":3,"prefix":"*","docString":"{\n  \"username\" : \"admin\",\n  \"password\" : \"password123\"\n}","index":0,"text":"def requestPayload ="},"stepLog":"17:44:29.753 classpath:examples\/features\/tockenGeneration1.feature:3\n* def requestPayload =\n\"\"\"\n{\n  \"username\" : \"admin\",\n  \"password\" : \"password123\"\n}\n\"\"\"\n>> classpath:examples\/features\/tockenGeneration1.feature:12\n>> karate-config.js failed\n>> http call failed after 53 milliseconds for url: https:\/\/restful-booker.herokuapp.com\/auth\njavax.net.ssl.SSLHandshakeException: PKIX path building failed: sun.security.provider.certpath.SunCertPathBuilderException: unable to find valid certification path to requested target\nclasspath:examples\/features\/tockenGeneration1.feature:16\njs failed:\n>>>>\n01: function fn() {    \n02:   var env = karate.env; \/\/ get system property 'karate.env'\n03:   var myToken = karate.callonce('classpath:examples\/features\/tockenGeneration1.feature');\n04:   karate.log('karate.env system property was:', env);\n05:   if (!env) {\n06:     env = 'QA';\n07:   }\n08: \n09:   var config = {\n10:     env: env,\n11: \tmyVarName: 'someValue',\n12: \n13:         getToken:myToken,\n14:     \tBaseURL: 'https:\/\/dtaccpqamgmt.azure-api.net',\n15:     \tBaseURI:'https:\/\/gorest.co.in',\n16:     \taccessToken:'081a3da7d0c5c7962c38851f5671863190194dceb1095d24d9b040c5081f78dc',\n17:     \tclient_idV:'fa54abbf-c88d-4d72-a586-6b8ef229a589',\n18:     \tscopeV: 'https:\/\/truckonnect.onmicrosoft.com\/55f698e1-251e-4aa9-87e4-3025351dc8f7\/user_impersonation User.Read openid profile offline_access',\n19:     \tclient_secretV:'w1p8Q~6cDlfh2NclFd5SJ6g.vxU8YybDB03bmaI_',\n20:     \tgrant_typeV: 'password',\n21:     \tusernameV:'pkotres.fusoqa@qa.truckonnect.jp',\n22:     \tpasswordV:'Lower@20!',\n23:   }\n24:   if (env == 'QA') {\n25:     \/\/ customize\n26:     \/\/ e.g. config.foo = 'bar';\n27:   } else if (env == 'e2e') {\n28:     \/\/ customize\n29:   }\n30:   return config;\n31: }\n<<<<\norg.graalvm.polyglot.PolyglotException: http call failed after 53 milliseconds for url: https:\/\/restful-booker.herokuapp.com\/auth\njavax.net.ssl.SSLHandshakeException: PKIX path building failed: sun.security.provider.certpath.SunCertPathBuilderException: unable to find valid certification path to requested target\nclasspath:examples\/features\/tockenGeneration1.feature:16\n- com.intuit.karate.core.FeatureResult.getErrorMessagesCombined(FeatureResult.java:215)\n- com.intuit.karate.core.ScenarioEngine.callFeature(ScenarioEngine.java:1955)\n- com.intuit.karate.core.ScenarioEngine.call(ScenarioEngine.java:1857)\n- com.intuit.karate.core.ScenarioEngine.callOnce(ScenarioEngine.java:1932)\n- com.intuit.karate.core.ScenarioEngine.call(ScenarioEngine.java:1870)\n- com.intuit.karate.core.ScenarioBridge.callonce(ScenarioBridge.java:268)\n- com.intuit.karate.core.ScenarioBridge.callonce(ScenarioBridge.java:263)\n\nclasspath:examples\/features\/tockenGeneration1.feature:3\n","callResults":[{"failedCount":1,"prefixedPath":"classpath:examples\/features\/tockenGeneration1.feature","packageQualifiedName":"examples.features.tockenGeneration1","loopIndex":-1,"relativePath":"examples\/features\/tockenGeneration1.feature","scenarioResults":[{"sectionIndex":0,"stepResults":[{"result":{"nanos":280800,"millis":0.2808,"status":"passed"},"step":{"endLine":9,"background":true,"line":3,"prefix":"*","docString":"{\n  \"username\" : \"admin\",\n  \"password\" : \"password123\"\n}","index":0,"text":"def requestPayload ="},"stepLog":"17:44:29.691 >> lock acquired, begin callonce: read('classpath:examples\/features\/tockenGeneration1.feature')\n"},{"result":{"nanos":126500,"millis":0.1265,"status":"passed"},"step":{"line":13,"prefix":"Given","index":0,"text":"url 'https:\/\/restful-booker.herokuapp.com\/auth'"}},{"result":{"nanos":62400,"millis":0.0624,"status":"passed"},"step":{"line":14,"prefix":"And","index":1,"text":"header Content-Type = 'application\/json'"}},{"result":{"nanos":87900,"millis":0.0879,"status":"passed"},"step":{"line":15,"prefix":"And","index":2,"text":"request requestPayload"}},{"result":{"nanos":53531900,"errorMessage":"http call failed after 53 milliseconds for url: https:\/\/restful-booker.herokuapp.com\/auth\njavax.net.ssl.SSLHandshakeException: PKIX path building failed: sun.security.provider.certpath.SunCertPathBuilderException: unable to find valid certification path to requested target\nclasspath:examples\/features\/tockenGeneration1.feature:16","millis":53.5319,"status":"failed"},"step":{"line":16,"prefix":"When","index":3,"text":"method post"},"stepLog":"17:44:29.698 request:\n1 > POST https:\/\/restful-booker.herokuapp.com\/auth\n1 > Content-Type: application\/json; charset=UTF-8\n1 > Content-Length: 45\n1 > Host: restful-booker.herokuapp.com\n1 > Connection: Keep-Alive\n1 > User-Agent: Apache-HttpClient\/4.5.14 (Java\/17.0.8)\n1 > Accept-Encoding: gzip,deflate\n{\"username\":\"admin\",\"password\":\"password123\"}\n\n17:44:29.750 javax.net.ssl.SSLHandshakeException: PKIX path building failed: sun.security.provider.certpath.SunCertPathBuilderException: unable to find valid certification path to requested target, http call failed after 53 milliseconds for url: https:\/\/restful-booker.herokuapp.com\/auth\n17:44:29.750 classpath:examples\/features\/tockenGeneration1.feature:16\nWhen method post\nhttp call failed after 53 milliseconds for url: https:\/\/restful-booker.herokuapp.com\/auth\njavax.net.ssl.SSLHandshakeException: PKIX path building failed: sun.security.provider.certpath.SunCertPathBuilderException: unable to find valid certification path to requested target\nclasspath:examples\/features\/tockenGeneration1.feature:16\n"},{"result":{"nanos":0,"millis":0.0,"status":"skipped"},"step":{"line":17,"prefix":"And","index":4,"text":"status 200"}},{"result":{"nanos":0,"millis":0.0,"status":"skipped"},"step":{"line":18,"prefix":"*","index":5,"text":"def token = $.token"}},{"result":{"nanos":0,"millis":0.0,"status":"skipped"},"step":{"line":19,"prefix":"*","index":6,"text":"print token"}}],"line":12,"description":"","durationMillis":54.0895,"failed":true,"error":"http call failed after 53 milliseconds for url: https:\/\/restful-booker.herokuapp.com\/auth\njavax.net.ssl.SSLHandshakeException: PKIX path building failed: sun.security.provider.certpath.SunCertPathBuilderException: unable to find valid certification path to requested target\nclasspath:examples\/features\/tockenGeneration1.feature:16","tags":["Regression"],"executorName":"main","name":": Sample API request demo","startTime":1691397869695,"refId":"[1:12]","endTime":1691397869750,"exampleIndex":-1}],"callDepth":1,"name":"Creation of access token","description":"","resultDate":"2023-08-07 05:44:29 PM","durationMillis":54.0895,"passedCount":0}]},{"result":{"nanos":0,"errorMessage":">> classpath:examples\/features\/tockenGeneration1.feature:12\n>> karate-config.js failed\n>> http call failed after 53 milliseconds for url: https:\/\/restful-booker.herokuapp.com\/auth\njavax.net.ssl.SSLHandshakeException: PKIX path building failed: sun.security.provider.certpath.SunCertPathBuilderException: unable to find valid certification path to requested target\nclasspath:examples\/features\/tockenGeneration1.feature:16\njs failed:\n>>>>\n01: function fn() {    \n02:   var env = karate.env; \/\/ get system property 'karate.env'\n03:   var myToken = karate.callonce('classpath:examples\/features\/tockenGeneration1.feature');\n04:   karate.log('karate.env system property was:', env);\n05:   if (!env) {\n06:     env = 'QA';\n07:   }\n08: \n09:   var config = {\n10:     env: env,\n11: \tmyVarName: 'someValue',\n12: \n13:         getToken:myToken,\n14:     \tBaseURL: 'https:\/\/dtaccpqamgmt.azure-api.net',\n15:     \tBaseURI:'https:\/\/gorest.co.in',\n16:     \taccessToken:'081a3da7d0c5c7962c38851f5671863190194dceb1095d24d9b040c5081f78dc',\n17:     \tclient_idV:'fa54abbf-c88d-4d72-a586-6b8ef229a589',\n18:     \tscopeV: 'https:\/\/truckonnect.onmicrosoft.com\/55f698e1-251e-4aa9-87e4-3025351dc8f7\/user_impersonation User.Read openid profile offline_access',\n19:     \tclient_secretV:'w1p8Q~6cDlfh2NclFd5SJ6g.vxU8YybDB03bmaI_',\n20:     \tgrant_typeV: 'password',\n21:     \tusernameV:'pkotres.fusoqa@qa.truckonnect.jp',\n22:     \tpasswordV:'Lower@20!',\n23:   }\n24:   if (env == 'QA') {\n25:     \/\/ customize\n26:     \/\/ e.g. config.foo = 'bar';\n27:   } else if (env == 'e2e') {\n28:     \/\/ customize\n29:   }\n30:   return config;\n31: }\n<<<<\norg.graalvm.polyglot.PolyglotException: http call failed after 53 milliseconds for url: https:\/\/restful-booker.herokuapp.com\/auth\njavax.net.ssl.SSLHandshakeException: PKIX path building failed: sun.security.provider.certpath.SunCertPathBuilderException: unable to find valid certification path to requested target\nclasspath:examples\/features\/tockenGeneration1.feature:16\n- com.intuit.karate.core.FeatureResult.getErrorMessagesCombined(FeatureResult.java:215)\n- com.intuit.karate.core.ScenarioEngine.callFeature(ScenarioEngine.java:1955)\n- com.intuit.karate.core.ScenarioEngine.call(ScenarioEngine.java:1857)\n- com.intuit.karate.core.ScenarioEngine.callOnce(ScenarioEngine.java:1932)\n- com.intuit.karate.core.ScenarioEngine.call(ScenarioEngine.java:1870)\n- com.intuit.karate.core.ScenarioBridge.callonce(ScenarioBridge.java:268)\n- com.intuit.karate.core.ScenarioBridge.callonce(ScenarioBridge.java:263)\n\nclasspath:examples\/features\/tockenGeneration1.feature:3\nclasspath:examples\/features\/tockenGeneration1.feature:13","millis":0.0,"status":"failed"},"step":{"line":13,"prefix":"Given","index":0,"text":"url 'https:\/\/restful-booker.herokuapp.com\/auth'"},"stepLog":"17:44:29.753 classpath:examples\/features\/tockenGeneration1.feature:13\nGiven url 'https:\/\/restful-booker.herokuapp.com\/auth'\n>> classpath:examples\/features\/tockenGeneration1.feature:12\n>> karate-config.js failed\n>> http call failed after 53 milliseconds for url: https:\/\/restful-booker.herokuapp.com\/auth\njavax.net.ssl.SSLHandshakeException: PKIX path building failed: sun.security.provider.certpath.SunCertPathBuilderException: unable to find valid certification path to requested target\nclasspath:examples\/features\/tockenGeneration1.feature:16\njs failed:\n>>>>\n01: function fn() {    \n02:   var env = karate.env; \/\/ get system property 'karate.env'\n03:   var myToken = karate.callonce('classpath:examples\/features\/tockenGeneration1.feature');\n04:   karate.log('karate.env system property was:', env);\n05:   if (!env) {\n06:     env = 'QA';\n07:   }\n08: \n09:   var config = {\n10:     env: env,\n11: \tmyVarName: 'someValue',\n12: \n13:         getToken:myToken,\n14:     \tBaseURL: 'https:\/\/dtaccpqamgmt.azure-api.net',\n15:     \tBaseURI:'https:\/\/gorest.co.in',\n16:     \taccessToken:'081a3da7d0c5c7962c38851f5671863190194dceb1095d24d9b040c5081f78dc',\n17:     \tclient_idV:'fa54abbf-c88d-4d72-a586-6b8ef229a589',\n18:     \tscopeV: 'https:\/\/truckonnect.onmicrosoft.com\/55f698e1-251e-4aa9-87e4-3025351dc8f7\/user_impersonation User.Read openid profile offline_access',\n19:     \tclient_secretV:'w1p8Q~6cDlfh2NclFd5SJ6g.vxU8YybDB03bmaI_',\n20:     \tgrant_typeV: 'password',\n21:     \tusernameV:'pkotres.fusoqa@qa.truckonnect.jp',\n22:     \tpasswordV:'Lower@20!',\n23:   }\n24:   if (env == 'QA') {\n25:     \/\/ customize\n26:     \/\/ e.g. config.foo = 'bar';\n27:   } else if (env == 'e2e') {\n28:     \/\/ customize\n29:   }\n30:   return config;\n31: }\n<<<<\norg.graalvm.polyglot.PolyglotException: http call failed after 53 milliseconds for url: https:\/\/restful-booker.herokuapp.com\/auth\njavax.net.ssl.SSLHandshakeException: PKIX path building failed: sun.security.provider.certpath.SunCertPathBuilderException: unable to find valid certification path to requested target\nclasspath:examples\/features\/tockenGeneration1.feature:16\n- com.intuit.karate.core.FeatureResult.getErrorMessagesCombined(FeatureResult.java:215)\n- com.intuit.karate.core.ScenarioEngine.callFeature(ScenarioEngine.java:1955)\n- com.intuit.karate.core.ScenarioEngine.call(ScenarioEngine.java:1857)\n- com.intuit.karate.core.ScenarioEngine.callOnce(ScenarioEngine.java:1932)\n- com.intuit.karate.core.ScenarioEngine.call(ScenarioEngine.java:1870)\n- com.intuit.karate.core.ScenarioBridge.callonce(ScenarioBridge.java:268)\n- com.intuit.karate.core.ScenarioBridge.callonce(ScenarioBridge.java:263)\n\nclasspath:examples\/features\/tockenGeneration1.feature:3\nclasspath:examples\/features\/tockenGeneration1.feature:13\n"},{"result":{"nanos":0,"errorMessage":">> classpath:examples\/features\/tockenGeneration1.feature:12\n>> karate-config.js failed\n>> http call failed after 53 milliseconds for url: https:\/\/restful-booker.herokuapp.com\/auth\njavax.net.ssl.SSLHandshakeException: PKIX path building failed: sun.security.provider.certpath.SunCertPathBuilderException: unable to find valid certification path to requested target\nclasspath:examples\/features\/tockenGeneration1.feature:16\njs failed:\n>>>>\n01: function fn() {    \n02:   var env = karate.env; \/\/ get system property 'karate.env'\n03:   var myToken = karate.callonce('classpath:examples\/features\/tockenGeneration1.feature');\n04:   karate.log('karate.env system property was:', env);\n05:   if (!env) {\n06:     env = 'QA';\n07:   }\n08: \n09:   var config = {\n10:     env: env,\n11: \tmyVarName: 'someValue',\n12: \n13:         getToken:myToken,\n14:     \tBaseURL: 'https:\/\/dtaccpqamgmt.azure-api.net',\n15:     \tBaseURI:'https:\/\/gorest.co.in',\n16:     \taccessToken:'081a3da7d0c5c7962c38851f5671863190194dceb1095d24d9b040c5081f78dc',\n17:     \tclient_idV:'fa54abbf-c88d-4d72-a586-6b8ef229a589',\n18:     \tscopeV: 'https:\/\/truckonnect.onmicrosoft.com\/55f698e1-251e-4aa9-87e4-3025351dc8f7\/user_impersonation User.Read openid profile offline_access',\n19:     \tclient_secretV:'w1p8Q~6cDlfh2NclFd5SJ6g.vxU8YybDB03bmaI_',\n20:     \tgrant_typeV: 'password',\n21:     \tusernameV:'pkotres.fusoqa@qa.truckonnect.jp',\n22:     \tpasswordV:'Lower@20!',\n23:   }\n24:   if (env == 'QA') {\n25:     \/\/ customize\n26:     \/\/ e.g. config.foo = 'bar';\n27:   } else if (env == 'e2e') {\n28:     \/\/ customize\n29:   }\n30:   return config;\n31: }\n<<<<\norg.graalvm.polyglot.PolyglotException: http call failed after 53 milliseconds for url: https:\/\/restful-booker.herokuapp.com\/auth\njavax.net.ssl.SSLHandshakeException: PKIX path building failed: sun.security.provider.certpath.SunCertPathBuilderException: unable to find valid certification path to requested target\nclasspath:examples\/features\/tockenGeneration1.feature:16\n- com.intuit.karate.core.FeatureResult.getErrorMessagesCombined(FeatureResult.java:215)\n- com.intuit.karate.core.ScenarioEngine.callFeature(ScenarioEngine.java:1955)\n- com.intuit.karate.core.ScenarioEngine.call(ScenarioEngine.java:1857)\n- com.intuit.karate.core.ScenarioEngine.callOnce(ScenarioEngine.java:1932)\n- com.intuit.karate.core.ScenarioEngine.call(ScenarioEngine.java:1870)\n- com.intuit.karate.core.ScenarioBridge.callonce(ScenarioBridge.java:268)\n- com.intuit.karate.core.ScenarioBridge.callonce(ScenarioBridge.java:263)\n\nclasspath:examples\/features\/tockenGeneration1.feature:3\nclasspath:examples\/features\/tockenGeneration1.feature:13\nclasspath:examples\/features\/tockenGeneration1.feature:14","millis":0.0,"status":"failed"},"step":{"line":14,"prefix":"And","index":1,"text":"header Content-Type = 'application\/json'"},"stepLog":"17:44:29.753 classpath:examples\/features\/tockenGeneration1.feature:14\nAnd header Content-Type = 'application\/json'\n>> classpath:examples\/features\/tockenGeneration1.feature:12\n>> karate-config.js failed\n>> http call failed after 53 milliseconds for url: https:\/\/restful-booker.herokuapp.com\/auth\njavax.net.ssl.SSLHandshakeException: PKIX path building failed: sun.security.provider.certpath.SunCertPathBuilderException: unable to find valid certification path to requested target\nclasspath:examples\/features\/tockenGeneration1.feature:16\njs failed:\n>>>>\n01: function fn() {    \n02:   var env = karate.env; \/\/ get system property 'karate.env'\n03:   var myToken = karate.callonce('classpath:examples\/features\/tockenGeneration1.feature');\n04:   karate.log('karate.env system property was:', env);\n05:   if (!env) {\n06:     env = 'QA';\n07:   }\n08: \n09:   var config = {\n10:     env: env,\n11: \tmyVarName: 'someValue',\n12: \n13:         getToken:myToken,\n14:     \tBaseURL: 'https:\/\/dtaccpqamgmt.azure-api.net',\n15:     \tBaseURI:'https:\/\/gorest.co.in',\n16:     \taccessToken:'081a3da7d0c5c7962c38851f5671863190194dceb1095d24d9b040c5081f78dc',\n17:     \tclient_idV:'fa54abbf-c88d-4d72-a586-6b8ef229a589',\n18:     \tscopeV: 'https:\/\/truckonnect.onmicrosoft.com\/55f698e1-251e-4aa9-87e4-3025351dc8f7\/user_impersonation User.Read openid profile offline_access',\n19:     \tclient_secretV:'w1p8Q~6cDlfh2NclFd5SJ6g.vxU8YybDB03bmaI_',\n20:     \tgrant_typeV: 'password',\n21:     \tusernameV:'pkotres.fusoqa@qa.truckonnect.jp',\n22:     \tpasswordV:'Lower@20!',\n23:   }\n24:   if (env == 'QA') {\n25:     \/\/ customize\n26:     \/\/ e.g. config.foo = 'bar';\n27:   } else if (env == 'e2e') {\n28:     \/\/ customize\n29:   }\n30:   return config;\n31: }\n<<<<\norg.graalvm.polyglot.PolyglotException: http call failed after 53 milliseconds for url: https:\/\/restful-booker.herokuapp.com\/auth\njavax.net.ssl.SSLHandshakeException: PKIX path building failed: sun.security.provider.certpath.SunCertPathBuilderException: unable to find valid certification path to requested target\nclasspath:examples\/features\/tockenGeneration1.feature:16\n- com.intuit.karate.core.FeatureResult.getErrorMessagesCombined(FeatureResult.java:215)\n- com.intuit.karate.core.ScenarioEngine.callFeature(ScenarioEngine.java:1955)\n- com.intuit.karate.core.ScenarioEngine.call(ScenarioEngine.java:1857)\n- com.intuit.karate.core.ScenarioEngine.callOnce(ScenarioEngine.java:1932)\n- com.intuit.karate.core.ScenarioEngine.call(ScenarioEngine.java:1870)\n- com.intuit.karate.core.ScenarioBridge.callonce(ScenarioBridge.java:268)\n- com.intuit.karate.core.ScenarioBridge.callonce(ScenarioBridge.java:263)\n\nclasspath:examples\/features\/tockenGeneration1.feature:3\nclasspath:examples\/features\/tockenGeneration1.feature:13\nclasspath:examples\/features\/tockenGeneration1.feature:14\n"},{"result":{"nanos":0,"errorMessage":">> classpath:examples\/features\/tockenGeneration1.feature:12\n>> karate-config.js failed\n>> http call failed after 53 milliseconds for url: https:\/\/restful-booker.herokuapp.com\/auth\njavax.net.ssl.SSLHandshakeException: PKIX path building failed: sun.security.provider.certpath.SunCertPathBuilderException: unable to find valid certification path to requested target\nclasspath:examples\/features\/tockenGeneration1.feature:16\njs failed:\n>>>>\n01: function fn() {    \n02:   var env = karate.env; \/\/ get system property 'karate.env'\n03:   var myToken = karate.callonce('classpath:examples\/features\/tockenGeneration1.feature');\n04:   karate.log('karate.env system property was:', env);\n05:   if (!env) {\n06:     env = 'QA';\n07:   }\n08: \n09:   var config = {\n10:     env: env,\n11: \tmyVarName: 'someValue',\n12: \n13:         getToken:myToken,\n14:     \tBaseURL: 'https:\/\/dtaccpqamgmt.azure-api.net',\n15:     \tBaseURI:'https:\/\/gorest.co.in',\n16:     \taccessToken:'081a3da7d0c5c7962c38851f5671863190194dceb1095d24d9b040c5081f78dc',\n17:     \tclient_idV:'fa54abbf-c88d-4d72-a586-6b8ef229a589',\n18:     \tscopeV: 'https:\/\/truckonnect.onmicrosoft.com\/55f698e1-251e-4aa9-87e4-3025351dc8f7\/user_impersonation User.Read openid profile offline_access',\n19:     \tclient_secretV:'w1p8Q~6cDlfh2NclFd5SJ6g.vxU8YybDB03bmaI_',\n20:     \tgrant_typeV: 'password',\n21:     \tusernameV:'pkotres.fusoqa@qa.truckonnect.jp',\n22:     \tpasswordV:'Lower@20!',\n23:   }\n24:   if (env == 'QA') {\n25:     \/\/ customize\n26:     \/\/ e.g. config.foo = 'bar';\n27:   } else if (env == 'e2e') {\n28:     \/\/ customize\n29:   }\n30:   return config;\n31: }\n<<<<\norg.graalvm.polyglot.PolyglotException: http call failed after 53 milliseconds for url: https:\/\/restful-booker.herokuapp.com\/auth\njavax.net.ssl.SSLHandshakeException: PKIX path building failed: sun.security.provider.certpath.SunCertPathBuilderException: unable to find valid certification path to requested target\nclasspath:examples\/features\/tockenGeneration1.feature:16\n- com.intuit.karate.core.FeatureResult.getErrorMessagesCombined(FeatureResult.java:215)\n- com.intuit.karate.core.ScenarioEngine.callFeature(ScenarioEngine.java:1955)\n- com.intuit.karate.core.ScenarioEngine.call(ScenarioEngine.java:1857)\n- com.intuit.karate.core.ScenarioEngine.callOnce(ScenarioEngine.java:1932)\n- com.intuit.karate.core.ScenarioEngine.call(ScenarioEngine.java:1870)\n- com.intuit.karate.core.ScenarioBridge.callonce(ScenarioBridge.java:268)\n- com.intuit.karate.core.ScenarioBridge.callonce(ScenarioBridge.java:263)\n\nclasspath:examples\/features\/tockenGeneration1.feature:3\nclasspath:examples\/features\/tockenGeneration1.feature:13\nclasspath:examples\/features\/tockenGeneration1.feature:14\nclasspath:examples\/features\/tockenGeneration1.feature:15","millis":0.0,"status":"failed"},"step":{"line":15,"prefix":"And","index":2,"text":"request requestPayload"},"stepLog":"17:44:29.753 classpath:examples\/features\/tockenGeneration1.feature:15\nAnd request requestPayload\n>> classpath:examples\/features\/tockenGeneration1.feature:12\n>> karate-config.js failed\n>> http call failed after 53 milliseconds for url: https:\/\/restful-booker.herokuapp.com\/auth\njavax.net.ssl.SSLHandshakeException: PKIX path building failed: sun.security.provider.certpath.SunCertPathBuilderException: unable to find valid certification path to requested target\nclasspath:examples\/features\/tockenGeneration1.feature:16\njs failed:\n>>>>\n01: function fn() {    \n02:   var env = karate.env; \/\/ get system property 'karate.env'\n03:   var myToken = karate.callonce('classpath:examples\/features\/tockenGeneration1.feature');\n04:   karate.log('karate.env system property was:', env);\n05:   if (!env) {\n06:     env = 'QA';\n07:   }\n08: \n09:   var config = {\n10:     env: env,\n11: \tmyVarName: 'someValue',\n12: \n13:         getToken:myToken,\n14:     \tBaseURL: 'https:\/\/dtaccpqamgmt.azure-api.net',\n15:     \tBaseURI:'https:\/\/gorest.co.in',\n16:     \taccessToken:'081a3da7d0c5c7962c38851f5671863190194dceb1095d24d9b040c5081f78dc',\n17:     \tclient_idV:'fa54abbf-c88d-4d72-a586-6b8ef229a589',\n18:     \tscopeV: 'https:\/\/truckonnect.onmicrosoft.com\/55f698e1-251e-4aa9-87e4-3025351dc8f7\/user_impersonation User.Read openid profile offline_access',\n19:     \tclient_secretV:'w1p8Q~6cDlfh2NclFd5SJ6g.vxU8YybDB03bmaI_',\n20:     \tgrant_typeV: 'password',\n21:     \tusernameV:'pkotres.fusoqa@qa.truckonnect.jp',\n22:     \tpasswordV:'Lower@20!',\n23:   }\n24:   if (env == 'QA') {\n25:     \/\/ customize\n26:     \/\/ e.g. config.foo = 'bar';\n27:   } else if (env == 'e2e') {\n28:     \/\/ customize\n29:   }\n30:   return config;\n31: }\n<<<<\norg.graalvm.polyglot.PolyglotException: http call failed after 53 milliseconds for url: https:\/\/restful-booker.herokuapp.com\/auth\njavax.net.ssl.SSLHandshakeException: PKIX path building failed: sun.security.provider.certpath.SunCertPathBuilderException: unable to find valid certification path to requested target\nclasspath:examples\/features\/tockenGeneration1.feature:16\n- com.intuit.karate.core.FeatureResult.getErrorMessagesCombined(FeatureResult.java:215)\n- com.intuit.karate.core.ScenarioEngine.callFeature(ScenarioEngine.java:1955)\n- com.intuit.karate.core.ScenarioEngine.call(ScenarioEngine.java:1857)\n- com.intuit.karate.core.ScenarioEngine.callOnce(ScenarioEngine.java:1932)\n- com.intuit.karate.core.ScenarioEngine.call(ScenarioEngine.java:1870)\n- com.intuit.karate.core.ScenarioBridge.callonce(ScenarioBridge.java:268)\n- com.intuit.karate.core.ScenarioBridge.callonce(ScenarioBridge.java:263)\n\nclasspath:examples\/features\/tockenGeneration1.feature:3\nclasspath:examples\/features\/tockenGeneration1.feature:13\nclasspath:examples\/features\/tockenGeneration1.feature:14\nclasspath:examples\/features\/tockenGeneration1.feature:15\n"},{"result":{"nanos":0,"errorMessage":">> classpath:examples\/features\/tockenGeneration1.feature:12\n>> karate-config.js failed\n>> http call failed after 53 milliseconds for url: https:\/\/restful-booker.herokuapp.com\/auth\njavax.net.ssl.SSLHandshakeException: PKIX path building failed: sun.security.provider.certpath.SunCertPathBuilderException: unable to find valid certification path to requested target\nclasspath:examples\/features\/tockenGeneration1.feature:16\njs failed:\n>>>>\n01: function fn() {    \n02:   var env = karate.env; \/\/ get system property 'karate.env'\n03:   var myToken = karate.callonce('classpath:examples\/features\/tockenGeneration1.feature');\n04:   karate.log('karate.env system property was:', env);\n05:   if (!env) {\n06:     env = 'QA';\n07:   }\n08: \n09:   var config = {\n10:     env: env,\n11: \tmyVarName: 'someValue',\n12: \n13:         getToken:myToken,\n14:     \tBaseURL: 'https:\/\/dtaccpqamgmt.azure-api.net',\n15:     \tBaseURI:'https:\/\/gorest.co.in',\n16:     \taccessToken:'081a3da7d0c5c7962c38851f5671863190194dceb1095d24d9b040c5081f78dc',\n17:     \tclient_idV:'fa54abbf-c88d-4d72-a586-6b8ef229a589',\n18:     \tscopeV: 'https:\/\/truckonnect.onmicrosoft.com\/55f698e1-251e-4aa9-87e4-3025351dc8f7\/user_impersonation User.Read openid profile offline_access',\n19:     \tclient_secretV:'w1p8Q~6cDlfh2NclFd5SJ6g.vxU8YybDB03bmaI_',\n20:     \tgrant_typeV: 'password',\n21:     \tusernameV:'pkotres.fusoqa@qa.truckonnect.jp',\n22:     \tpasswordV:'Lower@20!',\n23:   }\n24:   if (env == 'QA') {\n25:     \/\/ customize\n26:     \/\/ e.g. config.foo = 'bar';\n27:   } else if (env == 'e2e') {\n28:     \/\/ customize\n29:   }\n30:   return config;\n31: }\n<<<<\norg.graalvm.polyglot.PolyglotException: http call failed after 53 milliseconds for url: https:\/\/restful-booker.herokuapp.com\/auth\njavax.net.ssl.SSLHandshakeException: PKIX path building failed: sun.security.provider.certpath.SunCertPathBuilderException: unable to find valid certification path to requested target\nclasspath:examples\/features\/tockenGeneration1.feature:16\n- com.intuit.karate.core.FeatureResult.getErrorMessagesCombined(FeatureResult.java:215)\n- com.intuit.karate.core.ScenarioEngine.callFeature(ScenarioEngine.java:1955)\n- com.intuit.karate.core.ScenarioEngine.call(ScenarioEngine.java:1857)\n- com.intuit.karate.core.ScenarioEngine.callOnce(ScenarioEngine.java:1932)\n- com.intuit.karate.core.ScenarioEngine.call(ScenarioEngine.java:1870)\n- com.intuit.karate.core.ScenarioBridge.callonce(ScenarioBridge.java:268)\n- com.intuit.karate.core.ScenarioBridge.callonce(ScenarioBridge.java:263)\n\nclasspath:examples\/features\/tockenGeneration1.feature:3\nclasspath:examples\/features\/tockenGeneration1.feature:13\nclasspath:examples\/features\/tockenGeneration1.feature:14\nclasspath:examples\/features\/tockenGeneration1.feature:15\nclasspath:examples\/features\/tockenGeneration1.feature:16","millis":0.0,"status":"failed"},"step":{"line":16,"prefix":"When","index":3,"text":"method post"},"stepLog":"17:44:29.754 classpath:examples\/features\/tockenGeneration1.feature:16\nWhen method post\n>> classpath:examples\/features\/tockenGeneration1.feature:12\n>> karate-config.js failed\n>> http call failed after 53 milliseconds for url: https:\/\/restful-booker.herokuapp.com\/auth\njavax.net.ssl.SSLHandshakeException: PKIX path building failed: sun.security.provider.certpath.SunCertPathBuilderException: unable to find valid certification path to requested target\nclasspath:examples\/features\/tockenGeneration1.feature:16\njs failed:\n>>>>\n01: function fn() {    \n02:   var env = karate.env; \/\/ get system property 'karate.env'\n03:   var myToken = karate.callonce('classpath:examples\/features\/tockenGeneration1.feature');\n04:   karate.log('karate.env system property was:', env);\n05:   if (!env) {\n06:     env = 'QA';\n07:   }\n08: \n09:   var config = {\n10:     env: env,\n11: \tmyVarName: 'someValue',\n12: \n13:         getToken:myToken,\n14:     \tBaseURL: 'https:\/\/dtaccpqamgmt.azure-api.net',\n15:     \tBaseURI:'https:\/\/gorest.co.in',\n16:     \taccessToken:'081a3da7d0c5c7962c38851f5671863190194dceb1095d24d9b040c5081f78dc',\n17:     \tclient_idV:'fa54abbf-c88d-4d72-a586-6b8ef229a589',\n18:     \tscopeV: 'https:\/\/truckonnect.onmicrosoft.com\/55f698e1-251e-4aa9-87e4-3025351dc8f7\/user_impersonation User.Read openid profile offline_access',\n19:     \tclient_secretV:'w1p8Q~6cDlfh2NclFd5SJ6g.vxU8YybDB03bmaI_',\n20:     \tgrant_typeV: 'password',\n21:     \tusernameV:'pkotres.fusoqa@qa.truckonnect.jp',\n22:     \tpasswordV:'Lower@20!',\n23:   }\n24:   if (env == 'QA') {\n25:     \/\/ customize\n26:     \/\/ e.g. config.foo = 'bar';\n27:   } else if (env == 'e2e') {\n28:     \/\/ customize\n29:   }\n30:   return config;\n31: }\n<<<<\norg.graalvm.polyglot.PolyglotException: http call failed after 53 milliseconds for url: https:\/\/restful-booker.herokuapp.com\/auth\njavax.net.ssl.SSLHandshakeException: PKIX path building failed: sun.security.provider.certpath.SunCertPathBuilderException: unable to find valid certification path to requested target\nclasspath:examples\/features\/tockenGeneration1.feature:16\n- com.intuit.karate.core.FeatureResult.getErrorMessagesCombined(FeatureResult.java:215)\n- com.intuit.karate.core.ScenarioEngine.callFeature(ScenarioEngine.java:1955)\n- com.intuit.karate.core.ScenarioEngine.call(ScenarioEngine.java:1857)\n- com.intuit.karate.core.ScenarioEngine.callOnce(ScenarioEngine.java:1932)\n- com.intuit.karate.core.ScenarioEngine.call(ScenarioEngine.java:1870)\n- com.intuit.karate.core.ScenarioBridge.callonce(ScenarioBridge.java:268)\n- com.intuit.karate.core.ScenarioBridge.callonce(ScenarioBridge.java:263)\n\nclasspath:examples\/features\/tockenGeneration1.feature:3\nclasspath:examples\/features\/tockenGeneration1.feature:13\nclasspath:examples\/features\/tockenGeneration1.feature:14\nclasspath:examples\/features\/tockenGeneration1.feature:15\nclasspath:examples\/features\/tockenGeneration1.feature:16\n"},{"result":{"nanos":0,"errorMessage":">> classpath:examples\/features\/tockenGeneration1.feature:12\n>> karate-config.js failed\n>> http call failed after 53 milliseconds for url: https:\/\/restful-booker.herokuapp.com\/auth\njavax.net.ssl.SSLHandshakeException: PKIX path building failed: sun.security.provider.certpath.SunCertPathBuilderException: unable to find valid certification path to requested target\nclasspath:examples\/features\/tockenGeneration1.feature:16\njs failed:\n>>>>\n01: function fn() {    \n02:   var env = karate.env; \/\/ get system property 'karate.env'\n03:   var myToken = karate.callonce('classpath:examples\/features\/tockenGeneration1.feature');\n04:   karate.log('karate.env system property was:', env);\n05:   if (!env) {\n06:     env = 'QA';\n07:   }\n08: \n09:   var config = {\n10:     env: env,\n11: \tmyVarName: 'someValue',\n12: \n13:         getToken:myToken,\n14:     \tBaseURL: 'https:\/\/dtaccpqamgmt.azure-api.net',\n15:     \tBaseURI:'https:\/\/gorest.co.in',\n16:     \taccessToken:'081a3da7d0c5c7962c38851f5671863190194dceb1095d24d9b040c5081f78dc',\n17:     \tclient_idV:'fa54abbf-c88d-4d72-a586-6b8ef229a589',\n18:     \tscopeV: 'https:\/\/truckonnect.onmicrosoft.com\/55f698e1-251e-4aa9-87e4-3025351dc8f7\/user_impersonation User.Read openid profile offline_access',\n19:     \tclient_secretV:'w1p8Q~6cDlfh2NclFd5SJ6g.vxU8YybDB03bmaI_',\n20:     \tgrant_typeV: 'password',\n21:     \tusernameV:'pkotres.fusoqa@qa.truckonnect.jp',\n22:     \tpasswordV:'Lower@20!',\n23:   }\n24:   if (env == 'QA') {\n25:     \/\/ customize\n26:     \/\/ e.g. config.foo = 'bar';\n27:   } else if (env == 'e2e') {\n28:     \/\/ customize\n29:   }\n30:   return config;\n31: }\n<<<<\norg.graalvm.polyglot.PolyglotException: http call failed after 53 milliseconds for url: https:\/\/restful-booker.herokuapp.com\/auth\njavax.net.ssl.SSLHandshakeException: PKIX path building failed: sun.security.provider.certpath.SunCertPathBuilderException: unable to find valid certification path to requested target\nclasspath:examples\/features\/tockenGeneration1.feature:16\n- com.intuit.karate.core.FeatureResult.getErrorMessagesCombined(FeatureResult.java:215)\n- com.intuit.karate.core.ScenarioEngine.callFeature(ScenarioEngine.java:1955)\n- com.intuit.karate.core.ScenarioEngine.call(ScenarioEngine.java:1857)\n- com.intuit.karate.core.ScenarioEngine.callOnce(ScenarioEngine.java:1932)\n- com.intuit.karate.core.ScenarioEngine.call(ScenarioEngine.java:1870)\n- com.intuit.karate.core.ScenarioBridge.callonce(ScenarioBridge.java:268)\n- com.intuit.karate.core.ScenarioBridge.callonce(ScenarioBridge.java:263)\n\nclasspath:examples\/features\/tockenGeneration1.feature:3\nclasspath:examples\/features\/tockenGeneration1.feature:13\nclasspath:examples\/features\/tockenGeneration1.feature:14\nclasspath:examples\/features\/tockenGeneration1.feature:15\nclasspath:examples\/features\/tockenGeneration1.feature:16\nclasspath:examples\/features\/tockenGeneration1.feature:17","millis":0.0,"status":"failed"},"step":{"line":17,"prefix":"And","index":4,"text":"status 200"},"stepLog":"17:44:29.754 classpath:examples\/features\/tockenGeneration1.feature:17\nAnd status 200\n>> classpath:examples\/features\/tockenGeneration1.feature:12\n>> karate-config.js failed\n>> http call failed after 53 milliseconds for url: https:\/\/restful-booker.herokuapp.com\/auth\njavax.net.ssl.SSLHandshakeException: PKIX path building failed: sun.security.provider.certpath.SunCertPathBuilderException: unable to find valid certification path to requested target\nclasspath:examples\/features\/tockenGeneration1.feature:16\njs failed:\n>>>>\n01: function fn() {    \n02:   var env = karate.env; \/\/ get system property 'karate.env'\n03:   var myToken = karate.callonce('classpath:examples\/features\/tockenGeneration1.feature');\n04:   karate.log('karate.env system property was:', env);\n05:   if (!env) {\n06:     env = 'QA';\n07:   }\n08: \n09:   var config = {\n10:     env: env,\n11: \tmyVarName: 'someValue',\n12: \n13:         getToken:myToken,\n14:     \tBaseURL: 'https:\/\/dtaccpqamgmt.azure-api.net',\n15:     \tBaseURI:'https:\/\/gorest.co.in',\n16:     \taccessToken:'081a3da7d0c5c7962c38851f5671863190194dceb1095d24d9b040c5081f78dc',\n17:     \tclient_idV:'fa54abbf-c88d-4d72-a586-6b8ef229a589',\n18:     \tscopeV: 'https:\/\/truckonnect.onmicrosoft.com\/55f698e1-251e-4aa9-87e4-3025351dc8f7\/user_impersonation User.Read openid profile offline_access',\n19:     \tclient_secretV:'w1p8Q~6cDlfh2NclFd5SJ6g.vxU8YybDB03bmaI_',\n20:     \tgrant_typeV: 'password',\n21:     \tusernameV:'pkotres.fusoqa@qa.truckonnect.jp',\n22:     \tpasswordV:'Lower@20!',\n23:   }\n24:   if (env == 'QA') {\n25:     \/\/ customize\n26:     \/\/ e.g. config.foo = 'bar';\n27:   } else if (env == 'e2e') {\n28:     \/\/ customize\n29:   }\n30:   return config;\n31: }\n<<<<\norg.graalvm.polyglot.PolyglotException: http call failed after 53 milliseconds for url: https:\/\/restful-booker.herokuapp.com\/auth\njavax.net.ssl.SSLHandshakeException: PKIX path building failed: sun.security.provider.certpath.SunCertPathBuilderException: unable to find valid certification path to requested target\nclasspath:examples\/features\/tockenGeneration1.feature:16\n- com.intuit.karate.core.FeatureResult.getErrorMessagesCombined(FeatureResult.java:215)\n- com.intuit.karate.core.ScenarioEngine.callFeature(ScenarioEngine.java:1955)\n- com.intuit.karate.core.ScenarioEngine.call(ScenarioEngine.java:1857)\n- com.intuit.karate.core.ScenarioEngine.callOnce(ScenarioEngine.java:1932)\n- com.intuit.karate.core.ScenarioEngine.call(ScenarioEngine.java:1870)\n- com.intuit.karate.core.ScenarioBridge.callonce(ScenarioBridge.java:268)\n- com.intuit.karate.core.ScenarioBridge.callonce(ScenarioBridge.java:263)\n\nclasspath:examples\/features\/tockenGeneration1.feature:3\nclasspath:examples\/features\/tockenGeneration1.feature:13\nclasspath:examples\/features\/tockenGeneration1.feature:14\nclasspath:examples\/features\/tockenGeneration1.feature:15\nclasspath:examples\/features\/tockenGeneration1.feature:16\nclasspath:examples\/features\/tockenGeneration1.feature:17\n"},{"result":{"nanos":0,"errorMessage":">> classpath:examples\/features\/tockenGeneration1.feature:12\n>> karate-config.js failed\n>> http call failed after 53 milliseconds for url: https:\/\/restful-booker.herokuapp.com\/auth\njavax.net.ssl.SSLHandshakeException: PKIX path building failed: sun.security.provider.certpath.SunCertPathBuilderException: unable to find valid certification path to requested target\nclasspath:examples\/features\/tockenGeneration1.feature:16\njs failed:\n>>>>\n01: function fn() {    \n02:   var env = karate.env; \/\/ get system property 'karate.env'\n03:   var myToken = karate.callonce('classpath:examples\/features\/tockenGeneration1.feature');\n04:   karate.log('karate.env system property was:', env);\n05:   if (!env) {\n06:     env = 'QA';\n07:   }\n08: \n09:   var config = {\n10:     env: env,\n11: \tmyVarName: 'someValue',\n12: \n13:         getToken:myToken,\n14:     \tBaseURL: 'https:\/\/dtaccpqamgmt.azure-api.net',\n15:     \tBaseURI:'https:\/\/gorest.co.in',\n16:     \taccessToken:'081a3da7d0c5c7962c38851f5671863190194dceb1095d24d9b040c5081f78dc',\n17:     \tclient_idV:'fa54abbf-c88d-4d72-a586-6b8ef229a589',\n18:     \tscopeV: 'https:\/\/truckonnect.onmicrosoft.com\/55f698e1-251e-4aa9-87e4-3025351dc8f7\/user_impersonation User.Read openid profile offline_access',\n19:     \tclient_secretV:'w1p8Q~6cDlfh2NclFd5SJ6g.vxU8YybDB03bmaI_',\n20:     \tgrant_typeV: 'password',\n21:     \tusernameV:'pkotres.fusoqa@qa.truckonnect.jp',\n22:     \tpasswordV:'Lower@20!',\n23:   }\n24:   if (env == 'QA') {\n25:     \/\/ customize\n26:     \/\/ e.g. config.foo = 'bar';\n27:   } else if (env == 'e2e') {\n28:     \/\/ customize\n29:   }\n30:   return config;\n31: }\n<<<<\norg.graalvm.polyglot.PolyglotException: http call failed after 53 milliseconds for url: https:\/\/restful-booker.herokuapp.com\/auth\njavax.net.ssl.SSLHandshakeException: PKIX path building failed: sun.security.provider.certpath.SunCertPathBuilderException: unable to find valid certification path to requested target\nclasspath:examples\/features\/tockenGeneration1.feature:16\n- com.intuit.karate.core.FeatureResult.getErrorMessagesCombined(FeatureResult.java:215)\n- com.intuit.karate.core.ScenarioEngine.callFeature(ScenarioEngine.java:1955)\n- com.intuit.karate.core.ScenarioEngine.call(ScenarioEngine.java:1857)\n- com.intuit.karate.core.ScenarioEngine.callOnce(ScenarioEngine.java:1932)\n- com.intuit.karate.core.ScenarioEngine.call(ScenarioEngine.java:1870)\n- com.intuit.karate.core.ScenarioBridge.callonce(ScenarioBridge.java:268)\n- com.intuit.karate.core.ScenarioBridge.callonce(ScenarioBridge.java:263)\n\nclasspath:examples\/features\/tockenGeneration1.feature:3\nclasspath:examples\/features\/tockenGeneration1.feature:13\nclasspath:examples\/features\/tockenGeneration1.feature:14\nclasspath:examples\/features\/tockenGeneration1.feature:15\nclasspath:examples\/features\/tockenGeneration1.feature:16\nclasspath:examples\/features\/tockenGeneration1.feature:17\nclasspath:examples\/features\/tockenGeneration1.feature:18","millis":0.0,"status":"failed"},"step":{"line":18,"prefix":"*","index":5,"text":"def token = $.token"},"stepLog":"17:44:29.754 classpath:examples\/features\/tockenGeneration1.feature:18\n* def token = $.token\n>> classpath:examples\/features\/tockenGeneration1.feature:12\n>> karate-config.js failed\n>> http call failed after 53 milliseconds for url: https:\/\/restful-booker.herokuapp.com\/auth\njavax.net.ssl.SSLHandshakeException: PKIX path building failed: sun.security.provider.certpath.SunCertPathBuilderException: unable to find valid certification path to requested target\nclasspath:examples\/features\/tockenGeneration1.feature:16\njs failed:\n>>>>\n01: function fn() {    \n02:   var env = karate.env; \/\/ get system property 'karate.env'\n03:   var myToken = karate.callonce('classpath:examples\/features\/tockenGeneration1.feature');\n04:   karate.log('karate.env system property was:', env);\n05:   if (!env) {\n06:     env = 'QA';\n07:   }\n08: \n09:   var config = {\n10:     env: env,\n11: \tmyVarName: 'someValue',\n12: \n13:         getToken:myToken,\n14:     \tBaseURL: 'https:\/\/dtaccpqamgmt.azure-api.net',\n15:     \tBaseURI:'https:\/\/gorest.co.in',\n16:     \taccessToken:'081a3da7d0c5c7962c38851f5671863190194dceb1095d24d9b040c5081f78dc',\n17:     \tclient_idV:'fa54abbf-c88d-4d72-a586-6b8ef229a589',\n18:     \tscopeV: 'https:\/\/truckonnect.onmicrosoft.com\/55f698e1-251e-4aa9-87e4-3025351dc8f7\/user_impersonation User.Read openid profile offline_access',\n19:     \tclient_secretV:'w1p8Q~6cDlfh2NclFd5SJ6g.vxU8YybDB03bmaI_',\n20:     \tgrant_typeV: 'password',\n21:     \tusernameV:'pkotres.fusoqa@qa.truckonnect.jp',\n22:     \tpasswordV:'Lower@20!',\n23:   }\n24:   if (env == 'QA') {\n25:     \/\/ customize\n26:     \/\/ e.g. config.foo = 'bar';\n27:   } else if (env == 'e2e') {\n28:     \/\/ customize\n29:   }\n30:   return config;\n31: }\n<<<<\norg.graalvm.polyglot.PolyglotException: http call failed after 53 milliseconds for url: https:\/\/restful-booker.herokuapp.com\/auth\njavax.net.ssl.SSLHandshakeException: PKIX path building failed: sun.security.provider.certpath.SunCertPathBuilderException: unable to find valid certification path to requested target\nclasspath:examples\/features\/tockenGeneration1.feature:16\n- com.intuit.karate.core.FeatureResult.getErrorMessagesCombined(FeatureResult.java:215)\n- com.intuit.karate.core.ScenarioEngine.callFeature(ScenarioEngine.java:1955)\n- com.intuit.karate.core.ScenarioEngine.call(ScenarioEngine.java:1857)\n- com.intuit.karate.core.ScenarioEngine.callOnce(ScenarioEngine.java:1932)\n- com.intuit.karate.core.ScenarioEngine.call(ScenarioEngine.java:1870)\n- com.intuit.karate.core.ScenarioBridge.callonce(ScenarioBridge.java:268)\n- com.intuit.karate.core.ScenarioBridge.callonce(ScenarioBridge.java:263)\n\nclasspath:examples\/features\/tockenGeneration1.feature:3\nclasspath:examples\/features\/tockenGeneration1.feature:13\nclasspath:examples\/features\/tockenGeneration1.feature:14\nclasspath:examples\/features\/tockenGeneration1.feature:15\nclasspath:examples\/features\/tockenGeneration1.feature:16\nclasspath:examples\/features\/tockenGeneration1.feature:17\nclasspath:examples\/features\/tockenGeneration1.feature:18\n"},{"result":{"nanos":0,"errorMessage":">> classpath:examples\/features\/tockenGeneration1.feature:12\n>> karate-config.js failed\n>> http call failed after 53 milliseconds for url: https:\/\/restful-booker.herokuapp.com\/auth\njavax.net.ssl.SSLHandshakeException: PKIX path building failed: sun.security.provider.certpath.SunCertPathBuilderException: unable to find valid certification path to requested target\nclasspath:examples\/features\/tockenGeneration1.feature:16\njs failed:\n>>>>\n01: function fn() {    \n02:   var env = karate.env; \/\/ get system property 'karate.env'\n03:   var myToken = karate.callonce('classpath:examples\/features\/tockenGeneration1.feature');\n04:   karate.log('karate.env system property was:', env);\n05:   if (!env) {\n06:     env = 'QA';\n07:   }\n08: \n09:   var config = {\n10:     env: env,\n11: \tmyVarName: 'someValue',\n12: \n13:         getToken:myToken,\n14:     \tBaseURL: 'https:\/\/dtaccpqamgmt.azure-api.net',\n15:     \tBaseURI:'https:\/\/gorest.co.in',\n16:     \taccessToken:'081a3da7d0c5c7962c38851f5671863190194dceb1095d24d9b040c5081f78dc',\n17:     \tclient_idV:'fa54abbf-c88d-4d72-a586-6b8ef229a589',\n18:     \tscopeV: 'https:\/\/truckonnect.onmicrosoft.com\/55f698e1-251e-4aa9-87e4-3025351dc8f7\/user_impersonation User.Read openid profile offline_access',\n19:     \tclient_secretV:'w1p8Q~6cDlfh2NclFd5SJ6g.vxU8YybDB03bmaI_',\n20:     \tgrant_typeV: 'password',\n21:     \tusernameV:'pkotres.fusoqa@qa.truckonnect.jp',\n22:     \tpasswordV:'Lower@20!',\n23:   }\n24:   if (env == 'QA') {\n25:     \/\/ customize\n26:     \/\/ e.g. config.foo = 'bar';\n27:   } else if (env == 'e2e') {\n28:     \/\/ customize\n29:   }\n30:   return config;\n31: }\n<<<<\norg.graalvm.polyglot.PolyglotException: http call failed after 53 milliseconds for url: https:\/\/restful-booker.herokuapp.com\/auth\njavax.net.ssl.SSLHandshakeException: PKIX path building failed: sun.security.provider.certpath.SunCertPathBuilderException: unable to find valid certification path to requested target\nclasspath:examples\/features\/tockenGeneration1.feature:16\n- com.intuit.karate.core.FeatureResult.getErrorMessagesCombined(FeatureResult.java:215)\n- com.intuit.karate.core.ScenarioEngine.callFeature(ScenarioEngine.java:1955)\n- com.intuit.karate.core.ScenarioEngine.call(ScenarioEngine.java:1857)\n- com.intuit.karate.core.ScenarioEngine.callOnce(ScenarioEngine.java:1932)\n- com.intuit.karate.core.ScenarioEngine.call(ScenarioEngine.java:1870)\n- com.intuit.karate.core.ScenarioBridge.callonce(ScenarioBridge.java:268)\n- com.intuit.karate.core.ScenarioBridge.callonce(ScenarioBridge.java:263)\n\nclasspath:examples\/features\/tockenGeneration1.feature:3\nclasspath:examples\/features\/tockenGeneration1.feature:13\nclasspath:examples\/features\/tockenGeneration1.feature:14\nclasspath:examples\/features\/tockenGeneration1.feature:15\nclasspath:examples\/features\/tockenGeneration1.feature:16\nclasspath:examples\/features\/tockenGeneration1.feature:17\nclasspath:examples\/features\/tockenGeneration1.feature:18\nclasspath:examples\/features\/tockenGeneration1.feature:19","millis":0.0,"status":"failed"},"step":{"line":19,"prefix":"*","index":6,"text":"print token"},"stepLog":"17:44:29.755 classpath:examples\/features\/tockenGeneration1.feature:19\n* print token\n>> classpath:examples\/features\/tockenGeneration1.feature:12\n>> karate-config.js failed\n>> http call failed after 53 milliseconds for url: https:\/\/restful-booker.herokuapp.com\/auth\njavax.net.ssl.SSLHandshakeException: PKIX path building failed: sun.security.provider.certpath.SunCertPathBuilderException: unable to find valid certification path to requested target\nclasspath:examples\/features\/tockenGeneration1.feature:16\njs failed:\n>>>>\n01: function fn() {    \n02:   var env = karate.env; \/\/ get system property 'karate.env'\n03:   var myToken = karate.callonce('classpath:examples\/features\/tockenGeneration1.feature');\n04:   karate.log('karate.env system property was:', env);\n05:   if (!env) {\n06:     env = 'QA';\n07:   }\n08: \n09:   var config = {\n10:     env: env,\n11: \tmyVarName: 'someValue',\n12: \n13:         getToken:myToken,\n14:     \tBaseURL: 'https:\/\/dtaccpqamgmt.azure-api.net',\n15:     \tBaseURI:'https:\/\/gorest.co.in',\n16:     \taccessToken:'081a3da7d0c5c7962c38851f5671863190194dceb1095d24d9b040c5081f78dc',\n17:     \tclient_idV:'fa54abbf-c88d-4d72-a586-6b8ef229a589',\n18:     \tscopeV: 'https:\/\/truckonnect.onmicrosoft.com\/55f698e1-251e-4aa9-87e4-3025351dc8f7\/user_impersonation User.Read openid profile offline_access',\n19:     \tclient_secretV:'w1p8Q~6cDlfh2NclFd5SJ6g.vxU8YybDB03bmaI_',\n20:     \tgrant_typeV: 'password',\n21:     \tusernameV:'pkotres.fusoqa@qa.truckonnect.jp',\n22:     \tpasswordV:'Lower@20!',\n23:   }\n24:   if (env == 'QA') {\n25:     \/\/ customize\n26:     \/\/ e.g. config.foo = 'bar';\n27:   } else if (env == 'e2e') {\n28:     \/\/ customize\n29:   }\n30:   return config;\n31: }\n<<<<\norg.graalvm.polyglot.PolyglotException: http call failed after 53 milliseconds for url: https:\/\/restful-booker.herokuapp.com\/auth\njavax.net.ssl.SSLHandshakeException: PKIX path building failed: sun.security.provider.certpath.SunCertPathBuilderException: unable to find valid certification path to requested target\nclasspath:examples\/features\/tockenGeneration1.feature:16\n- com.intuit.karate.core.FeatureResult.getErrorMessagesCombined(FeatureResult.java:215)\n- com.intuit.karate.core.ScenarioEngine.callFeature(ScenarioEngine.java:1955)\n- com.intuit.karate.core.ScenarioEngine.call(ScenarioEngine.java:1857)\n- com.intuit.karate.core.ScenarioEngine.callOnce(ScenarioEngine.java:1932)\n- com.intuit.karate.core.ScenarioEngine.call(ScenarioEngine.java:1870)\n- com.intuit.karate.core.ScenarioBridge.callonce(ScenarioBridge.java:268)\n- com.intuit.karate.core.ScenarioBridge.callonce(ScenarioBridge.java:263)\n\nclasspath:examples\/features\/tockenGeneration1.feature:3\nclasspath:examples\/features\/tockenGeneration1.feature:13\nclasspath:examples\/features\/tockenGeneration1.feature:14\nclasspath:examples\/features\/tockenGeneration1.feature:15\nclasspath:examples\/features\/tockenGeneration1.feature:16\nclasspath:examples\/features\/tockenGeneration1.feature:17\nclasspath:examples\/features\/tockenGeneration1.feature:18\nclasspath:examples\/features\/tockenGeneration1.feature:19\n"}],"line":12,"description":"","durationMillis":0.0,"failed":true,"error":">> classpath:examples\/features\/tockenGeneration1.feature:12\n>> karate-config.js failed\n>> http call failed after 53 milliseconds for url: https:\/\/restful-booker.herokuapp.com\/auth\njavax.net.ssl.SSLHandshakeException: PKIX path building failed: sun.security.provider.certpath.SunCertPathBuilderException: unable to find valid certification path to requested target\nclasspath:examples\/features\/tockenGeneration1.feature:16\njs failed:\n>>>>\n01: function fn() {    \n02:   var env = karate.env; \/\/ get system property 'karate.env'\n03:   var myToken = karate.callonce('classpath:examples\/features\/tockenGeneration1.feature');\n04:   karate.log('karate.env system property was:', env);\n05:   if (!env) {\n06:     env = 'QA';\n07:   }\n08: \n09:   var config = {\n10:     env: env,\n11: \tmyVarName: 'someValue',\n12: \n13:         getToken:myToken,\n14:     \tBaseURL: 'https:\/\/dtaccpqamgmt.azure-api.net',\n15:     \tBaseURI:'https:\/\/gorest.co.in',\n16:     \taccessToken:'081a3da7d0c5c7962c38851f5671863190194dceb1095d24d9b040c5081f78dc',\n17:     \tclient_idV:'fa54abbf-c88d-4d72-a586-6b8ef229a589',\n18:     \tscopeV: 'https:\/\/truckonnect.onmicrosoft.com\/55f698e1-251e-4aa9-87e4-3025351dc8f7\/user_impersonation User.Read openid profile offline_access',\n19:     \tclient_secretV:'w1p8Q~6cDlfh2NclFd5SJ6g.vxU8YybDB03bmaI_',\n20:     \tgrant_typeV: 'password',\n21:     \tusernameV:'pkotres.fusoqa@qa.truckonnect.jp',\n22:     \tpasswordV:'Lower@20!',\n23:   }\n24:   if (env == 'QA') {\n25:     \/\/ customize\n26:     \/\/ e.g. config.foo = 'bar';\n27:   } else if (env == 'e2e') {\n28:     \/\/ customize\n29:   }\n30:   return config;\n31: }\n<<<<\norg.graalvm.polyglot.PolyglotException: http call failed after 53 milliseconds for url: https:\/\/restful-booker.herokuapp.com\/auth\njavax.net.ssl.SSLHandshakeException: PKIX path building failed: sun.security.provider.certpath.SunCertPathBuilderException: unable to find valid certification path to requested target\nclasspath:examples\/features\/tockenGeneration1.feature:16\n- com.intuit.karate.core.FeatureResult.getErrorMessagesCombined(FeatureResult.java:215)\n- com.intuit.karate.core.ScenarioEngine.callFeature(ScenarioEngine.java:1955)\n- com.intuit.karate.core.ScenarioEngine.call(ScenarioEngine.java:1857)\n- com.intuit.karate.core.ScenarioEngine.callOnce(ScenarioEngine.java:1932)\n- com.intuit.karate.core.ScenarioEngine.call(ScenarioEngine.java:1870)\n- com.intuit.karate.core.ScenarioBridge.callonce(ScenarioBridge.java:268)\n- com.intuit.karate.core.ScenarioBridge.callonce(ScenarioBridge.java:263)\n\nclasspath:examples\/features\/tockenGeneration1.feature:3\nclasspath:examples\/features\/tockenGeneration1.feature:13\nclasspath:examples\/features\/tockenGeneration1.feature:14\nclasspath:examples\/features\/tockenGeneration1.feature:15\nclasspath:examples\/features\/tockenGeneration1.feature:16\nclasspath:examples\/features\/tockenGeneration1.feature:17\nclasspath:examples\/features\/tockenGeneration1.feature:18\nclasspath:examples\/features\/tockenGeneration1.feature:19","tags":["Regression"],"executorName":"main","name":": Sample API request demo","startTime":1691397869688,"refId":"[1:12]","endTime":1691397869755,"exampleIndex":-1}],"callDepth":0,"name":"Creation of access token","description":"","resultDate":"2023-08-07 05:44:29 PM","durationMillis":0.0,"passedCount":0}