<!DOCTYPE html>
<html lang="en">
  <head>
    <meta charset="utf-8"/>
    <meta name="viewport" content="width=device-width, initial-scale=1, shrink-to-fit=no"/>
    <link rel="stylesheet" href="res/bootstrap.min.css" type="text/css"/>
    <link rel="stylesheet" href="res/karate-report.css" type="text/css"/>
    <link rel="shortcut icon" href="favicon.ico"/>
    <script type="text/javascript" src="res/jquery.min.js"></script>
    <script type="text/javascript" src="res/jquery.tablesorter.min.js"></script>
    <script type="text/javascript" src="res/jquery-ui.min.js"></script>
    <script type="text/javascript" src="res/bootstrap.min.js"></script>
    <script type="text/javascript" src="res/karate-report.js"></script>
    <script type="text/javascript" src="res/Resemble.js"></script>
    <script>
!function(t,e){var o,n,p,r;e.__SV||(window.posthog=e,e._i=[],e.init=function(i,s,a){function g(t,e){var o=e.split(".");2==o.length&&(t=t[o[0]],e=o[1]),t[e]=function(){t.push([e].concat(Array.prototype.slice.call(arguments,0)))}}(p=t.createElement("script")).type="text/javascript",p.async=!0,p.src=s.api_host+"/static/array.js",(r=t.getElementsByTagName("script")[0]).parentNode.insertBefore(p,r);var u=e;for(void 0!==a?u=e[a]=[]:a="posthog",u.people=u.people||[],u.toString=function(t){var e="posthog";return"posthog"!==a&&(e+="."+a),t||(e+=" (stub)"),e},u.people.toString=function(){return u.toString(1)+".people (stub)"},o="capture identify alias people.set people.set_once set_config register register_once unregister opt_out_capturing has_opted_out_capturing opt_in_capturing reset isFeatureEnabled onFeatureFlags".split(" "),n=0;n<o.length;n++)g(u,o[n]);e._i.push([i,s,a])},e.__SV=1)}(document,window.posthog||[]);
posthog.init('phc_M6fKk3dSX9HjglkqPSybauGas45NINb7EgsPGU8N9g1',{
  api_host:'https://app.posthog.com',
  persistence:'localStorage',
  autocapture:false,
  capture_pageview:false,
  api_transport:'sendBeacon',
  loaded: function(posthog) { 
    posthog.capture("report_feature",{distinct_id:"bbedb6ad-8d9c-4652-b8df-bb64197ab12f",karate_version:"1.4.0",karate_meta:null});
  }
});
</script>

    <title>examples.features.feature1</title>
  </head>
  <body>
    <div id="root-container">
      <div id="leftnav">
        
        <div>
  <div class="nav-logo">
    <a href="https://karatelabs.io">
      <img src="karate-labs-logo-ring.svg" alt="Karate Labs"/>
    </a>
    <div class="nav-count">
      <div id="nav-pass" class="bg-success">0</div>
      <div id="nav-fail" class="bg-danger">1</div>
    </div>
  </div>
  <div id="nav-env">
    <div></div>
  </div>
  <div id="nav-type">
    <div>Scenarios</div>
  </div>
  <div id="nav-date">
    <div>2023-08-07 05:44:27 PM</div>
  </div>
</div>

        <div class="nav-container">
          <div class="nav-item failed">
            <a href="#[1:16]"><span>[1:16]</span> <span>: Sample API request demo</span></a>
          </div>
        </div>
      </div>
      <div id="content">
        <div class="page-heading alert alert-primary">
          <a href="karate-summary.html">Summary</a><span class="feature-label">|</span>
          <a href="karate-tags.html">Tags</a><span class="feature-label">|</span>
          <span class="feature-label">Feature:</span>
          <span class="feature-path">examples/features/feature1.feature</span><span class="feature-label">|</span>
          <span class="feature-name">Single scenario having all CRUD operation in one scenario</span>
          <span class="feature-description"></span>
        </div>
        <div class="scenario">
          <div class="scenario-heading" id="[1:16]">
            <div class="heading-container">
              <div class="scenario-tags">
                <a class="badge badge-primary" href="karate-tags.html">Regression</a>
              </div>
              <div class="scenario-keyword">
                Scenario: <span>[1:16]</span>
                <span class="scenario-name">: Sample API request demo</span>
                <span></span>
              </div>
            </div>
            <div class="scenario-time failed">
              <span>ms:</span>&nbsp;<span>0</span>
            </div>
          </div>
          <div class="step-row">
            <div class="step-container" id="[1:16]bg">
              <div class="step-ref bg-step">&gt;&gt;</div>
              <div class="step-cell passed">Background:</div>
            </div>
            <div class="time-cell passed"></div>
          </div>
          <div data-parent="[1:16]bg"><div>
  

  

  <div class="step-row">
    <div class="step-container" id="0.4">
      <div class="step-ref bg-step">4</div>
      
      <div class="step-cell failed">
        <span>*</span>&nbsp;<span>def requestPayload =</span>
      </div>
    </div>
    <div class="time-cell failed">0</div>
  </div>

   
  
  <div class="preformatted" data-parent="0.4">{
   &quot;name&quot;:&quot;Pall10&quot;,
   &quot;email&quot;:&quot;Pall7@gh10.in&quot;,
   &quot;gender&quot;:&quot;female&quot;,
   &quot;status&quot;:&quot;active&quot;
 }</div>

  

  <div class="preformatted" data-parent="0.4">17:44:27.165 classpath:examples/features/feature1.feature:4
* def requestPayload =
&quot;&quot;&quot;
{
   &quot;name&quot;:&quot;Pall10&quot;,
   &quot;email&quot;:&quot;Pall7@gh10.in&quot;,
   &quot;gender&quot;:&quot;female&quot;,
   &quot;status&quot;:&quot;active&quot;
 }
&quot;&quot;&quot;
&gt;&gt; classpath:examples/features/feature1.feature:16
&gt;&gt; karate-config.js failed
&gt;&gt; http call failed after 633 milliseconds for url: https://restful-booker.herokuapp.com/auth
javax.net.ssl.SSLHandshakeException: PKIX path building failed: sun.security.provider.certpath.SunCertPathBuilderException: unable to find valid certification path to requested target
classpath:examples/features/tockenGeneration1.feature:16
js failed:
&gt;&gt;&gt;&gt;
01: function fn() {    
02:   var env = karate.env; // get system property &#39;karate.env&#39;
03:   var myToken = karate.callonce(&#39;classpath:examples/features/tockenGeneration1.feature&#39;);
04:   karate.log(&#39;karate.env system property was:&#39;, env);
05:   if (!env) {
06:     env = &#39;QA&#39;;
07:   }
08: 
09:   var config = {
10:     env: env,
11: 	myVarName: &#39;someValue&#39;,
12: 
13:         getToken:myToken,
14:     	BaseURL: &#39;https://dtaccpqamgmt.azure-api.net&#39;,
15:     	BaseURI:&#39;https://gorest.co.in&#39;,
16:     	accessToken:&#39;081a3da7d0c5c7962c38851f5671863190194dceb1095d24d9b040c5081f78dc&#39;,
17:     	client_idV:&#39;fa54abbf-c88d-4d72-a586-6b8ef229a589&#39;,
18:     	scopeV: &#39;https://truckonnect.onmicrosoft.com/55f698e1-251e-4aa9-87e4-3025351dc8f7/user_impersonation User.Read openid profile offline_access&#39;,
19:     	client_secretV:&#39;w1p8Q~6cDlfh2NclFd5SJ6g.vxU8YybDB03bmaI_&#39;,
20:     	grant_typeV: &#39;password&#39;,
21:     	usernameV:&#39;pkotres.fusoqa@qa.truckonnect.jp&#39;,
22:     	passwordV:&#39;Lower@20!&#39;,
23:   }
24:   if (env == &#39;QA&#39;) {
25:     // customize
26:     // e.g. config.foo = &#39;bar&#39;;
27:   } else if (env == &#39;e2e&#39;) {
28:     // customize
29:   }
30:   return config;
31: }
&lt;&lt;&lt;&lt;
org.graalvm.polyglot.PolyglotException: http call failed after 633 milliseconds for url: https://restful-booker.herokuapp.com/auth
javax.net.ssl.SSLHandshakeException: PKIX path building failed: sun.security.provider.certpath.SunCertPathBuilderException: unable to find valid certification path to requested target
classpath:examples/features/tockenGeneration1.feature:16
- com.intuit.karate.core.FeatureResult.getErrorMessagesCombined(FeatureResult.java:215)
- com.intuit.karate.core.ScenarioEngine.callFeature(ScenarioEngine.java:1955)
- com.intuit.karate.core.ScenarioEngine.call(ScenarioEngine.java:1857)
- com.intuit.karate.core.ScenarioEngine.callOnce(ScenarioEngine.java:1932)
- com.intuit.karate.core.ScenarioEngine.call(ScenarioEngine.java:1870)
- com.intuit.karate.core.ScenarioBridge.callonce(ScenarioBridge.java:268)
- com.intuit.karate.core.ScenarioBridge.callonce(ScenarioBridge.java:263)

classpath:examples/features/feature1.feature:4
</div>   

  <div>
        
    <div class="step-row">
      <div class="step-container" id="0.4.0.call">
        <div class="step-ref bg-step">&gt;&gt;</div>
        <div class="step-indent"></div>
        <div class="step-cell passed">examples.features.tockenGeneration1</div>
      </div>
      <div class="time-cell passed">762</div>
    </div>
    <div>
      <div><div>
  

  

  <div class="step-row" data-parent="0.4.0.call">
    <div class="step-container" id="0.4.0.call.0.3">
      <div class="step-ref bg-step">3</div>
      <div class="step-indent"></div>
      <div class="step-cell passed">
        <span>*</span>&nbsp;<span>def requestPayload =</span>
      </div>
    </div>
    <div class="time-cell passed">39</div>
  </div>

   
  
  <div class="preformatted" data-parent="0.4.0.call.0.3">{
  &quot;username&quot; : &quot;admin&quot;,
  &quot;password&quot; : &quot;password123&quot;
}</div>

  

  <div class="preformatted" data-parent="0.4.0.call.0.3">17:44:26.365 &gt;&gt; lock acquired, begin callonce: read(&#39;classpath:examples/features/tockenGeneration1.feature&#39;)
</div>   

  

</div>
</div>
      <div><div>
  

  

  <div class="step-row" data-parent="0.4.0.call">
    <div class="step-container" id="0.4.0.call.0.13">
      <div class="step-ref bg-step">13</div>
      <div class="step-indent"></div>
      <div class="step-cell passed">
        <span>Given</span>&nbsp;<span>url &#39;https://restful-booker.herokuapp.com/auth&#39;</span>
      </div>
    </div>
    <div class="time-cell passed">1</div>
  </div>

   
  
  

  

     

  

</div>
</div>
      <div><div>
  

  

  <div class="step-row" data-parent="0.4.0.call">
    <div class="step-container" id="0.4.0.call.0.14">
      <div class="step-ref bg-step">14</div>
      <div class="step-indent"></div>
      <div class="step-cell passed">
        <span>And</span>&nbsp;<span>header Content-Type = &#39;application/json&#39;</span>
      </div>
    </div>
    <div class="time-cell passed">1</div>
  </div>

   
  
  

  

     

  

</div>
</div>
      <div><div>
  

  

  <div class="step-row" data-parent="0.4.0.call">
    <div class="step-container" id="0.4.0.call.0.15">
      <div class="step-ref bg-step">15</div>
      <div class="step-indent"></div>
      <div class="step-cell passed">
        <span>And</span>&nbsp;<span>request requestPayload</span>
      </div>
    </div>
    <div class="time-cell passed">14</div>
  </div>

   
  
  

  

     

  

</div>
</div>
      <div><div>
  

  

  <div class="step-row" data-parent="0.4.0.call">
    <div class="step-container" id="0.4.0.call.0.16">
      <div class="step-ref bg-step">16</div>
      <div class="step-indent"></div>
      <div class="step-cell failed">
        <span>When</span>&nbsp;<span>method post</span>
      </div>
    </div>
    <div class="time-cell failed">708</div>
  </div>

   
  
  

  

  <div class="preformatted" data-parent="0.4.0.call.0.16">17:44:26.834 request:
1 &gt; POST https://restful-booker.herokuapp.com/auth
1 &gt; Content-Type: application/json; charset=UTF-8
1 &gt; Content-Length: 45
1 &gt; Host: restful-booker.herokuapp.com
1 &gt; Connection: Keep-Alive
1 &gt; User-Agent: Apache-HttpClient/4.5.14 (Java/17.0.8)
1 &gt; Accept-Encoding: gzip,deflate
{&quot;username&quot;:&quot;admin&quot;,&quot;password&quot;:&quot;password123&quot;}

17:44:27.145 javax.net.ssl.SSLHandshakeException: PKIX path building failed: sun.security.provider.certpath.SunCertPathBuilderException: unable to find valid certification path to requested target, http call failed after 633 milliseconds for url: https://restful-booker.herokuapp.com/auth
17:44:27.146 classpath:examples/features/tockenGeneration1.feature:16
When method post
http call failed after 633 milliseconds for url: https://restful-booker.herokuapp.com/auth
javax.net.ssl.SSLHandshakeException: PKIX path building failed: sun.security.provider.certpath.SunCertPathBuilderException: unable to find valid certification path to requested target
classpath:examples/features/tockenGeneration1.feature:16
</div>   

  

</div>
</div>
      <div><div>
  

  

  <div class="step-row" data-parent="0.4.0.call">
    <div class="step-container" id="0.4.0.call.0.17">
      <div class="step-ref bg-step">17</div>
      <div class="step-indent"></div>
      <div class="step-cell skipped">
        <span>And</span>&nbsp;<span>status 200</span>
      </div>
    </div>
    <div class="time-cell skipped">0</div>
  </div>

   
  
  

  

     

  

</div>
</div>
      <div><div>
  

  

  <div class="step-row" data-parent="0.4.0.call">
    <div class="step-container" id="0.4.0.call.0.18">
      <div class="step-ref bg-step">18</div>
      <div class="step-indent"></div>
      <div class="step-cell skipped">
        <span>*</span>&nbsp;<span>def token = $.token</span>
      </div>
    </div>
    <div class="time-cell skipped">0</div>
  </div>

   
  
  

  

     

  

</div>
</div>
      <div><div>
  

  

  <div class="step-row" data-parent="0.4.0.call">
    <div class="step-container" id="0.4.0.call.0.19">
      <div class="step-ref bg-step">19</div>
      <div class="step-indent"></div>
      <div class="step-cell skipped">
        <span>*</span>&nbsp;<span>print token</span>
      </div>
    </div>
    <div class="time-cell skipped">0</div>
  </div>

   
  
  

  

     

  

</div>
</div>
    </div>    
  </div>

</div>
</div>
          <div><div>
  

  

  <div class="step-row">
    <div class="step-container" id="0.17">
      <div class="step-ref failed">17</div>
      
      <div class="step-cell failed">
        <span>Given</span>&nbsp;<span>url BaseURI+&#39;/public/v2/users&#39;</span>
      </div>
    </div>
    <div class="time-cell failed">0</div>
  </div>

   
  
  

  

  <div class="preformatted" data-parent="0.17">17:44:27.165 classpath:examples/features/feature1.feature:17
Given url BaseURI+&#39;/public/v2/users&#39;
&gt;&gt; classpath:examples/features/feature1.feature:16
&gt;&gt; karate-config.js failed
&gt;&gt; http call failed after 633 milliseconds for url: https://restful-booker.herokuapp.com/auth
javax.net.ssl.SSLHandshakeException: PKIX path building failed: sun.security.provider.certpath.SunCertPathBuilderException: unable to find valid certification path to requested target
classpath:examples/features/tockenGeneration1.feature:16
js failed:
&gt;&gt;&gt;&gt;
01: function fn() {    
02:   var env = karate.env; // get system property &#39;karate.env&#39;
03:   var myToken = karate.callonce(&#39;classpath:examples/features/tockenGeneration1.feature&#39;);
04:   karate.log(&#39;karate.env system property was:&#39;, env);
05:   if (!env) {
06:     env = &#39;QA&#39;;
07:   }
08: 
09:   var config = {
10:     env: env,
11: 	myVarName: &#39;someValue&#39;,
12: 
13:         getToken:myToken,
14:     	BaseURL: &#39;https://dtaccpqamgmt.azure-api.net&#39;,
15:     	BaseURI:&#39;https://gorest.co.in&#39;,
16:     	accessToken:&#39;081a3da7d0c5c7962c38851f5671863190194dceb1095d24d9b040c5081f78dc&#39;,
17:     	client_idV:&#39;fa54abbf-c88d-4d72-a586-6b8ef229a589&#39;,
18:     	scopeV: &#39;https://truckonnect.onmicrosoft.com/55f698e1-251e-4aa9-87e4-3025351dc8f7/user_impersonation User.Read openid profile offline_access&#39;,
19:     	client_secretV:&#39;w1p8Q~6cDlfh2NclFd5SJ6g.vxU8YybDB03bmaI_&#39;,
20:     	grant_typeV: &#39;password&#39;,
21:     	usernameV:&#39;pkotres.fusoqa@qa.truckonnect.jp&#39;,
22:     	passwordV:&#39;Lower@20!&#39;,
23:   }
24:   if (env == &#39;QA&#39;) {
25:     // customize
26:     // e.g. config.foo = &#39;bar&#39;;
27:   } else if (env == &#39;e2e&#39;) {
28:     // customize
29:   }
30:   return config;
31: }
&lt;&lt;&lt;&lt;
org.graalvm.polyglot.PolyglotException: http call failed after 633 milliseconds for url: https://restful-booker.herokuapp.com/auth
javax.net.ssl.SSLHandshakeException: PKIX path building failed: sun.security.provider.certpath.SunCertPathBuilderException: unable to find valid certification path to requested target
classpath:examples/features/tockenGeneration1.feature:16
- com.intuit.karate.core.FeatureResult.getErrorMessagesCombined(FeatureResult.java:215)
- com.intuit.karate.core.ScenarioEngine.callFeature(ScenarioEngine.java:1955)
- com.intuit.karate.core.ScenarioEngine.call(ScenarioEngine.java:1857)
- com.intuit.karate.core.ScenarioEngine.callOnce(ScenarioEngine.java:1932)
- com.intuit.karate.core.ScenarioEngine.call(ScenarioEngine.java:1870)
- com.intuit.karate.core.ScenarioBridge.callonce(ScenarioBridge.java:268)
- com.intuit.karate.core.ScenarioBridge.callonce(ScenarioBridge.java:263)

classpath:examples/features/feature1.feature:4
classpath:examples/features/feature1.feature:17
</div>   

  

</div>
</div>
          <div><div>
  

  

  <div class="step-row">
    <div class="step-container" id="0.18">
      <div class="step-ref failed">18</div>
      
      <div class="step-cell failed">
        <span>And</span>&nbsp;<span>header Authorization = &#39;Bearer &#39;+accessToken</span>
      </div>
    </div>
    <div class="time-cell failed">0</div>
  </div>

   
  
  

  

  <div class="preformatted" data-parent="0.18">17:44:27.165 classpath:examples/features/feature1.feature:18
And header Authorization = &#39;Bearer &#39;+accessToken
&gt;&gt; classpath:examples/features/feature1.feature:16
&gt;&gt; karate-config.js failed
&gt;&gt; http call failed after 633 milliseconds for url: https://restful-booker.herokuapp.com/auth
javax.net.ssl.SSLHandshakeException: PKIX path building failed: sun.security.provider.certpath.SunCertPathBuilderException: unable to find valid certification path to requested target
classpath:examples/features/tockenGeneration1.feature:16
js failed:
&gt;&gt;&gt;&gt;
01: function fn() {    
02:   var env = karate.env; // get system property &#39;karate.env&#39;
03:   var myToken = karate.callonce(&#39;classpath:examples/features/tockenGeneration1.feature&#39;);
04:   karate.log(&#39;karate.env system property was:&#39;, env);
05:   if (!env) {
06:     env = &#39;QA&#39;;
07:   }
08: 
09:   var config = {
10:     env: env,
11: 	myVarName: &#39;someValue&#39;,
12: 
13:         getToken:myToken,
14:     	BaseURL: &#39;https://dtaccpqamgmt.azure-api.net&#39;,
15:     	BaseURI:&#39;https://gorest.co.in&#39;,
16:     	accessToken:&#39;081a3da7d0c5c7962c38851f5671863190194dceb1095d24d9b040c5081f78dc&#39;,
17:     	client_idV:&#39;fa54abbf-c88d-4d72-a586-6b8ef229a589&#39;,
18:     	scopeV: &#39;https://truckonnect.onmicrosoft.com/55f698e1-251e-4aa9-87e4-3025351dc8f7/user_impersonation User.Read openid profile offline_access&#39;,
19:     	client_secretV:&#39;w1p8Q~6cDlfh2NclFd5SJ6g.vxU8YybDB03bmaI_&#39;,
20:     	grant_typeV: &#39;password&#39;,
21:     	usernameV:&#39;pkotres.fusoqa@qa.truckonnect.jp&#39;,
22:     	passwordV:&#39;Lower@20!&#39;,
23:   }
24:   if (env == &#39;QA&#39;) {
25:     // customize
26:     // e.g. config.foo = &#39;bar&#39;;
27:   } else if (env == &#39;e2e&#39;) {
28:     // customize
29:   }
30:   return config;
31: }
&lt;&lt;&lt;&lt;
org.graalvm.polyglot.PolyglotException: http call failed after 633 milliseconds for url: https://restful-booker.herokuapp.com/auth
javax.net.ssl.SSLHandshakeException: PKIX path building failed: sun.security.provider.certpath.SunCertPathBuilderException: unable to find valid certification path to requested target
classpath:examples/features/tockenGeneration1.feature:16
- com.intuit.karate.core.FeatureResult.getErrorMessagesCombined(FeatureResult.java:215)
- com.intuit.karate.core.ScenarioEngine.callFeature(ScenarioEngine.java:1955)
- com.intuit.karate.core.ScenarioEngine.call(ScenarioEngine.java:1857)
- com.intuit.karate.core.ScenarioEngine.callOnce(ScenarioEngine.java:1932)
- com.intuit.karate.core.ScenarioEngine.call(ScenarioEngine.java:1870)
- com.intuit.karate.core.ScenarioBridge.callonce(ScenarioBridge.java:268)
- com.intuit.karate.core.ScenarioBridge.callonce(ScenarioBridge.java:263)

classpath:examples/features/feature1.feature:4
classpath:examples/features/feature1.feature:17
classpath:examples/features/feature1.feature:18
</div>   

  

</div>
</div>
          <div><div>
  

  

  <div class="step-row">
    <div class="step-container" id="0.19">
      <div class="step-ref failed">19</div>
      
      <div class="step-cell failed">
        <span>And</span>&nbsp;<span>request requestPayload</span>
      </div>
    </div>
    <div class="time-cell failed">0</div>
  </div>

   
  
  

  

  <div class="preformatted" data-parent="0.19">17:44:27.165 classpath:examples/features/feature1.feature:19
And request requestPayload
&gt;&gt; classpath:examples/features/feature1.feature:16
&gt;&gt; karate-config.js failed
&gt;&gt; http call failed after 633 milliseconds for url: https://restful-booker.herokuapp.com/auth
javax.net.ssl.SSLHandshakeException: PKIX path building failed: sun.security.provider.certpath.SunCertPathBuilderException: unable to find valid certification path to requested target
classpath:examples/features/tockenGeneration1.feature:16
js failed:
&gt;&gt;&gt;&gt;
01: function fn() {    
02:   var env = karate.env; // get system property &#39;karate.env&#39;
03:   var myToken = karate.callonce(&#39;classpath:examples/features/tockenGeneration1.feature&#39;);
04:   karate.log(&#39;karate.env system property was:&#39;, env);
05:   if (!env) {
06:     env = &#39;QA&#39;;
07:   }
08: 
09:   var config = {
10:     env: env,
11: 	myVarName: &#39;someValue&#39;,
12: 
13:         getToken:myToken,
14:     	BaseURL: &#39;https://dtaccpqamgmt.azure-api.net&#39;,
15:     	BaseURI:&#39;https://gorest.co.in&#39;,
16:     	accessToken:&#39;081a3da7d0c5c7962c38851f5671863190194dceb1095d24d9b040c5081f78dc&#39;,
17:     	client_idV:&#39;fa54abbf-c88d-4d72-a586-6b8ef229a589&#39;,
18:     	scopeV: &#39;https://truckonnect.onmicrosoft.com/55f698e1-251e-4aa9-87e4-3025351dc8f7/user_impersonation User.Read openid profile offline_access&#39;,
19:     	client_secretV:&#39;w1p8Q~6cDlfh2NclFd5SJ6g.vxU8YybDB03bmaI_&#39;,
20:     	grant_typeV: &#39;password&#39;,
21:     	usernameV:&#39;pkotres.fusoqa@qa.truckonnect.jp&#39;,
22:     	passwordV:&#39;Lower@20!&#39;,
23:   }
24:   if (env == &#39;QA&#39;) {
25:     // customize
26:     // e.g. config.foo = &#39;bar&#39;;
27:   } else if (env == &#39;e2e&#39;) {
28:     // customize
29:   }
30:   return config;
31: }
&lt;&lt;&lt;&lt;
org.graalvm.polyglot.PolyglotException: http call failed after 633 milliseconds for url: https://restful-booker.herokuapp.com/auth
javax.net.ssl.SSLHandshakeException: PKIX path building failed: sun.security.provider.certpath.SunCertPathBuilderException: unable to find valid certification path to requested target
classpath:examples/features/tockenGeneration1.feature:16
- com.intuit.karate.core.FeatureResult.getErrorMessagesCombined(FeatureResult.java:215)
- com.intuit.karate.core.ScenarioEngine.callFeature(ScenarioEngine.java:1955)
- com.intuit.karate.core.ScenarioEngine.call(ScenarioEngine.java:1857)
- com.intuit.karate.core.ScenarioEngine.callOnce(ScenarioEngine.java:1932)
- com.intuit.karate.core.ScenarioEngine.call(ScenarioEngine.java:1870)
- com.intuit.karate.core.ScenarioBridge.callonce(ScenarioBridge.java:268)
- com.intuit.karate.core.ScenarioBridge.callonce(ScenarioBridge.java:263)

classpath:examples/features/feature1.feature:4
classpath:examples/features/feature1.feature:17
classpath:examples/features/feature1.feature:18
classpath:examples/features/feature1.feature:19
</div>   

  

</div>
</div>
          <div><div>
  

  

  <div class="step-row">
    <div class="step-container" id="0.20">
      <div class="step-ref failed">20</div>
      
      <div class="step-cell failed">
        <span>When</span>&nbsp;<span>method post</span>
      </div>
    </div>
    <div class="time-cell failed">0</div>
  </div>

   
  
  

  

  <div class="preformatted" data-parent="0.20">17:44:27.165 classpath:examples/features/feature1.feature:20
When method post
&gt;&gt; classpath:examples/features/feature1.feature:16
&gt;&gt; karate-config.js failed
&gt;&gt; http call failed after 633 milliseconds for url: https://restful-booker.herokuapp.com/auth
javax.net.ssl.SSLHandshakeException: PKIX path building failed: sun.security.provider.certpath.SunCertPathBuilderException: unable to find valid certification path to requested target
classpath:examples/features/tockenGeneration1.feature:16
js failed:
&gt;&gt;&gt;&gt;
01: function fn() {    
02:   var env = karate.env; // get system property &#39;karate.env&#39;
03:   var myToken = karate.callonce(&#39;classpath:examples/features/tockenGeneration1.feature&#39;);
04:   karate.log(&#39;karate.env system property was:&#39;, env);
05:   if (!env) {
06:     env = &#39;QA&#39;;
07:   }
08: 
09:   var config = {
10:     env: env,
11: 	myVarName: &#39;someValue&#39;,
12: 
13:         getToken:myToken,
14:     	BaseURL: &#39;https://dtaccpqamgmt.azure-api.net&#39;,
15:     	BaseURI:&#39;https://gorest.co.in&#39;,
16:     	accessToken:&#39;081a3da7d0c5c7962c38851f5671863190194dceb1095d24d9b040c5081f78dc&#39;,
17:     	client_idV:&#39;fa54abbf-c88d-4d72-a586-6b8ef229a589&#39;,
18:     	scopeV: &#39;https://truckonnect.onmicrosoft.com/55f698e1-251e-4aa9-87e4-3025351dc8f7/user_impersonation User.Read openid profile offline_access&#39;,
19:     	client_secretV:&#39;w1p8Q~6cDlfh2NclFd5SJ6g.vxU8YybDB03bmaI_&#39;,
20:     	grant_typeV: &#39;password&#39;,
21:     	usernameV:&#39;pkotres.fusoqa@qa.truckonnect.jp&#39;,
22:     	passwordV:&#39;Lower@20!&#39;,
23:   }
24:   if (env == &#39;QA&#39;) {
25:     // customize
26:     // e.g. config.foo = &#39;bar&#39;;
27:   } else if (env == &#39;e2e&#39;) {
28:     // customize
29:   }
30:   return config;
31: }
&lt;&lt;&lt;&lt;
org.graalvm.polyglot.PolyglotException: http call failed after 633 milliseconds for url: https://restful-booker.herokuapp.com/auth
javax.net.ssl.SSLHandshakeException: PKIX path building failed: sun.security.provider.certpath.SunCertPathBuilderException: unable to find valid certification path to requested target
classpath:examples/features/tockenGeneration1.feature:16
- com.intuit.karate.core.FeatureResult.getErrorMessagesCombined(FeatureResult.java:215)
- com.intuit.karate.core.ScenarioEngine.callFeature(ScenarioEngine.java:1955)
- com.intuit.karate.core.ScenarioEngine.call(ScenarioEngine.java:1857)
- com.intuit.karate.core.ScenarioEngine.callOnce(ScenarioEngine.java:1932)
- com.intuit.karate.core.ScenarioEngine.call(ScenarioEngine.java:1870)
- com.intuit.karate.core.ScenarioBridge.callonce(ScenarioBridge.java:268)
- com.intuit.karate.core.ScenarioBridge.callonce(ScenarioBridge.java:263)

classpath:examples/features/feature1.feature:4
classpath:examples/features/feature1.feature:17
classpath:examples/features/feature1.feature:18
classpath:examples/features/feature1.feature:19
classpath:examples/features/feature1.feature:20
</div>   

  

</div>
</div>
          <div><div>
  

  

  <div class="step-row">
    <div class="step-container" id="0.21">
      <div class="step-ref failed">21</div>
      
      <div class="step-cell failed">
        <span>And</span>&nbsp;<span>status 201</span>
      </div>
    </div>
    <div class="time-cell failed">0</div>
  </div>

   
  
  

  

  <div class="preformatted" data-parent="0.21">17:44:27.165 classpath:examples/features/feature1.feature:21
And status 201
&gt;&gt; classpath:examples/features/feature1.feature:16
&gt;&gt; karate-config.js failed
&gt;&gt; http call failed after 633 milliseconds for url: https://restful-booker.herokuapp.com/auth
javax.net.ssl.SSLHandshakeException: PKIX path building failed: sun.security.provider.certpath.SunCertPathBuilderException: unable to find valid certification path to requested target
classpath:examples/features/tockenGeneration1.feature:16
js failed:
&gt;&gt;&gt;&gt;
01: function fn() {    
02:   var env = karate.env; // get system property &#39;karate.env&#39;
03:   var myToken = karate.callonce(&#39;classpath:examples/features/tockenGeneration1.feature&#39;);
04:   karate.log(&#39;karate.env system property was:&#39;, env);
05:   if (!env) {
06:     env = &#39;QA&#39;;
07:   }
08: 
09:   var config = {
10:     env: env,
11: 	myVarName: &#39;someValue&#39;,
12: 
13:         getToken:myToken,
14:     	BaseURL: &#39;https://dtaccpqamgmt.azure-api.net&#39;,
15:     	BaseURI:&#39;https://gorest.co.in&#39;,
16:     	accessToken:&#39;081a3da7d0c5c7962c38851f5671863190194dceb1095d24d9b040c5081f78dc&#39;,
17:     	client_idV:&#39;fa54abbf-c88d-4d72-a586-6b8ef229a589&#39;,
18:     	scopeV: &#39;https://truckonnect.onmicrosoft.com/55f698e1-251e-4aa9-87e4-3025351dc8f7/user_impersonation User.Read openid profile offline_access&#39;,
19:     	client_secretV:&#39;w1p8Q~6cDlfh2NclFd5SJ6g.vxU8YybDB03bmaI_&#39;,
20:     	grant_typeV: &#39;password&#39;,
21:     	usernameV:&#39;pkotres.fusoqa@qa.truckonnect.jp&#39;,
22:     	passwordV:&#39;Lower@20!&#39;,
23:   }
24:   if (env == &#39;QA&#39;) {
25:     // customize
26:     // e.g. config.foo = &#39;bar&#39;;
27:   } else if (env == &#39;e2e&#39;) {
28:     // customize
29:   }
30:   return config;
31: }
&lt;&lt;&lt;&lt;
org.graalvm.polyglot.PolyglotException: http call failed after 633 milliseconds for url: https://restful-booker.herokuapp.com/auth
javax.net.ssl.SSLHandshakeException: PKIX path building failed: sun.security.provider.certpath.SunCertPathBuilderException: unable to find valid certification path to requested target
classpath:examples/features/tockenGeneration1.feature:16
- com.intuit.karate.core.FeatureResult.getErrorMessagesCombined(FeatureResult.java:215)
- com.intuit.karate.core.ScenarioEngine.callFeature(ScenarioEngine.java:1955)
- com.intuit.karate.core.ScenarioEngine.call(ScenarioEngine.java:1857)
- com.intuit.karate.core.ScenarioEngine.callOnce(ScenarioEngine.java:1932)
- com.intuit.karate.core.ScenarioEngine.call(ScenarioEngine.java:1870)
- com.intuit.karate.core.ScenarioBridge.callonce(ScenarioBridge.java:268)
- com.intuit.karate.core.ScenarioBridge.callonce(ScenarioBridge.java:263)

classpath:examples/features/feature1.feature:4
classpath:examples/features/feature1.feature:17
classpath:examples/features/feature1.feature:18
classpath:examples/features/feature1.feature:19
classpath:examples/features/feature1.feature:20
classpath:examples/features/feature1.feature:21
</div>   

  

</div>
</div>
          <div><div>
  

  

  <div class="step-row">
    <div class="step-container" id="0.22">
      <div class="step-ref failed">22</div>
      
      <div class="step-cell failed">
        <span>*</span>&nbsp;<span>def id = $.id</span>
      </div>
    </div>
    <div class="time-cell failed">0</div>
  </div>

   
  
  

  

  <div class="preformatted" data-parent="0.22">17:44:27.166 classpath:examples/features/feature1.feature:22
* def id = $.id
&gt;&gt; classpath:examples/features/feature1.feature:16
&gt;&gt; karate-config.js failed
&gt;&gt; http call failed after 633 milliseconds for url: https://restful-booker.herokuapp.com/auth
javax.net.ssl.SSLHandshakeException: PKIX path building failed: sun.security.provider.certpath.SunCertPathBuilderException: unable to find valid certification path to requested target
classpath:examples/features/tockenGeneration1.feature:16
js failed:
&gt;&gt;&gt;&gt;
01: function fn() {    
02:   var env = karate.env; // get system property &#39;karate.env&#39;
03:   var myToken = karate.callonce(&#39;classpath:examples/features/tockenGeneration1.feature&#39;);
04:   karate.log(&#39;karate.env system property was:&#39;, env);
05:   if (!env) {
06:     env = &#39;QA&#39;;
07:   }
08: 
09:   var config = {
10:     env: env,
11: 	myVarName: &#39;someValue&#39;,
12: 
13:         getToken:myToken,
14:     	BaseURL: &#39;https://dtaccpqamgmt.azure-api.net&#39;,
15:     	BaseURI:&#39;https://gorest.co.in&#39;,
16:     	accessToken:&#39;081a3da7d0c5c7962c38851f5671863190194dceb1095d24d9b040c5081f78dc&#39;,
17:     	client_idV:&#39;fa54abbf-c88d-4d72-a586-6b8ef229a589&#39;,
18:     	scopeV: &#39;https://truckonnect.onmicrosoft.com/55f698e1-251e-4aa9-87e4-3025351dc8f7/user_impersonation User.Read openid profile offline_access&#39;,
19:     	client_secretV:&#39;w1p8Q~6cDlfh2NclFd5SJ6g.vxU8YybDB03bmaI_&#39;,
20:     	grant_typeV: &#39;password&#39;,
21:     	usernameV:&#39;pkotres.fusoqa@qa.truckonnect.jp&#39;,
22:     	passwordV:&#39;Lower@20!&#39;,
23:   }
24:   if (env == &#39;QA&#39;) {
25:     // customize
26:     // e.g. config.foo = &#39;bar&#39;;
27:   } else if (env == &#39;e2e&#39;) {
28:     // customize
29:   }
30:   return config;
31: }
&lt;&lt;&lt;&lt;
org.graalvm.polyglot.PolyglotException: http call failed after 633 milliseconds for url: https://restful-booker.herokuapp.com/auth
javax.net.ssl.SSLHandshakeException: PKIX path building failed: sun.security.provider.certpath.SunCertPathBuilderException: unable to find valid certification path to requested target
classpath:examples/features/tockenGeneration1.feature:16
- com.intuit.karate.core.FeatureResult.getErrorMessagesCombined(FeatureResult.java:215)
- com.intuit.karate.core.ScenarioEngine.callFeature(ScenarioEngine.java:1955)
- com.intuit.karate.core.ScenarioEngine.call(ScenarioEngine.java:1857)
- com.intuit.karate.core.ScenarioEngine.callOnce(ScenarioEngine.java:1932)
- com.intuit.karate.core.ScenarioEngine.call(ScenarioEngine.java:1870)
- com.intuit.karate.core.ScenarioBridge.callonce(ScenarioBridge.java:268)
- com.intuit.karate.core.ScenarioBridge.callonce(ScenarioBridge.java:263)

classpath:examples/features/feature1.feature:4
classpath:examples/features/feature1.feature:17
classpath:examples/features/feature1.feature:18
classpath:examples/features/feature1.feature:19
classpath:examples/features/feature1.feature:20
classpath:examples/features/feature1.feature:21
classpath:examples/features/feature1.feature:22
</div>   

  

</div>
</div>
          <div><div>
  

  

  <div class="step-row">
    <div class="step-container" id="0.24">
      <div class="step-ref failed">24</div>
      
      <div class="step-cell failed">
        <span>Given</span>&nbsp;<span>url BaseURI+&#39;/public/v2/users/&#39;+id</span>
      </div>
    </div>
    <div class="time-cell failed">0</div>
  </div>

   
  
  

  

  <div class="preformatted" data-parent="0.24">17:44:27.166 classpath:examples/features/feature1.feature:24
Given url BaseURI+&#39;/public/v2/users/&#39;+id
&gt;&gt; classpath:examples/features/feature1.feature:16
&gt;&gt; karate-config.js failed
&gt;&gt; http call failed after 633 milliseconds for url: https://restful-booker.herokuapp.com/auth
javax.net.ssl.SSLHandshakeException: PKIX path building failed: sun.security.provider.certpath.SunCertPathBuilderException: unable to find valid certification path to requested target
classpath:examples/features/tockenGeneration1.feature:16
js failed:
&gt;&gt;&gt;&gt;
01: function fn() {    
02:   var env = karate.env; // get system property &#39;karate.env&#39;
03:   var myToken = karate.callonce(&#39;classpath:examples/features/tockenGeneration1.feature&#39;);
04:   karate.log(&#39;karate.env system property was:&#39;, env);
05:   if (!env) {
06:     env = &#39;QA&#39;;
07:   }
08: 
09:   var config = {
10:     env: env,
11: 	myVarName: &#39;someValue&#39;,
12: 
13:         getToken:myToken,
14:     	BaseURL: &#39;https://dtaccpqamgmt.azure-api.net&#39;,
15:     	BaseURI:&#39;https://gorest.co.in&#39;,
16:     	accessToken:&#39;081a3da7d0c5c7962c38851f5671863190194dceb1095d24d9b040c5081f78dc&#39;,
17:     	client_idV:&#39;fa54abbf-c88d-4d72-a586-6b8ef229a589&#39;,
18:     	scopeV: &#39;https://truckonnect.onmicrosoft.com/55f698e1-251e-4aa9-87e4-3025351dc8f7/user_impersonation User.Read openid profile offline_access&#39;,
19:     	client_secretV:&#39;w1p8Q~6cDlfh2NclFd5SJ6g.vxU8YybDB03bmaI_&#39;,
20:     	grant_typeV: &#39;password&#39;,
21:     	usernameV:&#39;pkotres.fusoqa@qa.truckonnect.jp&#39;,
22:     	passwordV:&#39;Lower@20!&#39;,
23:   }
24:   if (env == &#39;QA&#39;) {
25:     // customize
26:     // e.g. config.foo = &#39;bar&#39;;
27:   } else if (env == &#39;e2e&#39;) {
28:     // customize
29:   }
30:   return config;
31: }
&lt;&lt;&lt;&lt;
org.graalvm.polyglot.PolyglotException: http call failed after 633 milliseconds for url: https://restful-booker.herokuapp.com/auth
javax.net.ssl.SSLHandshakeException: PKIX path building failed: sun.security.provider.certpath.SunCertPathBuilderException: unable to find valid certification path to requested target
classpath:examples/features/tockenGeneration1.feature:16
- com.intuit.karate.core.FeatureResult.getErrorMessagesCombined(FeatureResult.java:215)
- com.intuit.karate.core.ScenarioEngine.callFeature(ScenarioEngine.java:1955)
- com.intuit.karate.core.ScenarioEngine.call(ScenarioEngine.java:1857)
- com.intuit.karate.core.ScenarioEngine.callOnce(ScenarioEngine.java:1932)
- com.intuit.karate.core.ScenarioEngine.call(ScenarioEngine.java:1870)
- com.intuit.karate.core.ScenarioBridge.callonce(ScenarioBridge.java:268)
- com.intuit.karate.core.ScenarioBridge.callonce(ScenarioBridge.java:263)

classpath:examples/features/feature1.feature:4
classpath:examples/features/feature1.feature:17
classpath:examples/features/feature1.feature:18
classpath:examples/features/feature1.feature:19
classpath:examples/features/feature1.feature:20
classpath:examples/features/feature1.feature:21
classpath:examples/features/feature1.feature:22
classpath:examples/features/feature1.feature:24
</div>   

  

</div>
</div>
          <div><div>
  

  

  <div class="step-row">
    <div class="step-container" id="0.25">
      <div class="step-ref failed">25</div>
      
      <div class="step-cell failed">
        <span>And</span>&nbsp;<span>header Authorization = &#39;Bearer &#39;+accessToken</span>
      </div>
    </div>
    <div class="time-cell failed">0</div>
  </div>

   
  
  

  

  <div class="preformatted" data-parent="0.25">17:44:27.166 classpath:examples/features/feature1.feature:25
And header Authorization = &#39;Bearer &#39;+accessToken
&gt;&gt; classpath:examples/features/feature1.feature:16
&gt;&gt; karate-config.js failed
&gt;&gt; http call failed after 633 milliseconds for url: https://restful-booker.herokuapp.com/auth
javax.net.ssl.SSLHandshakeException: PKIX path building failed: sun.security.provider.certpath.SunCertPathBuilderException: unable to find valid certification path to requested target
classpath:examples/features/tockenGeneration1.feature:16
js failed:
&gt;&gt;&gt;&gt;
01: function fn() {    
02:   var env = karate.env; // get system property &#39;karate.env&#39;
03:   var myToken = karate.callonce(&#39;classpath:examples/features/tockenGeneration1.feature&#39;);
04:   karate.log(&#39;karate.env system property was:&#39;, env);
05:   if (!env) {
06:     env = &#39;QA&#39;;
07:   }
08: 
09:   var config = {
10:     env: env,
11: 	myVarName: &#39;someValue&#39;,
12: 
13:         getToken:myToken,
14:     	BaseURL: &#39;https://dtaccpqamgmt.azure-api.net&#39;,
15:     	BaseURI:&#39;https://gorest.co.in&#39;,
16:     	accessToken:&#39;081a3da7d0c5c7962c38851f5671863190194dceb1095d24d9b040c5081f78dc&#39;,
17:     	client_idV:&#39;fa54abbf-c88d-4d72-a586-6b8ef229a589&#39;,
18:     	scopeV: &#39;https://truckonnect.onmicrosoft.com/55f698e1-251e-4aa9-87e4-3025351dc8f7/user_impersonation User.Read openid profile offline_access&#39;,
19:     	client_secretV:&#39;w1p8Q~6cDlfh2NclFd5SJ6g.vxU8YybDB03bmaI_&#39;,
20:     	grant_typeV: &#39;password&#39;,
21:     	usernameV:&#39;pkotres.fusoqa@qa.truckonnect.jp&#39;,
22:     	passwordV:&#39;Lower@20!&#39;,
23:   }
24:   if (env == &#39;QA&#39;) {
25:     // customize
26:     // e.g. config.foo = &#39;bar&#39;;
27:   } else if (env == &#39;e2e&#39;) {
28:     // customize
29:   }
30:   return config;
31: }
&lt;&lt;&lt;&lt;
org.graalvm.polyglot.PolyglotException: http call failed after 633 milliseconds for url: https://restful-booker.herokuapp.com/auth
javax.net.ssl.SSLHandshakeException: PKIX path building failed: sun.security.provider.certpath.SunCertPathBuilderException: unable to find valid certification path to requested target
classpath:examples/features/tockenGeneration1.feature:16
- com.intuit.karate.core.FeatureResult.getErrorMessagesCombined(FeatureResult.java:215)
- com.intuit.karate.core.ScenarioEngine.callFeature(ScenarioEngine.java:1955)
- com.intuit.karate.core.ScenarioEngine.call(ScenarioEngine.java:1857)
- com.intuit.karate.core.ScenarioEngine.callOnce(ScenarioEngine.java:1932)
- com.intuit.karate.core.ScenarioEngine.call(ScenarioEngine.java:1870)
- com.intuit.karate.core.ScenarioBridge.callonce(ScenarioBridge.java:268)
- com.intuit.karate.core.ScenarioBridge.callonce(ScenarioBridge.java:263)

classpath:examples/features/feature1.feature:4
classpath:examples/features/feature1.feature:17
classpath:examples/features/feature1.feature:18
classpath:examples/features/feature1.feature:19
classpath:examples/features/feature1.feature:20
classpath:examples/features/feature1.feature:21
classpath:examples/features/feature1.feature:22
classpath:examples/features/feature1.feature:24
classpath:examples/features/feature1.feature:25
</div>   

  

</div>
</div>
          <div><div>
  

  

  <div class="step-row">
    <div class="step-container" id="0.26">
      <div class="step-ref failed">26</div>
      
      <div class="step-cell failed">
        <span>When</span>&nbsp;<span>method get</span>
      </div>
    </div>
    <div class="time-cell failed">0</div>
  </div>

   
  
  

  

  <div class="preformatted" data-parent="0.26">17:44:27.166 classpath:examples/features/feature1.feature:26
When method get
&gt;&gt; classpath:examples/features/feature1.feature:16
&gt;&gt; karate-config.js failed
&gt;&gt; http call failed after 633 milliseconds for url: https://restful-booker.herokuapp.com/auth
javax.net.ssl.SSLHandshakeException: PKIX path building failed: sun.security.provider.certpath.SunCertPathBuilderException: unable to find valid certification path to requested target
classpath:examples/features/tockenGeneration1.feature:16
js failed:
&gt;&gt;&gt;&gt;
01: function fn() {    
02:   var env = karate.env; // get system property &#39;karate.env&#39;
03:   var myToken = karate.callonce(&#39;classpath:examples/features/tockenGeneration1.feature&#39;);
04:   karate.log(&#39;karate.env system property was:&#39;, env);
05:   if (!env) {
06:     env = &#39;QA&#39;;
07:   }
08: 
09:   var config = {
10:     env: env,
11: 	myVarName: &#39;someValue&#39;,
12: 
13:         getToken:myToken,
14:     	BaseURL: &#39;https://dtaccpqamgmt.azure-api.net&#39;,
15:     	BaseURI:&#39;https://gorest.co.in&#39;,
16:     	accessToken:&#39;081a3da7d0c5c7962c38851f5671863190194dceb1095d24d9b040c5081f78dc&#39;,
17:     	client_idV:&#39;fa54abbf-c88d-4d72-a586-6b8ef229a589&#39;,
18:     	scopeV: &#39;https://truckonnect.onmicrosoft.com/55f698e1-251e-4aa9-87e4-3025351dc8f7/user_impersonation User.Read openid profile offline_access&#39;,
19:     	client_secretV:&#39;w1p8Q~6cDlfh2NclFd5SJ6g.vxU8YybDB03bmaI_&#39;,
20:     	grant_typeV: &#39;password&#39;,
21:     	usernameV:&#39;pkotres.fusoqa@qa.truckonnect.jp&#39;,
22:     	passwordV:&#39;Lower@20!&#39;,
23:   }
24:   if (env == &#39;QA&#39;) {
25:     // customize
26:     // e.g. config.foo = &#39;bar&#39;;
27:   } else if (env == &#39;e2e&#39;) {
28:     // customize
29:   }
30:   return config;
31: }
&lt;&lt;&lt;&lt;
org.graalvm.polyglot.PolyglotException: http call failed after 633 milliseconds for url: https://restful-booker.herokuapp.com/auth
javax.net.ssl.SSLHandshakeException: PKIX path building failed: sun.security.provider.certpath.SunCertPathBuilderException: unable to find valid certification path to requested target
classpath:examples/features/tockenGeneration1.feature:16
- com.intuit.karate.core.FeatureResult.getErrorMessagesCombined(FeatureResult.java:215)
- com.intuit.karate.core.ScenarioEngine.callFeature(ScenarioEngine.java:1955)
- com.intuit.karate.core.ScenarioEngine.call(ScenarioEngine.java:1857)
- com.intuit.karate.core.ScenarioEngine.callOnce(ScenarioEngine.java:1932)
- com.intuit.karate.core.ScenarioEngine.call(ScenarioEngine.java:1870)
- com.intuit.karate.core.ScenarioBridge.callonce(ScenarioBridge.java:268)
- com.intuit.karate.core.ScenarioBridge.callonce(ScenarioBridge.java:263)

classpath:examples/features/feature1.feature:4
classpath:examples/features/feature1.feature:17
classpath:examples/features/feature1.feature:18
classpath:examples/features/feature1.feature:19
classpath:examples/features/feature1.feature:20
classpath:examples/features/feature1.feature:21
classpath:examples/features/feature1.feature:22
classpath:examples/features/feature1.feature:24
classpath:examples/features/feature1.feature:25
classpath:examples/features/feature1.feature:26
</div>   

  

</div>
</div>
          <div><div>
  

  

  <div class="step-row">
    <div class="step-container" id="0.27">
      <div class="step-ref failed">27</div>
      
      <div class="step-cell failed">
        <span>And</span>&nbsp;<span>status 200</span>
      </div>
    </div>
    <div class="time-cell failed">0</div>
  </div>

   
  
  

  

  <div class="preformatted" data-parent="0.27">17:44:27.167 classpath:examples/features/feature1.feature:27
And status 200
&gt;&gt; classpath:examples/features/feature1.feature:16
&gt;&gt; karate-config.js failed
&gt;&gt; http call failed after 633 milliseconds for url: https://restful-booker.herokuapp.com/auth
javax.net.ssl.SSLHandshakeException: PKIX path building failed: sun.security.provider.certpath.SunCertPathBuilderException: unable to find valid certification path to requested target
classpath:examples/features/tockenGeneration1.feature:16
js failed:
&gt;&gt;&gt;&gt;
01: function fn() {    
02:   var env = karate.env; // get system property &#39;karate.env&#39;
03:   var myToken = karate.callonce(&#39;classpath:examples/features/tockenGeneration1.feature&#39;);
04:   karate.log(&#39;karate.env system property was:&#39;, env);
05:   if (!env) {
06:     env = &#39;QA&#39;;
07:   }
08: 
09:   var config = {
10:     env: env,
11: 	myVarName: &#39;someValue&#39;,
12: 
13:         getToken:myToken,
14:     	BaseURL: &#39;https://dtaccpqamgmt.azure-api.net&#39;,
15:     	BaseURI:&#39;https://gorest.co.in&#39;,
16:     	accessToken:&#39;081a3da7d0c5c7962c38851f5671863190194dceb1095d24d9b040c5081f78dc&#39;,
17:     	client_idV:&#39;fa54abbf-c88d-4d72-a586-6b8ef229a589&#39;,
18:     	scopeV: &#39;https://truckonnect.onmicrosoft.com/55f698e1-251e-4aa9-87e4-3025351dc8f7/user_impersonation User.Read openid profile offline_access&#39;,
19:     	client_secretV:&#39;w1p8Q~6cDlfh2NclFd5SJ6g.vxU8YybDB03bmaI_&#39;,
20:     	grant_typeV: &#39;password&#39;,
21:     	usernameV:&#39;pkotres.fusoqa@qa.truckonnect.jp&#39;,
22:     	passwordV:&#39;Lower@20!&#39;,
23:   }
24:   if (env == &#39;QA&#39;) {
25:     // customize
26:     // e.g. config.foo = &#39;bar&#39;;
27:   } else if (env == &#39;e2e&#39;) {
28:     // customize
29:   }
30:   return config;
31: }
&lt;&lt;&lt;&lt;
org.graalvm.polyglot.PolyglotException: http call failed after 633 milliseconds for url: https://restful-booker.herokuapp.com/auth
javax.net.ssl.SSLHandshakeException: PKIX path building failed: sun.security.provider.certpath.SunCertPathBuilderException: unable to find valid certification path to requested target
classpath:examples/features/tockenGeneration1.feature:16
- com.intuit.karate.core.FeatureResult.getErrorMessagesCombined(FeatureResult.java:215)
- com.intuit.karate.core.ScenarioEngine.callFeature(ScenarioEngine.java:1955)
- com.intuit.karate.core.ScenarioEngine.call(ScenarioEngine.java:1857)
- com.intuit.karate.core.ScenarioEngine.callOnce(ScenarioEngine.java:1932)
- com.intuit.karate.core.ScenarioEngine.call(ScenarioEngine.java:1870)
- com.intuit.karate.core.ScenarioBridge.callonce(ScenarioBridge.java:268)
- com.intuit.karate.core.ScenarioBridge.callonce(ScenarioBridge.java:263)

classpath:examples/features/feature1.feature:4
classpath:examples/features/feature1.feature:17
classpath:examples/features/feature1.feature:18
classpath:examples/features/feature1.feature:19
classpath:examples/features/feature1.feature:20
classpath:examples/features/feature1.feature:21
classpath:examples/features/feature1.feature:22
classpath:examples/features/feature1.feature:24
classpath:examples/features/feature1.feature:25
classpath:examples/features/feature1.feature:26
classpath:examples/features/feature1.feature:27
</div>   

  

</div>
</div>
          <div><div>
  

  

  <div class="step-row">
    <div class="step-container" id="0.29">
      <div class="step-ref failed">29</div>
      
      <div class="step-cell failed">
        <span>*</span>&nbsp;<span>def step =</span>
      </div>
    </div>
    <div class="time-cell failed">0</div>
  </div>

   
  
  <div class="preformatted" data-parent="0.29">{
  &quot;status&quot;:&quot;inactive&quot;
}</div>

  

  <div class="preformatted" data-parent="0.29">17:44:27.167 classpath:examples/features/feature1.feature:29
* def step =
&quot;&quot;&quot;
{
  &quot;status&quot;:&quot;inactive&quot;
}
&quot;&quot;&quot;
&gt;&gt; classpath:examples/features/feature1.feature:16
&gt;&gt; karate-config.js failed
&gt;&gt; http call failed after 633 milliseconds for url: https://restful-booker.herokuapp.com/auth
javax.net.ssl.SSLHandshakeException: PKIX path building failed: sun.security.provider.certpath.SunCertPathBuilderException: unable to find valid certification path to requested target
classpath:examples/features/tockenGeneration1.feature:16
js failed:
&gt;&gt;&gt;&gt;
01: function fn() {    
02:   var env = karate.env; // get system property &#39;karate.env&#39;
03:   var myToken = karate.callonce(&#39;classpath:examples/features/tockenGeneration1.feature&#39;);
04:   karate.log(&#39;karate.env system property was:&#39;, env);
05:   if (!env) {
06:     env = &#39;QA&#39;;
07:   }
08: 
09:   var config = {
10:     env: env,
11: 	myVarName: &#39;someValue&#39;,
12: 
13:         getToken:myToken,
14:     	BaseURL: &#39;https://dtaccpqamgmt.azure-api.net&#39;,
15:     	BaseURI:&#39;https://gorest.co.in&#39;,
16:     	accessToken:&#39;081a3da7d0c5c7962c38851f5671863190194dceb1095d24d9b040c5081f78dc&#39;,
17:     	client_idV:&#39;fa54abbf-c88d-4d72-a586-6b8ef229a589&#39;,
18:     	scopeV: &#39;https://truckonnect.onmicrosoft.com/55f698e1-251e-4aa9-87e4-3025351dc8f7/user_impersonation User.Read openid profile offline_access&#39;,
19:     	client_secretV:&#39;w1p8Q~6cDlfh2NclFd5SJ6g.vxU8YybDB03bmaI_&#39;,
20:     	grant_typeV: &#39;password&#39;,
21:     	usernameV:&#39;pkotres.fusoqa@qa.truckonnect.jp&#39;,
22:     	passwordV:&#39;Lower@20!&#39;,
23:   }
24:   if (env == &#39;QA&#39;) {
25:     // customize
26:     // e.g. config.foo = &#39;bar&#39;;
27:   } else if (env == &#39;e2e&#39;) {
28:     // customize
29:   }
30:   return config;
31: }
&lt;&lt;&lt;&lt;
org.graalvm.polyglot.PolyglotException: http call failed after 633 milliseconds for url: https://restful-booker.herokuapp.com/auth
javax.net.ssl.SSLHandshakeException: PKIX path building failed: sun.security.provider.certpath.SunCertPathBuilderException: unable to find valid certification path to requested target
classpath:examples/features/tockenGeneration1.feature:16
- com.intuit.karate.core.FeatureResult.getErrorMessagesCombined(FeatureResult.java:215)
- com.intuit.karate.core.ScenarioEngine.callFeature(ScenarioEngine.java:1955)
- com.intuit.karate.core.ScenarioEngine.call(ScenarioEngine.java:1857)
- com.intuit.karate.core.ScenarioEngine.callOnce(ScenarioEngine.java:1932)
- com.intuit.karate.core.ScenarioEngine.call(ScenarioEngine.java:1870)
- com.intuit.karate.core.ScenarioBridge.callonce(ScenarioBridge.java:268)
- com.intuit.karate.core.ScenarioBridge.callonce(ScenarioBridge.java:263)

classpath:examples/features/feature1.feature:4
classpath:examples/features/feature1.feature:17
classpath:examples/features/feature1.feature:18
classpath:examples/features/feature1.feature:19
classpath:examples/features/feature1.feature:20
classpath:examples/features/feature1.feature:21
classpath:examples/features/feature1.feature:22
classpath:examples/features/feature1.feature:24
classpath:examples/features/feature1.feature:25
classpath:examples/features/feature1.feature:26
classpath:examples/features/feature1.feature:27
classpath:examples/features/feature1.feature:29
</div>   

  

</div>
</div>
          <div><div>
  

  

  <div class="step-row">
    <div class="step-container" id="0.35">
      <div class="step-ref failed">35</div>
      
      <div class="step-cell failed">
        <span>Given</span>&nbsp;<span>url BaseURI+&#39;/public/v2/users/&#39;+id</span>
      </div>
    </div>
    <div class="time-cell failed">0</div>
  </div>

   
  
  

  

  <div class="preformatted" data-parent="0.35">17:44:27.167 classpath:examples/features/feature1.feature:35
Given url BaseURI+&#39;/public/v2/users/&#39;+id
&gt;&gt; classpath:examples/features/feature1.feature:16
&gt;&gt; karate-config.js failed
&gt;&gt; http call failed after 633 milliseconds for url: https://restful-booker.herokuapp.com/auth
javax.net.ssl.SSLHandshakeException: PKIX path building failed: sun.security.provider.certpath.SunCertPathBuilderException: unable to find valid certification path to requested target
classpath:examples/features/tockenGeneration1.feature:16
js failed:
&gt;&gt;&gt;&gt;
01: function fn() {    
02:   var env = karate.env; // get system property &#39;karate.env&#39;
03:   var myToken = karate.callonce(&#39;classpath:examples/features/tockenGeneration1.feature&#39;);
04:   karate.log(&#39;karate.env system property was:&#39;, env);
05:   if (!env) {
06:     env = &#39;QA&#39;;
07:   }
08: 
09:   var config = {
10:     env: env,
11: 	myVarName: &#39;someValue&#39;,
12: 
13:         getToken:myToken,
14:     	BaseURL: &#39;https://dtaccpqamgmt.azure-api.net&#39;,
15:     	BaseURI:&#39;https://gorest.co.in&#39;,
16:     	accessToken:&#39;081a3da7d0c5c7962c38851f5671863190194dceb1095d24d9b040c5081f78dc&#39;,
17:     	client_idV:&#39;fa54abbf-c88d-4d72-a586-6b8ef229a589&#39;,
18:     	scopeV: &#39;https://truckonnect.onmicrosoft.com/55f698e1-251e-4aa9-87e4-3025351dc8f7/user_impersonation User.Read openid profile offline_access&#39;,
19:     	client_secretV:&#39;w1p8Q~6cDlfh2NclFd5SJ6g.vxU8YybDB03bmaI_&#39;,
20:     	grant_typeV: &#39;password&#39;,
21:     	usernameV:&#39;pkotres.fusoqa@qa.truckonnect.jp&#39;,
22:     	passwordV:&#39;Lower@20!&#39;,
23:   }
24:   if (env == &#39;QA&#39;) {
25:     // customize
26:     // e.g. config.foo = &#39;bar&#39;;
27:   } else if (env == &#39;e2e&#39;) {
28:     // customize
29:   }
30:   return config;
31: }
&lt;&lt;&lt;&lt;
org.graalvm.polyglot.PolyglotException: http call failed after 633 milliseconds for url: https://restful-booker.herokuapp.com/auth
javax.net.ssl.SSLHandshakeException: PKIX path building failed: sun.security.provider.certpath.SunCertPathBuilderException: unable to find valid certification path to requested target
classpath:examples/features/tockenGeneration1.feature:16
- com.intuit.karate.core.FeatureResult.getErrorMessagesCombined(FeatureResult.java:215)
- com.intuit.karate.core.ScenarioEngine.callFeature(ScenarioEngine.java:1955)
- com.intuit.karate.core.ScenarioEngine.call(ScenarioEngine.java:1857)
- com.intuit.karate.core.ScenarioEngine.callOnce(ScenarioEngine.java:1932)
- com.intuit.karate.core.ScenarioEngine.call(ScenarioEngine.java:1870)
- com.intuit.karate.core.ScenarioBridge.callonce(ScenarioBridge.java:268)
- com.intuit.karate.core.ScenarioBridge.callonce(ScenarioBridge.java:263)

classpath:examples/features/feature1.feature:4
classpath:examples/features/feature1.feature:17
classpath:examples/features/feature1.feature:18
classpath:examples/features/feature1.feature:19
classpath:examples/features/feature1.feature:20
classpath:examples/features/feature1.feature:21
classpath:examples/features/feature1.feature:22
classpath:examples/features/feature1.feature:24
classpath:examples/features/feature1.feature:25
classpath:examples/features/feature1.feature:26
classpath:examples/features/feature1.feature:27
classpath:examples/features/feature1.feature:29
classpath:examples/features/feature1.feature:35
</div>   

  

</div>
</div>
          <div><div>
  

  

  <div class="step-row">
    <div class="step-container" id="0.36">
      <div class="step-ref failed">36</div>
      
      <div class="step-cell failed">
        <span>And</span>&nbsp;<span>header Authorization = &#39;Bearer &#39;+accessToken</span>
      </div>
    </div>
    <div class="time-cell failed">0</div>
  </div>

   
  
  

  

  <div class="preformatted" data-parent="0.36">17:44:27.168 classpath:examples/features/feature1.feature:36
And header Authorization = &#39;Bearer &#39;+accessToken
&gt;&gt; classpath:examples/features/feature1.feature:16
&gt;&gt; karate-config.js failed
&gt;&gt; http call failed after 633 milliseconds for url: https://restful-booker.herokuapp.com/auth
javax.net.ssl.SSLHandshakeException: PKIX path building failed: sun.security.provider.certpath.SunCertPathBuilderException: unable to find valid certification path to requested target
classpath:examples/features/tockenGeneration1.feature:16
js failed:
&gt;&gt;&gt;&gt;
01: function fn() {    
02:   var env = karate.env; // get system property &#39;karate.env&#39;
03:   var myToken = karate.callonce(&#39;classpath:examples/features/tockenGeneration1.feature&#39;);
04:   karate.log(&#39;karate.env system property was:&#39;, env);
05:   if (!env) {
06:     env = &#39;QA&#39;;
07:   }
08: 
09:   var config = {
10:     env: env,
11: 	myVarName: &#39;someValue&#39;,
12: 
13:         getToken:myToken,
14:     	BaseURL: &#39;https://dtaccpqamgmt.azure-api.net&#39;,
15:     	BaseURI:&#39;https://gorest.co.in&#39;,
16:     	accessToken:&#39;081a3da7d0c5c7962c38851f5671863190194dceb1095d24d9b040c5081f78dc&#39;,
17:     	client_idV:&#39;fa54abbf-c88d-4d72-a586-6b8ef229a589&#39;,
18:     	scopeV: &#39;https://truckonnect.onmicrosoft.com/55f698e1-251e-4aa9-87e4-3025351dc8f7/user_impersonation User.Read openid profile offline_access&#39;,
19:     	client_secretV:&#39;w1p8Q~6cDlfh2NclFd5SJ6g.vxU8YybDB03bmaI_&#39;,
20:     	grant_typeV: &#39;password&#39;,
21:     	usernameV:&#39;pkotres.fusoqa@qa.truckonnect.jp&#39;,
22:     	passwordV:&#39;Lower@20!&#39;,
23:   }
24:   if (env == &#39;QA&#39;) {
25:     // customize
26:     // e.g. config.foo = &#39;bar&#39;;
27:   } else if (env == &#39;e2e&#39;) {
28:     // customize
29:   }
30:   return config;
31: }
&lt;&lt;&lt;&lt;
org.graalvm.polyglot.PolyglotException: http call failed after 633 milliseconds for url: https://restful-booker.herokuapp.com/auth
javax.net.ssl.SSLHandshakeException: PKIX path building failed: sun.security.provider.certpath.SunCertPathBuilderException: unable to find valid certification path to requested target
classpath:examples/features/tockenGeneration1.feature:16
- com.intuit.karate.core.FeatureResult.getErrorMessagesCombined(FeatureResult.java:215)
- com.intuit.karate.core.ScenarioEngine.callFeature(ScenarioEngine.java:1955)
- com.intuit.karate.core.ScenarioEngine.call(ScenarioEngine.java:1857)
- com.intuit.karate.core.ScenarioEngine.callOnce(ScenarioEngine.java:1932)
- com.intuit.karate.core.ScenarioEngine.call(ScenarioEngine.java:1870)
- com.intuit.karate.core.ScenarioBridge.callonce(ScenarioBridge.java:268)
- com.intuit.karate.core.ScenarioBridge.callonce(ScenarioBridge.java:263)

classpath:examples/features/feature1.feature:4
classpath:examples/features/feature1.feature:17
classpath:examples/features/feature1.feature:18
classpath:examples/features/feature1.feature:19
classpath:examples/features/feature1.feature:20
classpath:examples/features/feature1.feature:21
classpath:examples/features/feature1.feature:22
classpath:examples/features/feature1.feature:24
classpath:examples/features/feature1.feature:25
classpath:examples/features/feature1.feature:26
classpath:examples/features/feature1.feature:27
classpath:examples/features/feature1.feature:29
classpath:examples/features/feature1.feature:35
classpath:examples/features/feature1.feature:36
</div>   

  

</div>
</div>
          <div><div>
  

  

  <div class="step-row">
    <div class="step-container" id="0.37">
      <div class="step-ref failed">37</div>
      
      <div class="step-cell failed">
        <span>And</span>&nbsp;<span>request step</span>
      </div>
    </div>
    <div class="time-cell failed">0</div>
  </div>

   
  
  

  

  <div class="preformatted" data-parent="0.37">17:44:27.168 classpath:examples/features/feature1.feature:37
And request step
&gt;&gt; classpath:examples/features/feature1.feature:16
&gt;&gt; karate-config.js failed
&gt;&gt; http call failed after 633 milliseconds for url: https://restful-booker.herokuapp.com/auth
javax.net.ssl.SSLHandshakeException: PKIX path building failed: sun.security.provider.certpath.SunCertPathBuilderException: unable to find valid certification path to requested target
classpath:examples/features/tockenGeneration1.feature:16
js failed:
&gt;&gt;&gt;&gt;
01: function fn() {    
02:   var env = karate.env; // get system property &#39;karate.env&#39;
03:   var myToken = karate.callonce(&#39;classpath:examples/features/tockenGeneration1.feature&#39;);
04:   karate.log(&#39;karate.env system property was:&#39;, env);
05:   if (!env) {
06:     env = &#39;QA&#39;;
07:   }
08: 
09:   var config = {
10:     env: env,
11: 	myVarName: &#39;someValue&#39;,
12: 
13:         getToken:myToken,
14:     	BaseURL: &#39;https://dtaccpqamgmt.azure-api.net&#39;,
15:     	BaseURI:&#39;https://gorest.co.in&#39;,
16:     	accessToken:&#39;081a3da7d0c5c7962c38851f5671863190194dceb1095d24d9b040c5081f78dc&#39;,
17:     	client_idV:&#39;fa54abbf-c88d-4d72-a586-6b8ef229a589&#39;,
18:     	scopeV: &#39;https://truckonnect.onmicrosoft.com/55f698e1-251e-4aa9-87e4-3025351dc8f7/user_impersonation User.Read openid profile offline_access&#39;,
19:     	client_secretV:&#39;w1p8Q~6cDlfh2NclFd5SJ6g.vxU8YybDB03bmaI_&#39;,
20:     	grant_typeV: &#39;password&#39;,
21:     	usernameV:&#39;pkotres.fusoqa@qa.truckonnect.jp&#39;,
22:     	passwordV:&#39;Lower@20!&#39;,
23:   }
24:   if (env == &#39;QA&#39;) {
25:     // customize
26:     // e.g. config.foo = &#39;bar&#39;;
27:   } else if (env == &#39;e2e&#39;) {
28:     // customize
29:   }
30:   return config;
31: }
&lt;&lt;&lt;&lt;
org.graalvm.polyglot.PolyglotException: http call failed after 633 milliseconds for url: https://restful-booker.herokuapp.com/auth
javax.net.ssl.SSLHandshakeException: PKIX path building failed: sun.security.provider.certpath.SunCertPathBuilderException: unable to find valid certification path to requested target
classpath:examples/features/tockenGeneration1.feature:16
- com.intuit.karate.core.FeatureResult.getErrorMessagesCombined(FeatureResult.java:215)
- com.intuit.karate.core.ScenarioEngine.callFeature(ScenarioEngine.java:1955)
- com.intuit.karate.core.ScenarioEngine.call(ScenarioEngine.java:1857)
- com.intuit.karate.core.ScenarioEngine.callOnce(ScenarioEngine.java:1932)
- com.intuit.karate.core.ScenarioEngine.call(ScenarioEngine.java:1870)
- com.intuit.karate.core.ScenarioBridge.callonce(ScenarioBridge.java:268)
- com.intuit.karate.core.ScenarioBridge.callonce(ScenarioBridge.java:263)

classpath:examples/features/feature1.feature:4
classpath:examples/features/feature1.feature:17
classpath:examples/features/feature1.feature:18
classpath:examples/features/feature1.feature:19
classpath:examples/features/feature1.feature:20
classpath:examples/features/feature1.feature:21
classpath:examples/features/feature1.feature:22
classpath:examples/features/feature1.feature:24
classpath:examples/features/feature1.feature:25
classpath:examples/features/feature1.feature:26
classpath:examples/features/feature1.feature:27
classpath:examples/features/feature1.feature:29
classpath:examples/features/feature1.feature:35
classpath:examples/features/feature1.feature:36
classpath:examples/features/feature1.feature:37
</div>   

  

</div>
</div>
          <div><div>
  

  

  <div class="step-row">
    <div class="step-container" id="0.39">
      <div class="step-ref failed">39</div>
      
      <div class="step-cell failed">
        <span>When</span>&nbsp;<span>method PUT</span>
      </div>
    </div>
    <div class="time-cell failed">0</div>
  </div>

   
  
  

  

  <div class="preformatted" data-parent="0.39">17:44:27.168 classpath:examples/features/feature1.feature:39
When method PUT
&gt;&gt; classpath:examples/features/feature1.feature:16
&gt;&gt; karate-config.js failed
&gt;&gt; http call failed after 633 milliseconds for url: https://restful-booker.herokuapp.com/auth
javax.net.ssl.SSLHandshakeException: PKIX path building failed: sun.security.provider.certpath.SunCertPathBuilderException: unable to find valid certification path to requested target
classpath:examples/features/tockenGeneration1.feature:16
js failed:
&gt;&gt;&gt;&gt;
01: function fn() {    
02:   var env = karate.env; // get system property &#39;karate.env&#39;
03:   var myToken = karate.callonce(&#39;classpath:examples/features/tockenGeneration1.feature&#39;);
04:   karate.log(&#39;karate.env system property was:&#39;, env);
05:   if (!env) {
06:     env = &#39;QA&#39;;
07:   }
08: 
09:   var config = {
10:     env: env,
11: 	myVarName: &#39;someValue&#39;,
12: 
13:         getToken:myToken,
14:     	BaseURL: &#39;https://dtaccpqamgmt.azure-api.net&#39;,
15:     	BaseURI:&#39;https://gorest.co.in&#39;,
16:     	accessToken:&#39;081a3da7d0c5c7962c38851f5671863190194dceb1095d24d9b040c5081f78dc&#39;,
17:     	client_idV:&#39;fa54abbf-c88d-4d72-a586-6b8ef229a589&#39;,
18:     	scopeV: &#39;https://truckonnect.onmicrosoft.com/55f698e1-251e-4aa9-87e4-3025351dc8f7/user_impersonation User.Read openid profile offline_access&#39;,
19:     	client_secretV:&#39;w1p8Q~6cDlfh2NclFd5SJ6g.vxU8YybDB03bmaI_&#39;,
20:     	grant_typeV: &#39;password&#39;,
21:     	usernameV:&#39;pkotres.fusoqa@qa.truckonnect.jp&#39;,
22:     	passwordV:&#39;Lower@20!&#39;,
23:   }
24:   if (env == &#39;QA&#39;) {
25:     // customize
26:     // e.g. config.foo = &#39;bar&#39;;
27:   } else if (env == &#39;e2e&#39;) {
28:     // customize
29:   }
30:   return config;
31: }
&lt;&lt;&lt;&lt;
org.graalvm.polyglot.PolyglotException: http call failed after 633 milliseconds for url: https://restful-booker.herokuapp.com/auth
javax.net.ssl.SSLHandshakeException: PKIX path building failed: sun.security.provider.certpath.SunCertPathBuilderException: unable to find valid certification path to requested target
classpath:examples/features/tockenGeneration1.feature:16
- com.intuit.karate.core.FeatureResult.getErrorMessagesCombined(FeatureResult.java:215)
- com.intuit.karate.core.ScenarioEngine.callFeature(ScenarioEngine.java:1955)
- com.intuit.karate.core.ScenarioEngine.call(ScenarioEngine.java:1857)
- com.intuit.karate.core.ScenarioEngine.callOnce(ScenarioEngine.java:1932)
- com.intuit.karate.core.ScenarioEngine.call(ScenarioEngine.java:1870)
- com.intuit.karate.core.ScenarioBridge.callonce(ScenarioBridge.java:268)
- com.intuit.karate.core.ScenarioBridge.callonce(ScenarioBridge.java:263)

classpath:examples/features/feature1.feature:4
classpath:examples/features/feature1.feature:17
classpath:examples/features/feature1.feature:18
classpath:examples/features/feature1.feature:19
classpath:examples/features/feature1.feature:20
classpath:examples/features/feature1.feature:21
classpath:examples/features/feature1.feature:22
classpath:examples/features/feature1.feature:24
classpath:examples/features/feature1.feature:25
classpath:examples/features/feature1.feature:26
classpath:examples/features/feature1.feature:27
classpath:examples/features/feature1.feature:29
classpath:examples/features/feature1.feature:35
classpath:examples/features/feature1.feature:36
classpath:examples/features/feature1.feature:37
classpath:examples/features/feature1.feature:39
</div>   

  

</div>
</div>
          <div><div>
  

  

  <div class="step-row">
    <div class="step-container" id="0.40">
      <div class="step-ref failed">40</div>
      
      <div class="step-cell failed">
        <span>And</span>&nbsp;<span>status 200</span>
      </div>
    </div>
    <div class="time-cell failed">0</div>
  </div>

   
  
  

  

  <div class="preformatted" data-parent="0.40">17:44:27.168 classpath:examples/features/feature1.feature:40
And status 200
&gt;&gt; classpath:examples/features/feature1.feature:16
&gt;&gt; karate-config.js failed
&gt;&gt; http call failed after 633 milliseconds for url: https://restful-booker.herokuapp.com/auth
javax.net.ssl.SSLHandshakeException: PKIX path building failed: sun.security.provider.certpath.SunCertPathBuilderException: unable to find valid certification path to requested target
classpath:examples/features/tockenGeneration1.feature:16
js failed:
&gt;&gt;&gt;&gt;
01: function fn() {    
02:   var env = karate.env; // get system property &#39;karate.env&#39;
03:   var myToken = karate.callonce(&#39;classpath:examples/features/tockenGeneration1.feature&#39;);
04:   karate.log(&#39;karate.env system property was:&#39;, env);
05:   if (!env) {
06:     env = &#39;QA&#39;;
07:   }
08: 
09:   var config = {
10:     env: env,
11: 	myVarName: &#39;someValue&#39;,
12: 
13:         getToken:myToken,
14:     	BaseURL: &#39;https://dtaccpqamgmt.azure-api.net&#39;,
15:     	BaseURI:&#39;https://gorest.co.in&#39;,
16:     	accessToken:&#39;081a3da7d0c5c7962c38851f5671863190194dceb1095d24d9b040c5081f78dc&#39;,
17:     	client_idV:&#39;fa54abbf-c88d-4d72-a586-6b8ef229a589&#39;,
18:     	scopeV: &#39;https://truckonnect.onmicrosoft.com/55f698e1-251e-4aa9-87e4-3025351dc8f7/user_impersonation User.Read openid profile offline_access&#39;,
19:     	client_secretV:&#39;w1p8Q~6cDlfh2NclFd5SJ6g.vxU8YybDB03bmaI_&#39;,
20:     	grant_typeV: &#39;password&#39;,
21:     	usernameV:&#39;pkotres.fusoqa@qa.truckonnect.jp&#39;,
22:     	passwordV:&#39;Lower@20!&#39;,
23:   }
24:   if (env == &#39;QA&#39;) {
25:     // customize
26:     // e.g. config.foo = &#39;bar&#39;;
27:   } else if (env == &#39;e2e&#39;) {
28:     // customize
29:   }
30:   return config;
31: }
&lt;&lt;&lt;&lt;
org.graalvm.polyglot.PolyglotException: http call failed after 633 milliseconds for url: https://restful-booker.herokuapp.com/auth
javax.net.ssl.SSLHandshakeException: PKIX path building failed: sun.security.provider.certpath.SunCertPathBuilderException: unable to find valid certification path to requested target
classpath:examples/features/tockenGeneration1.feature:16
- com.intuit.karate.core.FeatureResult.getErrorMessagesCombined(FeatureResult.java:215)
- com.intuit.karate.core.ScenarioEngine.callFeature(ScenarioEngine.java:1955)
- com.intuit.karate.core.ScenarioEngine.call(ScenarioEngine.java:1857)
- com.intuit.karate.core.ScenarioEngine.callOnce(ScenarioEngine.java:1932)
- com.intuit.karate.core.ScenarioEngine.call(ScenarioEngine.java:1870)
- com.intuit.karate.core.ScenarioBridge.callonce(ScenarioBridge.java:268)
- com.intuit.karate.core.ScenarioBridge.callonce(ScenarioBridge.java:263)

classpath:examples/features/feature1.feature:4
classpath:examples/features/feature1.feature:17
classpath:examples/features/feature1.feature:18
classpath:examples/features/feature1.feature:19
classpath:examples/features/feature1.feature:20
classpath:examples/features/feature1.feature:21
classpath:examples/features/feature1.feature:22
classpath:examples/features/feature1.feature:24
classpath:examples/features/feature1.feature:25
classpath:examples/features/feature1.feature:26
classpath:examples/features/feature1.feature:27
classpath:examples/features/feature1.feature:29
classpath:examples/features/feature1.feature:35
classpath:examples/features/feature1.feature:36
classpath:examples/features/feature1.feature:37
classpath:examples/features/feature1.feature:39
classpath:examples/features/feature1.feature:40
</div>   

  

</div>
</div>
          <div><div>
  

  

  <div class="step-row">
    <div class="step-container" id="0.42">
      <div class="step-ref failed">42</div>
      
      <div class="step-cell failed">
        <span>Given</span>&nbsp;<span>url BaseURI+&#39;/public/v2/users/&#39;+id</span>
      </div>
    </div>
    <div class="time-cell failed">0</div>
  </div>

   
  
  

  

  <div class="preformatted" data-parent="0.42">17:44:27.169 classpath:examples/features/feature1.feature:42
Given url BaseURI+&#39;/public/v2/users/&#39;+id
&gt;&gt; classpath:examples/features/feature1.feature:16
&gt;&gt; karate-config.js failed
&gt;&gt; http call failed after 633 milliseconds for url: https://restful-booker.herokuapp.com/auth
javax.net.ssl.SSLHandshakeException: PKIX path building failed: sun.security.provider.certpath.SunCertPathBuilderException: unable to find valid certification path to requested target
classpath:examples/features/tockenGeneration1.feature:16
js failed:
&gt;&gt;&gt;&gt;
01: function fn() {    
02:   var env = karate.env; // get system property &#39;karate.env&#39;
03:   var myToken = karate.callonce(&#39;classpath:examples/features/tockenGeneration1.feature&#39;);
04:   karate.log(&#39;karate.env system property was:&#39;, env);
05:   if (!env) {
06:     env = &#39;QA&#39;;
07:   }
08: 
09:   var config = {
10:     env: env,
11: 	myVarName: &#39;someValue&#39;,
12: 
13:         getToken:myToken,
14:     	BaseURL: &#39;https://dtaccpqamgmt.azure-api.net&#39;,
15:     	BaseURI:&#39;https://gorest.co.in&#39;,
16:     	accessToken:&#39;081a3da7d0c5c7962c38851f5671863190194dceb1095d24d9b040c5081f78dc&#39;,
17:     	client_idV:&#39;fa54abbf-c88d-4d72-a586-6b8ef229a589&#39;,
18:     	scopeV: &#39;https://truckonnect.onmicrosoft.com/55f698e1-251e-4aa9-87e4-3025351dc8f7/user_impersonation User.Read openid profile offline_access&#39;,
19:     	client_secretV:&#39;w1p8Q~6cDlfh2NclFd5SJ6g.vxU8YybDB03bmaI_&#39;,
20:     	grant_typeV: &#39;password&#39;,
21:     	usernameV:&#39;pkotres.fusoqa@qa.truckonnect.jp&#39;,
22:     	passwordV:&#39;Lower@20!&#39;,
23:   }
24:   if (env == &#39;QA&#39;) {
25:     // customize
26:     // e.g. config.foo = &#39;bar&#39;;
27:   } else if (env == &#39;e2e&#39;) {
28:     // customize
29:   }
30:   return config;
31: }
&lt;&lt;&lt;&lt;
org.graalvm.polyglot.PolyglotException: http call failed after 633 milliseconds for url: https://restful-booker.herokuapp.com/auth
javax.net.ssl.SSLHandshakeException: PKIX path building failed: sun.security.provider.certpath.SunCertPathBuilderException: unable to find valid certification path to requested target
classpath:examples/features/tockenGeneration1.feature:16
- com.intuit.karate.core.FeatureResult.getErrorMessagesCombined(FeatureResult.java:215)
- com.intuit.karate.core.ScenarioEngine.callFeature(ScenarioEngine.java:1955)
- com.intuit.karate.core.ScenarioEngine.call(ScenarioEngine.java:1857)
- com.intuit.karate.core.ScenarioEngine.callOnce(ScenarioEngine.java:1932)
- com.intuit.karate.core.ScenarioEngine.call(ScenarioEngine.java:1870)
- com.intuit.karate.core.ScenarioBridge.callonce(ScenarioBridge.java:268)
- com.intuit.karate.core.ScenarioBridge.callonce(ScenarioBridge.java:263)

classpath:examples/features/feature1.feature:4
classpath:examples/features/feature1.feature:17
classpath:examples/features/feature1.feature:18
classpath:examples/features/feature1.feature:19
classpath:examples/features/feature1.feature:20
classpath:examples/features/feature1.feature:21
classpath:examples/features/feature1.feature:22
classpath:examples/features/feature1.feature:24
classpath:examples/features/feature1.feature:25
classpath:examples/features/feature1.feature:26
classpath:examples/features/feature1.feature:27
classpath:examples/features/feature1.feature:29
classpath:examples/features/feature1.feature:35
classpath:examples/features/feature1.feature:36
classpath:examples/features/feature1.feature:37
classpath:examples/features/feature1.feature:39
classpath:examples/features/feature1.feature:40
classpath:examples/features/feature1.feature:42
</div>   

  

</div>
</div>
          <div><div>
  

  

  <div class="step-row">
    <div class="step-container" id="0.43">
      <div class="step-ref failed">43</div>
      
      <div class="step-cell failed">
        <span>And</span>&nbsp;<span>header Authorization = &#39;Bearer &#39;+accessToken</span>
      </div>
    </div>
    <div class="time-cell failed">0</div>
  </div>

   
  
  

  

  <div class="preformatted" data-parent="0.43">17:44:27.170 classpath:examples/features/feature1.feature:43
And header Authorization = &#39;Bearer &#39;+accessToken
&gt;&gt; classpath:examples/features/feature1.feature:16
&gt;&gt; karate-config.js failed
&gt;&gt; http call failed after 633 milliseconds for url: https://restful-booker.herokuapp.com/auth
javax.net.ssl.SSLHandshakeException: PKIX path building failed: sun.security.provider.certpath.SunCertPathBuilderException: unable to find valid certification path to requested target
classpath:examples/features/tockenGeneration1.feature:16
js failed:
&gt;&gt;&gt;&gt;
01: function fn() {    
02:   var env = karate.env; // get system property &#39;karate.env&#39;
03:   var myToken = karate.callonce(&#39;classpath:examples/features/tockenGeneration1.feature&#39;);
04:   karate.log(&#39;karate.env system property was:&#39;, env);
05:   if (!env) {
06:     env = &#39;QA&#39;;
07:   }
08: 
09:   var config = {
10:     env: env,
11: 	myVarName: &#39;someValue&#39;,
12: 
13:         getToken:myToken,
14:     	BaseURL: &#39;https://dtaccpqamgmt.azure-api.net&#39;,
15:     	BaseURI:&#39;https://gorest.co.in&#39;,
16:     	accessToken:&#39;081a3da7d0c5c7962c38851f5671863190194dceb1095d24d9b040c5081f78dc&#39;,
17:     	client_idV:&#39;fa54abbf-c88d-4d72-a586-6b8ef229a589&#39;,
18:     	scopeV: &#39;https://truckonnect.onmicrosoft.com/55f698e1-251e-4aa9-87e4-3025351dc8f7/user_impersonation User.Read openid profile offline_access&#39;,
19:     	client_secretV:&#39;w1p8Q~6cDlfh2NclFd5SJ6g.vxU8YybDB03bmaI_&#39;,
20:     	grant_typeV: &#39;password&#39;,
21:     	usernameV:&#39;pkotres.fusoqa@qa.truckonnect.jp&#39;,
22:     	passwordV:&#39;Lower@20!&#39;,
23:   }
24:   if (env == &#39;QA&#39;) {
25:     // customize
26:     // e.g. config.foo = &#39;bar&#39;;
27:   } else if (env == &#39;e2e&#39;) {
28:     // customize
29:   }
30:   return config;
31: }
&lt;&lt;&lt;&lt;
org.graalvm.polyglot.PolyglotException: http call failed after 633 milliseconds for url: https://restful-booker.herokuapp.com/auth
javax.net.ssl.SSLHandshakeException: PKIX path building failed: sun.security.provider.certpath.SunCertPathBuilderException: unable to find valid certification path to requested target
classpath:examples/features/tockenGeneration1.feature:16
- com.intuit.karate.core.FeatureResult.getErrorMessagesCombined(FeatureResult.java:215)
- com.intuit.karate.core.ScenarioEngine.callFeature(ScenarioEngine.java:1955)
- com.intuit.karate.core.ScenarioEngine.call(ScenarioEngine.java:1857)
- com.intuit.karate.core.ScenarioEngine.callOnce(ScenarioEngine.java:1932)
- com.intuit.karate.core.ScenarioEngine.call(ScenarioEngine.java:1870)
- com.intuit.karate.core.ScenarioBridge.callonce(ScenarioBridge.java:268)
- com.intuit.karate.core.ScenarioBridge.callonce(ScenarioBridge.java:263)

classpath:examples/features/feature1.feature:4
classpath:examples/features/feature1.feature:17
classpath:examples/features/feature1.feature:18
classpath:examples/features/feature1.feature:19
classpath:examples/features/feature1.feature:20
classpath:examples/features/feature1.feature:21
classpath:examples/features/feature1.feature:22
classpath:examples/features/feature1.feature:24
classpath:examples/features/feature1.feature:25
classpath:examples/features/feature1.feature:26
classpath:examples/features/feature1.feature:27
classpath:examples/features/feature1.feature:29
classpath:examples/features/feature1.feature:35
classpath:examples/features/feature1.feature:36
classpath:examples/features/feature1.feature:37
classpath:examples/features/feature1.feature:39
classpath:examples/features/feature1.feature:40
classpath:examples/features/feature1.feature:42
classpath:examples/features/feature1.feature:43
</div>   

  

</div>
</div>
          <div><div>
  

  

  <div class="step-row">
    <div class="step-container" id="0.44">
      <div class="step-ref failed">44</div>
      
      <div class="step-cell failed">
        <span>When</span>&nbsp;<span>method Delete</span>
      </div>
    </div>
    <div class="time-cell failed">0</div>
  </div>

   
  
  

  

  <div class="preformatted" data-parent="0.44">17:44:27.170 classpath:examples/features/feature1.feature:44
When method Delete
&gt;&gt; classpath:examples/features/feature1.feature:16
&gt;&gt; karate-config.js failed
&gt;&gt; http call failed after 633 milliseconds for url: https://restful-booker.herokuapp.com/auth
javax.net.ssl.SSLHandshakeException: PKIX path building failed: sun.security.provider.certpath.SunCertPathBuilderException: unable to find valid certification path to requested target
classpath:examples/features/tockenGeneration1.feature:16
js failed:
&gt;&gt;&gt;&gt;
01: function fn() {    
02:   var env = karate.env; // get system property &#39;karate.env&#39;
03:   var myToken = karate.callonce(&#39;classpath:examples/features/tockenGeneration1.feature&#39;);
04:   karate.log(&#39;karate.env system property was:&#39;, env);
05:   if (!env) {
06:     env = &#39;QA&#39;;
07:   }
08: 
09:   var config = {
10:     env: env,
11: 	myVarName: &#39;someValue&#39;,
12: 
13:         getToken:myToken,
14:     	BaseURL: &#39;https://dtaccpqamgmt.azure-api.net&#39;,
15:     	BaseURI:&#39;https://gorest.co.in&#39;,
16:     	accessToken:&#39;081a3da7d0c5c7962c38851f5671863190194dceb1095d24d9b040c5081f78dc&#39;,
17:     	client_idV:&#39;fa54abbf-c88d-4d72-a586-6b8ef229a589&#39;,
18:     	scopeV: &#39;https://truckonnect.onmicrosoft.com/55f698e1-251e-4aa9-87e4-3025351dc8f7/user_impersonation User.Read openid profile offline_access&#39;,
19:     	client_secretV:&#39;w1p8Q~6cDlfh2NclFd5SJ6g.vxU8YybDB03bmaI_&#39;,
20:     	grant_typeV: &#39;password&#39;,
21:     	usernameV:&#39;pkotres.fusoqa@qa.truckonnect.jp&#39;,
22:     	passwordV:&#39;Lower@20!&#39;,
23:   }
24:   if (env == &#39;QA&#39;) {
25:     // customize
26:     // e.g. config.foo = &#39;bar&#39;;
27:   } else if (env == &#39;e2e&#39;) {
28:     // customize
29:   }
30:   return config;
31: }
&lt;&lt;&lt;&lt;
org.graalvm.polyglot.PolyglotException: http call failed after 633 milliseconds for url: https://restful-booker.herokuapp.com/auth
javax.net.ssl.SSLHandshakeException: PKIX path building failed: sun.security.provider.certpath.SunCertPathBuilderException: unable to find valid certification path to requested target
classpath:examples/features/tockenGeneration1.feature:16
- com.intuit.karate.core.FeatureResult.getErrorMessagesCombined(FeatureResult.java:215)
- com.intuit.karate.core.ScenarioEngine.callFeature(ScenarioEngine.java:1955)
- com.intuit.karate.core.ScenarioEngine.call(ScenarioEngine.java:1857)
- com.intuit.karate.core.ScenarioEngine.callOnce(ScenarioEngine.java:1932)
- com.intuit.karate.core.ScenarioEngine.call(ScenarioEngine.java:1870)
- com.intuit.karate.core.ScenarioBridge.callonce(ScenarioBridge.java:268)
- com.intuit.karate.core.ScenarioBridge.callonce(ScenarioBridge.java:263)

classpath:examples/features/feature1.feature:4
classpath:examples/features/feature1.feature:17
classpath:examples/features/feature1.feature:18
classpath:examples/features/feature1.feature:19
classpath:examples/features/feature1.feature:20
classpath:examples/features/feature1.feature:21
classpath:examples/features/feature1.feature:22
classpath:examples/features/feature1.feature:24
classpath:examples/features/feature1.feature:25
classpath:examples/features/feature1.feature:26
classpath:examples/features/feature1.feature:27
classpath:examples/features/feature1.feature:29
classpath:examples/features/feature1.feature:35
classpath:examples/features/feature1.feature:36
classpath:examples/features/feature1.feature:37
classpath:examples/features/feature1.feature:39
classpath:examples/features/feature1.feature:40
classpath:examples/features/feature1.feature:42
classpath:examples/features/feature1.feature:43
classpath:examples/features/feature1.feature:44
</div>   

  

</div>
</div>
          <div><div>
  

  

  <div class="step-row">
    <div class="step-container" id="0.45">
      <div class="step-ref failed">45</div>
      
      <div class="step-cell failed">
        <span>And</span>&nbsp;<span>status 204</span>
      </div>
    </div>
    <div class="time-cell failed">0</div>
  </div>

   
  
  

  

  <div class="preformatted" data-parent="0.45">17:44:27.170 classpath:examples/features/feature1.feature:45
And status 204
&gt;&gt; classpath:examples/features/feature1.feature:16
&gt;&gt; karate-config.js failed
&gt;&gt; http call failed after 633 milliseconds for url: https://restful-booker.herokuapp.com/auth
javax.net.ssl.SSLHandshakeException: PKIX path building failed: sun.security.provider.certpath.SunCertPathBuilderException: unable to find valid certification path to requested target
classpath:examples/features/tockenGeneration1.feature:16
js failed:
&gt;&gt;&gt;&gt;
01: function fn() {    
02:   var env = karate.env; // get system property &#39;karate.env&#39;
03:   var myToken = karate.callonce(&#39;classpath:examples/features/tockenGeneration1.feature&#39;);
04:   karate.log(&#39;karate.env system property was:&#39;, env);
05:   if (!env) {
06:     env = &#39;QA&#39;;
07:   }
08: 
09:   var config = {
10:     env: env,
11: 	myVarName: &#39;someValue&#39;,
12: 
13:         getToken:myToken,
14:     	BaseURL: &#39;https://dtaccpqamgmt.azure-api.net&#39;,
15:     	BaseURI:&#39;https://gorest.co.in&#39;,
16:     	accessToken:&#39;081a3da7d0c5c7962c38851f5671863190194dceb1095d24d9b040c5081f78dc&#39;,
17:     	client_idV:&#39;fa54abbf-c88d-4d72-a586-6b8ef229a589&#39;,
18:     	scopeV: &#39;https://truckonnect.onmicrosoft.com/55f698e1-251e-4aa9-87e4-3025351dc8f7/user_impersonation User.Read openid profile offline_access&#39;,
19:     	client_secretV:&#39;w1p8Q~6cDlfh2NclFd5SJ6g.vxU8YybDB03bmaI_&#39;,
20:     	grant_typeV: &#39;password&#39;,
21:     	usernameV:&#39;pkotres.fusoqa@qa.truckonnect.jp&#39;,
22:     	passwordV:&#39;Lower@20!&#39;,
23:   }
24:   if (env == &#39;QA&#39;) {
25:     // customize
26:     // e.g. config.foo = &#39;bar&#39;;
27:   } else if (env == &#39;e2e&#39;) {
28:     // customize
29:   }
30:   return config;
31: }
&lt;&lt;&lt;&lt;
org.graalvm.polyglot.PolyglotException: http call failed after 633 milliseconds for url: https://restful-booker.herokuapp.com/auth
javax.net.ssl.SSLHandshakeException: PKIX path building failed: sun.security.provider.certpath.SunCertPathBuilderException: unable to find valid certification path to requested target
classpath:examples/features/tockenGeneration1.feature:16
- com.intuit.karate.core.FeatureResult.getErrorMessagesCombined(FeatureResult.java:215)
- com.intuit.karate.core.ScenarioEngine.callFeature(ScenarioEngine.java:1955)
- com.intuit.karate.core.ScenarioEngine.call(ScenarioEngine.java:1857)
- com.intuit.karate.core.ScenarioEngine.callOnce(ScenarioEngine.java:1932)
- com.intuit.karate.core.ScenarioEngine.call(ScenarioEngine.java:1870)
- com.intuit.karate.core.ScenarioBridge.callonce(ScenarioBridge.java:268)
- com.intuit.karate.core.ScenarioBridge.callonce(ScenarioBridge.java:263)

classpath:examples/features/feature1.feature:4
classpath:examples/features/feature1.feature:17
classpath:examples/features/feature1.feature:18
classpath:examples/features/feature1.feature:19
classpath:examples/features/feature1.feature:20
classpath:examples/features/feature1.feature:21
classpath:examples/features/feature1.feature:22
classpath:examples/features/feature1.feature:24
classpath:examples/features/feature1.feature:25
classpath:examples/features/feature1.feature:26
classpath:examples/features/feature1.feature:27
classpath:examples/features/feature1.feature:29
classpath:examples/features/feature1.feature:35
classpath:examples/features/feature1.feature:36
classpath:examples/features/feature1.feature:37
classpath:examples/features/feature1.feature:39
classpath:examples/features/feature1.feature:40
classpath:examples/features/feature1.feature:42
classpath:examples/features/feature1.feature:43
classpath:examples/features/feature1.feature:44
classpath:examples/features/feature1.feature:45
</div>   

  

</div>
</div>
        </div>
      </div>
    </div>
  </body>
</html>

